PLINK v1.9.0-b.7.11 64-bit (19 Aug 2025)
Options in effect:
  --all-pheno
  --allow-no-sex
  --bfile /home/jihwanlee/Publish/5q15_immune_dieases/../GenotypeData/GW.E-GEUV-3.EUR.MAF005.HWE1e-06
  --covar /home/jihwanlee/Publish/5q15_immune_dieases/result/01_pca/covar_pca10.tsv
  --covar-name C1 C2 C3 C4 C5 C6 C7 C8 C9 C10
  --extract /home/jihwanlee/Publish/5q15_immune_dieases/result/06_transcis_scan/rsids/LNPEP_union_proxy0.8_cred_top20.rsids.txt
  --linear hide-covar
  --out /home/jihwanlee/Publish/5q15_immune_dieases/result/06_transcis_scan/LNPEP/assoc_by_chr/LNPEP_cand_chr4
  --pheno /home/jihwanlee/Publish/5q15_immune_dieases/../PhenotypeData/chr4_GD462.signalGeneQuantRPKM_plink.txt

Hostname: DESKTOP-KIL3KVO
Working directory: /home/jihwanlee/Publish/5q15_immune_dieases
Start time: Sat Dec 27 01:36:23 2025

Random number seed: 1766766983
11800 MB RAM detected; reserving 5900 MB for main workspace.
5913563 variants loaded from .bim file.
376 people (0 males, 0 females, 376 ambiguous) loaded from .fam.
Ambiguous sex IDs written to
/home/jihwanlee/Publish/5q15_immune_dieases/result/06_transcis_scan/LNPEP/assoc_by_chr/LNPEP_cand_chr4.nosex
.
373 phenotype values present after --pheno.
--extract: 20 variants remaining.
Using 1 thread (no multithreaded calculations invoked).
--covar: 10 covariates loaded.
Before main variant filters, 376 founders and 0 nonfounders present.
Calculating allele frequencies... done.
Total genotyping rate is exactly 1.
20 variants and 376 people pass filters and QC.
Phenotype data is quantitative.
373 phenotype values present after --pheno.
Writing linear model association results to
/home/jihwanlee/Publish/5q15_immune_dieases/result/06_transcis_scan/LNPEP/assoc_by_chr/LNPEP_cand_chr4.SCFD2.assoc.linear
... done.
373 phenotype values present after --pheno.
Writing linear model association results to
/home/jihwanlee/Publish/5q15_immune_dieases/result/06_transcis_scan/LNPEP/assoc_by_chr/LNPEP_cand_chr4.AGA.assoc.linear
... done.
373 phenotype values present after --pheno.
Writing linear model association results to
/home/jihwanlee/Publish/5q15_immune_dieases/result/06_transcis_scan/LNPEP/assoc_by_chr/LNPEP_cand_chr4.CPZ.assoc.linear
... done.
373 phenotype values present after --pheno.
Writing linear model association results to
/home/jihwanlee/Publish/5q15_immune_dieases/result/06_transcis_scan/LNPEP/assoc_by_chr/LNPEP_cand_chr4.FAM190A.assoc.linear
... done.
373 phenotype values present after --pheno.
Writing linear model association results to
/home/jihwanlee/Publish/5q15_immune_dieases/result/06_transcis_scan/LNPEP/assoc_by_chr/LNPEP_cand_chr4.CCDC149.assoc.linear
... done.
373 phenotype values present after --pheno.
Writing linear model association results to
/home/jihwanlee/Publish/5q15_immune_dieases/result/06_transcis_scan/LNPEP/assoc_by_chr/LNPEP_cand_chr4.COMMD8.assoc.linear
... done.
373 phenotype values present after --pheno.
Writing linear model association results to
/home/jihwanlee/Publish/5q15_immune_dieases/result/06_transcis_scan/LNPEP/assoc_by_chr/LNPEP_cand_chr4.BDH2.assoc.linear
... done.
373 phenotype values present after --pheno.
Writing linear model association results to
/home/jihwanlee/Publish/5q15_immune_dieases/result/06_transcis_scan/LNPEP/assoc_by_chr/LNPEP_cand_chr4.APBB2.assoc.linear
... done.
373 phenotype values present after --pheno.
Writing linear model association results to
/home/jihwanlee/Publish/5q15_immune_dieases/result/06_transcis_scan/LNPEP/assoc_by_chr/LNPEP_cand_chr4.FAM114A1.assoc.linear
... done.
373 phenotype values present after --pheno.
Writing linear model association results to
/home/jihwanlee/Publish/5q15_immune_dieases/result/06_transcis_scan/LNPEP/assoc_by_chr/LNPEP_cand_chr4.METTL14.assoc.linear
... done.
373 phenotype values present after --pheno.
Writing linear model association results to
/home/jihwanlee/Publish/5q15_immune_dieases/result/06_transcis_scan/LNPEP/assoc_by_chr/LNPEP_cand_chr4.WDR1.assoc.linear
... done.
373 phenotype values present after --pheno.
Writing linear model association results to
/home/jihwanlee/Publish/5q15_immune_dieases/result/06_transcis_scan/LNPEP/assoc_by_chr/LNPEP_cand_chr4.LARP7.assoc.linear
... done.
373 phenotype values present after --pheno.
Writing linear model association results to
/home/jihwanlee/Publish/5q15_immune_dieases/result/06_transcis_scan/LNPEP/assoc_by_chr/LNPEP_cand_chr4.CAMK2D.assoc.linear
... done.
373 phenotype values present after --pheno.
Writing linear model association results to
/home/jihwanlee/Publish/5q15_immune_dieases/result/06_transcis_scan/LNPEP/assoc_by_chr/LNPEP_cand_chr4.PPP2R2C.assoc.linear
... done.
373 phenotype values present after --pheno.
Writing linear model association results to
/home/jihwanlee/Publish/5q15_immune_dieases/result/06_transcis_scan/LNPEP/assoc_by_chr/LNPEP_cand_chr4.ABLIM2.assoc.linear
... done.
373 phenotype values present after --pheno.
Writing linear model association results to
/home/jihwanlee/Publish/5q15_immune_dieases/result/06_transcis_scan/LNPEP/assoc_by_chr/LNPEP_cand_chr4.TMEM184C.assoc.linear
... done.
373 phenotype values present after --pheno.
Writing linear model association results to
/home/jihwanlee/Publish/5q15_immune_dieases/result/06_transcis_scan/LNPEP/assoc_by_chr/LNPEP_cand_chr4.HNRPDL.assoc.linear
... done.
373 phenotype values present after --pheno.
Writing linear model association results to
/home/jihwanlee/Publish/5q15_immune_dieases/result/06_transcis_scan/LNPEP/assoc_by_chr/LNPEP_cand_chr4.WHSC1.assoc.linear
... done.
373 phenotype values present after --pheno.
Writing linear model association results to
/home/jihwanlee/Publish/5q15_immune_dieases/result/06_transcis_scan/LNPEP/assoc_by_chr/LNPEP_cand_chr4.WHSC2.assoc.linear
... done.
373 phenotype values present after --pheno.
Writing linear model association results to
/home/jihwanlee/Publish/5q15_immune_dieases/result/06_transcis_scan/LNPEP/assoc_by_chr/LNPEP_cand_chr4.ARHGAP10.assoc.linear
... done.
373 phenotype values present after --pheno.
Writing linear model association results to
/home/jihwanlee/Publish/5q15_immune_dieases/result/06_transcis_scan/LNPEP/assoc_by_chr/LNPEP_cand_chr4.CTBP1.assoc.linear
... done.
373 phenotype values present after --pheno.
Writing linear model association results to
/home/jihwanlee/Publish/5q15_immune_dieases/result/06_transcis_scan/LNPEP/assoc_by_chr/LNPEP_cand_chr4.HHIP.assoc.linear
... done.
373 phenotype values present after --pheno.
Writing linear model association results to
/home/jihwanlee/Publish/5q15_immune_dieases/result/06_transcis_scan/LNPEP/assoc_by_chr/LNPEP_cand_chr4.HSD17B11.assoc.linear
... done.
373 phenotype values present after --pheno.
Writing linear model association results to
/home/jihwanlee/Publish/5q15_immune_dieases/result/06_transcis_scan/LNPEP/assoc_by_chr/LNPEP_cand_chr4.LRIT3.assoc.linear
... done.
373 phenotype values present after --pheno.
Writing linear model association results to
/home/jihwanlee/Publish/5q15_immune_dieases/result/06_transcis_scan/LNPEP/assoc_by_chr/LNPEP_cand_chr4.PDS5A.assoc.linear
... done.
373 phenotype values present after --pheno.
Writing linear model association results to
/home/jihwanlee/Publish/5q15_immune_dieases/result/06_transcis_scan/LNPEP/assoc_by_chr/LNPEP_cand_chr4.UBE2D3.assoc.linear
... done.
373 phenotype values present after --pheno.
Writing linear model association results to
/home/jihwanlee/Publish/5q15_immune_dieases/result/06_transcis_scan/LNPEP/assoc_by_chr/LNPEP_cand_chr4.MFSD10.assoc.linear
... done.
373 phenotype values present after --pheno.
Writing linear model association results to
/home/jihwanlee/Publish/5q15_immune_dieases/result/06_transcis_scan/LNPEP/assoc_by_chr/LNPEP_cand_chr4.EDNRA.assoc.linear
... done.
373 phenotype values present after --pheno.
Writing linear model association results to
/home/jihwanlee/Publish/5q15_immune_dieases/result/06_transcis_scan/LNPEP/assoc_by_chr/LNPEP_cand_chr4.CYP2U1.assoc.linear
... done.
373 phenotype values present after --pheno.
Writing linear model association results to
/home/jihwanlee/Publish/5q15_immune_dieases/result/06_transcis_scan/LNPEP/assoc_by_chr/LNPEP_cand_chr4.UFSP2.assoc.linear
... done.
373 phenotype values present after --pheno.
Writing linear model association results to
/home/jihwanlee/Publish/5q15_immune_dieases/result/06_transcis_scan/LNPEP/assoc_by_chr/LNPEP_cand_chr4.CHIC2.assoc.linear
... done.
373 phenotype values present after --pheno.
Writing linear model association results to
/home/jihwanlee/Publish/5q15_immune_dieases/result/06_transcis_scan/LNPEP/assoc_by_chr/LNPEP_cand_chr4.GSX2.assoc.linear
... done.
373 phenotype values present after --pheno.
Writing linear model association results to
/home/jihwanlee/Publish/5q15_immune_dieases/result/06_transcis_scan/LNPEP/assoc_by_chr/LNPEP_cand_chr4.TADA2B.assoc.linear
... done.
373 phenotype values present after --pheno.
Writing linear model association results to
/home/jihwanlee/Publish/5q15_immune_dieases/result/06_transcis_scan/LNPEP/assoc_by_chr/LNPEP_cand_chr4.MRFAP1L1.assoc.linear
... done.
373 phenotype values present after --pheno.
Writing linear model association results to
/home/jihwanlee/Publish/5q15_immune_dieases/result/06_transcis_scan/LNPEP/assoc_by_chr/LNPEP_cand_chr4.PAICS.assoc.linear
... done.
373 phenotype values present after --pheno.
Writing linear model association results to
/home/jihwanlee/Publish/5q15_immune_dieases/result/06_transcis_scan/LNPEP/assoc_by_chr/LNPEP_cand_chr4.C4orf47.assoc.linear
... done.
373 phenotype values present after --pheno.
Writing linear model association results to
/home/jihwanlee/Publish/5q15_immune_dieases/result/06_transcis_scan/LNPEP/assoc_by_chr/LNPEP_cand_chr4.GAR1.assoc.linear
... done.
373 phenotype values present after --pheno.
Writing linear model association results to
/home/jihwanlee/Publish/5q15_immune_dieases/result/06_transcis_scan/LNPEP/assoc_by_chr/LNPEP_cand_chr4.ALPK1.assoc.linear
... done.
373 phenotype values present after --pheno.
Writing linear model association results to
/home/jihwanlee/Publish/5q15_immune_dieases/result/06_transcis_scan/LNPEP/assoc_by_chr/LNPEP_cand_chr4.PDLIM5.assoc.linear
... done.
373 phenotype values present after --pheno.
Writing linear model association results to
/home/jihwanlee/Publish/5q15_immune_dieases/result/06_transcis_scan/LNPEP/assoc_by_chr/LNPEP_cand_chr4.TMEM129.assoc.linear
... done.
373 phenotype values present after --pheno.
Writing linear model association results to
/home/jihwanlee/Publish/5q15_immune_dieases/result/06_transcis_scan/LNPEP/assoc_by_chr/LNPEP_cand_chr4.TMEM128.assoc.linear
... done.
373 phenotype values present after --pheno.
Writing linear model association results to
/home/jihwanlee/Publish/5q15_immune_dieases/result/06_transcis_scan/LNPEP/assoc_by_chr/LNPEP_cand_chr4.SLC39A8.assoc.linear
... done.
373 phenotype values present after --pheno.
Writing linear model association results to
/home/jihwanlee/Publish/5q15_immune_dieases/result/06_transcis_scan/LNPEP/assoc_by_chr/LNPEP_cand_chr4.NUDT6.assoc.linear
... done.
373 phenotype values present after --pheno.
Writing linear model association results to
/home/jihwanlee/Publish/5q15_immune_dieases/result/06_transcis_scan/LNPEP/assoc_by_chr/LNPEP_cand_chr4.RAP1GDS1.assoc.linear
... done.
373 phenotype values present after --pheno.
Writing linear model association results to
/home/jihwanlee/Publish/5q15_immune_dieases/result/06_transcis_scan/LNPEP/assoc_by_chr/LNPEP_cand_chr4.ANAPC4.assoc.linear
... done.
373 phenotype values present after --pheno.
Writing linear model association results to
/home/jihwanlee/Publish/5q15_immune_dieases/result/06_transcis_scan/LNPEP/assoc_by_chr/LNPEP_cand_chr4.ING2.assoc.linear
... done.
373 phenotype values present after --pheno.
Writing linear model association results to
/home/jihwanlee/Publish/5q15_immune_dieases/result/06_transcis_scan/LNPEP/assoc_by_chr/LNPEP_cand_chr4.PDE6B.assoc.linear
... done.
373 phenotype values present after --pheno.
Writing linear model association results to
/home/jihwanlee/Publish/5q15_immune_dieases/result/06_transcis_scan/LNPEP/assoc_by_chr/LNPEP_cand_chr4.TMEM192.assoc.linear
... done.
373 phenotype values present after --pheno.
Writing linear model association results to
/home/jihwanlee/Publish/5q15_immune_dieases/result/06_transcis_scan/LNPEP/assoc_by_chr/LNPEP_cand_chr4.WDFY3.assoc.linear
... done.
373 phenotype values present after --pheno.
Writing linear model association results to
/home/jihwanlee/Publish/5q15_immune_dieases/result/06_transcis_scan/LNPEP/assoc_by_chr/LNPEP_cand_chr4.IL8.assoc.linear
... done.
373 phenotype values present after --pheno.
Writing linear model association results to
/home/jihwanlee/Publish/5q15_immune_dieases/result/06_transcis_scan/LNPEP/assoc_by_chr/LNPEP_cand_chr4.PRDM8.assoc.linear
... done.
373 phenotype values present after --pheno.
Writing linear model association results to
/home/jihwanlee/Publish/5q15_immune_dieases/result/06_transcis_scan/LNPEP/assoc_by_chr/LNPEP_cand_chr4.LRPAP1.assoc.linear
... done.
373 phenotype values present after --pheno.
Writing linear model association results to
/home/jihwanlee/Publish/5q15_immune_dieases/result/06_transcis_scan/LNPEP/assoc_by_chr/LNPEP_cand_chr4.OTUD4.assoc.linear
... done.
373 phenotype values present after --pheno.
Writing linear model association results to
/home/jihwanlee/Publish/5q15_immune_dieases/result/06_transcis_scan/LNPEP/assoc_by_chr/LNPEP_cand_chr4.LETM1.assoc.linear
... done.
373 phenotype values present after --pheno.
Writing linear model association results to
/home/jihwanlee/Publish/5q15_immune_dieases/result/06_transcis_scan/LNPEP/assoc_by_chr/LNPEP_cand_chr4.SMAD1.assoc.linear
... done.
373 phenotype values present after --pheno.
Writing linear model association results to
/home/jihwanlee/Publish/5q15_immune_dieases/result/06_transcis_scan/LNPEP/assoc_by_chr/LNPEP_cand_chr4.SLC4A4.assoc.linear
... done.
373 phenotype values present after --pheno.
Writing linear model association results to
/home/jihwanlee/Publish/5q15_immune_dieases/result/06_transcis_scan/LNPEP/assoc_by_chr/LNPEP_cand_chr4.ANKRD37.assoc.linear
... done.
373 phenotype values present after --pheno.
Writing linear model association results to
/home/jihwanlee/Publish/5q15_immune_dieases/result/06_transcis_scan/LNPEP/assoc_by_chr/LNPEP_cand_chr4.STBD1.assoc.linear
... done.
373 phenotype values present after --pheno.
Writing linear model association results to
/home/jihwanlee/Publish/5q15_immune_dieases/result/06_transcis_scan/LNPEP/assoc_by_chr/LNPEP_cand_chr4.POLN.assoc.linear
... done.
373 phenotype values present after --pheno.
Writing linear model association results to
/home/jihwanlee/Publish/5q15_immune_dieases/result/06_transcis_scan/LNPEP/assoc_by_chr/LNPEP_cand_chr4.AP1AR.assoc.linear
... done.
373 phenotype values present after --pheno.
Writing linear model association results to
/home/jihwanlee/Publish/5q15_immune_dieases/result/06_transcis_scan/LNPEP/assoc_by_chr/LNPEP_cand_chr4.HTRA3.assoc.linear
... done.
373 phenotype values present after --pheno.
Writing linear model association results to
/home/jihwanlee/Publish/5q15_immune_dieases/result/06_transcis_scan/LNPEP/assoc_by_chr/LNPEP_cand_chr4.SCLT1.assoc.linear
... done.
373 phenotype values present after --pheno.
Writing linear model association results to
/home/jihwanlee/Publish/5q15_immune_dieases/result/06_transcis_scan/LNPEP/assoc_by_chr/LNPEP_cand_chr4.PLRG1.assoc.linear
... done.
373 phenotype values present after --pheno.
Writing linear model association results to
/home/jihwanlee/Publish/5q15_immune_dieases/result/06_transcis_scan/LNPEP/assoc_by_chr/LNPEP_cand_chr4.FGF2.assoc.linear
... done.
373 phenotype values present after --pheno.
Writing linear model association results to
/home/jihwanlee/Publish/5q15_immune_dieases/result/06_transcis_scan/LNPEP/assoc_by_chr/LNPEP_cand_chr4.ENOPH1.assoc.linear
... done.
373 phenotype values present after --pheno.
Writing linear model association results to
/home/jihwanlee/Publish/5q15_immune_dieases/result/06_transcis_scan/LNPEP/assoc_by_chr/LNPEP_cand_chr4.LEF1.assoc.linear
... done.
373 phenotype values present after --pheno.
Writing linear model association results to
/home/jihwanlee/Publish/5q15_immune_dieases/result/06_transcis_scan/LNPEP/assoc_by_chr/LNPEP_cand_chr4.TBCK.assoc.linear
... done.
373 phenotype values present after --pheno.
Writing linear model association results to
/home/jihwanlee/Publish/5q15_immune_dieases/result/06_transcis_scan/LNPEP/assoc_by_chr/LNPEP_cand_chr4.RAB33B.assoc.linear
... done.
373 phenotype values present after --pheno.
Writing linear model association results to
/home/jihwanlee/Publish/5q15_immune_dieases/result/06_transcis_scan/LNPEP/assoc_by_chr/LNPEP_cand_chr4.ZFYVE28.assoc.linear
... done.
373 phenotype values present after --pheno.
Writing linear model association results to
/home/jihwanlee/Publish/5q15_immune_dieases/result/06_transcis_scan/LNPEP/assoc_by_chr/LNPEP_cand_chr4.ALB.assoc.linear
... done.
373 phenotype values present after --pheno.
Writing linear model association results to
/home/jihwanlee/Publish/5q15_immune_dieases/result/06_transcis_scan/LNPEP/assoc_by_chr/LNPEP_cand_chr4.RELL1.assoc.linear
... done.
373 phenotype values present after --pheno.
Writing linear model association results to
/home/jihwanlee/Publish/5q15_immune_dieases/result/06_transcis_scan/LNPEP/assoc_by_chr/LNPEP_cand_chr4.CCDC110.assoc.linear
... done.
373 phenotype values present after --pheno.
Writing linear model association results to
/home/jihwanlee/Publish/5q15_immune_dieases/result/06_transcis_scan/LNPEP/assoc_by_chr/LNPEP_cand_chr4.CCDC111.assoc.linear
... done.
373 phenotype values present after --pheno.
Writing linear model association results to
/home/jihwanlee/Publish/5q15_immune_dieases/result/06_transcis_scan/LNPEP/assoc_by_chr/LNPEP_cand_chr4.NPNT.assoc.linear
... done.
373 phenotype values present after --pheno.
Writing linear model association results to
/home/jihwanlee/Publish/5q15_immune_dieases/result/06_transcis_scan/LNPEP/assoc_by_chr/LNPEP_cand_chr4.SPP1.assoc.linear
... done.
373 phenotype values present after --pheno.
Writing linear model association results to
/home/jihwanlee/Publish/5q15_immune_dieases/result/06_transcis_scan/LNPEP/assoc_by_chr/LNPEP_cand_chr4.C4orf46.assoc.linear
... done.
373 phenotype values present after --pheno.
Writing linear model association results to
/home/jihwanlee/Publish/5q15_immune_dieases/result/06_transcis_scan/LNPEP/assoc_by_chr/LNPEP_cand_chr4.C4orf49.assoc.linear
... done.
373 phenotype values present after --pheno.
Writing linear model association results to
/home/jihwanlee/Publish/5q15_immune_dieases/result/06_transcis_scan/LNPEP/assoc_by_chr/LNPEP_cand_chr4.C4orf48.assoc.linear
... done.
373 phenotype values present after --pheno.
Writing linear model association results to
/home/jihwanlee/Publish/5q15_immune_dieases/result/06_transcis_scan/LNPEP/assoc_by_chr/LNPEP_cand_chr4.SPCS3.assoc.linear
... done.
373 phenotype values present after --pheno.
Writing linear model association results to
/home/jihwanlee/Publish/5q15_immune_dieases/result/06_transcis_scan/LNPEP/assoc_by_chr/LNPEP_cand_chr4.LARP1B.assoc.linear
... done.
373 phenotype values present after --pheno.
Writing linear model association results to
/home/jihwanlee/Publish/5q15_immune_dieases/result/06_transcis_scan/LNPEP/assoc_by_chr/LNPEP_cand_chr4.HMGB2.assoc.linear
... done.
373 phenotype values present after --pheno.
Writing linear model association results to
/home/jihwanlee/Publish/5q15_immune_dieases/result/06_transcis_scan/LNPEP/assoc_by_chr/LNPEP_cand_chr4.CPEB2.assoc.linear
... done.
373 phenotype values present after --pheno.
Writing linear model association results to
/home/jihwanlee/Publish/5q15_immune_dieases/result/06_transcis_scan/LNPEP/assoc_by_chr/LNPEP_cand_chr4.SGMS2.assoc.linear
... done.
373 phenotype values present after --pheno.
Writing linear model association results to
/home/jihwanlee/Publish/5q15_immune_dieases/result/06_transcis_scan/LNPEP/assoc_by_chr/LNPEP_cand_chr4.AFAP1.assoc.linear
... done.
373 phenotype values present after --pheno.
Writing linear model association results to
/home/jihwanlee/Publish/5q15_immune_dieases/result/06_transcis_scan/LNPEP/assoc_by_chr/LNPEP_cand_chr4.FRG1.assoc.linear
... done.
373 phenotype values present after --pheno.
Writing linear model association results to
/home/jihwanlee/Publish/5q15_immune_dieases/result/06_transcis_scan/LNPEP/assoc_by_chr/LNPEP_cand_chr4.CCNA2.assoc.linear
... done.
373 phenotype values present after --pheno.
Writing linear model association results to
/home/jihwanlee/Publish/5q15_immune_dieases/result/06_transcis_scan/LNPEP/assoc_by_chr/LNPEP_cand_chr4.GPR125.assoc.linear
... done.
373 phenotype values present after --pheno.
Writing linear model association results to
/home/jihwanlee/Publish/5q15_immune_dieases/result/06_transcis_scan/LNPEP/assoc_by_chr/LNPEP_cand_chr4.KLF3.assoc.linear
... done.
373 phenotype values present after --pheno.
Writing linear model association results to
/home/jihwanlee/Publish/5q15_immune_dieases/result/06_transcis_scan/LNPEP/assoc_by_chr/LNPEP_cand_chr4.FIP1L1.assoc.linear
... done.
373 phenotype values present after --pheno.
Writing linear model association results to
/home/jihwanlee/Publish/5q15_immune_dieases/result/06_transcis_scan/LNPEP/assoc_by_chr/LNPEP_cand_chr4.AASDH.assoc.linear
... done.
373 phenotype values present after --pheno.
Writing linear model association results to
/home/jihwanlee/Publish/5q15_immune_dieases/result/06_transcis_scan/LNPEP/assoc_by_chr/LNPEP_cand_chr4.N4BP2.assoc.linear
... done.
373 phenotype values present after --pheno.
Writing linear model association results to
/home/jihwanlee/Publish/5q15_immune_dieases/result/06_transcis_scan/LNPEP/assoc_by_chr/LNPEP_cand_chr4.NDUFC1.assoc.linear
... done.
373 phenotype values present after --pheno.
Writing linear model association results to
/home/jihwanlee/Publish/5q15_immune_dieases/result/06_transcis_scan/LNPEP/assoc_by_chr/LNPEP_cand_chr4.MND1.assoc.linear
... done.
373 phenotype values present after --pheno.
Writing linear model association results to
/home/jihwanlee/Publish/5q15_immune_dieases/result/06_transcis_scan/LNPEP/assoc_by_chr/LNPEP_cand_chr4.REST.assoc.linear
... done.
373 phenotype values present after --pheno.
Writing linear model association results to
/home/jihwanlee/Publish/5q15_immune_dieases/result/06_transcis_scan/LNPEP/assoc_by_chr/LNPEP_cand_chr4.SEPSECS.assoc.linear
... done.
373 phenotype values present after --pheno.
Writing linear model association results to
/home/jihwanlee/Publish/5q15_immune_dieases/result/06_transcis_scan/LNPEP/assoc_by_chr/LNPEP_cand_chr4.NAF1.assoc.linear
... done.
373 phenotype values present after --pheno.
Writing linear model association results to
/home/jihwanlee/Publish/5q15_immune_dieases/result/06_transcis_scan/LNPEP/assoc_by_chr/LNPEP_cand_chr4.THAP6.assoc.linear
... done.
373 phenotype values present after --pheno.
Writing linear model association results to
/home/jihwanlee/Publish/5q15_immune_dieases/result/06_transcis_scan/LNPEP/assoc_by_chr/LNPEP_cand_chr4.RAB28.assoc.linear
... done.
373 phenotype values present after --pheno.
Writing linear model association results to
/home/jihwanlee/Publish/5q15_immune_dieases/result/06_transcis_scan/LNPEP/assoc_by_chr/LNPEP_cand_chr4.THAP9.assoc.linear
... done.
373 phenotype values present after --pheno.
Writing linear model association results to
/home/jihwanlee/Publish/5q15_immune_dieases/result/06_transcis_scan/LNPEP/assoc_by_chr/LNPEP_cand_chr4.SEL1L3.assoc.linear
... done.
373 phenotype values present after --pheno.
Writing linear model association results to
/home/jihwanlee/Publish/5q15_immune_dieases/result/06_transcis_scan/LNPEP/assoc_by_chr/LNPEP_cand_chr4.MLF1IP.assoc.linear
... done.
373 phenotype values present after --pheno.
Writing linear model association results to
/home/jihwanlee/Publish/5q15_immune_dieases/result/06_transcis_scan/LNPEP/assoc_by_chr/LNPEP_cand_chr4.FRYL.assoc.linear
... done.
373 phenotype values present after --pheno.
Writing linear model association results to
/home/jihwanlee/Publish/5q15_immune_dieases/result/06_transcis_scan/LNPEP/assoc_by_chr/LNPEP_cand_chr4.TMEM175.assoc.linear
... done.
373 phenotype values present after --pheno.
Writing linear model association results to
/home/jihwanlee/Publish/5q15_immune_dieases/result/06_transcis_scan/LNPEP/assoc_by_chr/LNPEP_cand_chr4.EGF.assoc.linear
... done.
373 phenotype values present after --pheno.
Writing linear model association results to
/home/jihwanlee/Publish/5q15_immune_dieases/result/06_transcis_scan/LNPEP/assoc_by_chr/LNPEP_cand_chr4.LAP3.assoc.linear
... done.
373 phenotype values present after --pheno.
Writing linear model association results to
/home/jihwanlee/Publish/5q15_immune_dieases/result/06_transcis_scan/LNPEP/assoc_by_chr/LNPEP_cand_chr4.JAKMIP1.assoc.linear
... done.
373 phenotype values present after --pheno.
Writing linear model association results to
/home/jihwanlee/Publish/5q15_immune_dieases/result/06_transcis_scan/LNPEP/assoc_by_chr/LNPEP_cand_chr4.C4orf19.assoc.linear
... done.
373 phenotype values present after --pheno.
Writing linear model association results to
/home/jihwanlee/Publish/5q15_immune_dieases/result/06_transcis_scan/LNPEP/assoc_by_chr/LNPEP_cand_chr4.CENPE.assoc.linear
... done.
373 phenotype values present after --pheno.
Writing linear model association results to
/home/jihwanlee/Publish/5q15_immune_dieases/result/06_transcis_scan/LNPEP/assoc_by_chr/LNPEP_cand_chr4.SCD5.assoc.linear
... done.
373 phenotype values present after --pheno.
Writing linear model association results to
/home/jihwanlee/Publish/5q15_immune_dieases/result/06_transcis_scan/LNPEP/assoc_by_chr/LNPEP_cand_chr4.CORIN.assoc.linear
... done.
373 phenotype values present after --pheno.
Writing linear model association results to
/home/jihwanlee/Publish/5q15_immune_dieases/result/06_transcis_scan/LNPEP/assoc_by_chr/LNPEP_cand_chr4.SEC24D.assoc.linear
... done.
373 phenotype values present after --pheno.
Writing linear model association results to
/home/jihwanlee/Publish/5q15_immune_dieases/result/06_transcis_scan/LNPEP/assoc_by_chr/LNPEP_cand_chr4.CCRN4L.assoc.linear
... done.
373 phenotype values present after --pheno.
Writing linear model association results to
/home/jihwanlee/Publish/5q15_immune_dieases/result/06_transcis_scan/LNPEP/assoc_by_chr/LNPEP_cand_chr4.SEC24B.assoc.linear
... done.
373 phenotype values present after --pheno.
Writing linear model association results to
/home/jihwanlee/Publish/5q15_immune_dieases/result/06_transcis_scan/LNPEP/assoc_by_chr/LNPEP_cand_chr4.HPSE.assoc.linear
... done.
373 phenotype values present after --pheno.
Writing linear model association results to
/home/jihwanlee/Publish/5q15_immune_dieases/result/06_transcis_scan/LNPEP/assoc_by_chr/LNPEP_cand_chr4.MANBA.assoc.linear
... done.
373 phenotype values present after --pheno.
Writing linear model association results to
/home/jihwanlee/Publish/5q15_immune_dieases/result/06_transcis_scan/LNPEP/assoc_by_chr/LNPEP_cand_chr4.ATP5I.assoc.linear
... done.
373 phenotype values present after --pheno.
Writing linear model association results to
/home/jihwanlee/Publish/5q15_immune_dieases/result/06_transcis_scan/LNPEP/assoc_by_chr/LNPEP_cand_chr4.CXCL9.assoc.linear
... done.
373 phenotype values present after --pheno.
Writing linear model association results to
/home/jihwanlee/Publish/5q15_immune_dieases/result/06_transcis_scan/LNPEP/assoc_by_chr/LNPEP_cand_chr4.SYNPO2.assoc.linear
... done.
373 phenotype values present after --pheno.
Writing linear model association results to
/home/jihwanlee/Publish/5q15_immune_dieases/result/06_transcis_scan/LNPEP/assoc_by_chr/LNPEP_cand_chr4.MMAA.assoc.linear
... done.
373 phenotype values present after --pheno.
Writing linear model association results to
/home/jihwanlee/Publish/5q15_immune_dieases/result/06_transcis_scan/LNPEP/assoc_by_chr/LNPEP_cand_chr4.GNRHR.assoc.linear
... done.
373 phenotype values present after --pheno.
Writing linear model association results to
/home/jihwanlee/Publish/5q15_immune_dieases/result/06_transcis_scan/LNPEP/assoc_by_chr/LNPEP_cand_chr4.ABCE1.assoc.linear
... done.
373 phenotype values present after --pheno.
Writing linear model association results to
/home/jihwanlee/Publish/5q15_immune_dieases/result/06_transcis_scan/LNPEP/assoc_by_chr/LNPEP_cand_chr4.PPA2.assoc.linear
... done.
373 phenotype values present after --pheno.
Writing linear model association results to
/home/jihwanlee/Publish/5q15_immune_dieases/result/06_transcis_scan/LNPEP/assoc_by_chr/LNPEP_cand_chr4.ARFIP1.assoc.linear
... done.
373 phenotype values present after --pheno.
Writing linear model association results to
/home/jihwanlee/Publish/5q15_immune_dieases/result/06_transcis_scan/LNPEP/assoc_by_chr/LNPEP_cand_chr4.COPS4.assoc.linear
... done.
373 phenotype values present after --pheno.
Writing linear model association results to
/home/jihwanlee/Publish/5q15_immune_dieases/result/06_transcis_scan/LNPEP/assoc_by_chr/LNPEP_cand_chr4.ZNF595.assoc.linear
... done.
373 phenotype values present after --pheno.
Writing linear model association results to
/home/jihwanlee/Publish/5q15_immune_dieases/result/06_transcis_scan/LNPEP/assoc_by_chr/LNPEP_cand_chr4.SAP30.assoc.linear
... done.
373 phenotype values present after --pheno.
Writing linear model association results to
/home/jihwanlee/Publish/5q15_immune_dieases/result/06_transcis_scan/LNPEP/assoc_by_chr/LNPEP_cand_chr4.NEK1.assoc.linear
... done.
373 phenotype values present after --pheno.
Writing linear model association results to
/home/jihwanlee/Publish/5q15_immune_dieases/result/06_transcis_scan/LNPEP/assoc_by_chr/LNPEP_cand_chr4.PLA2G12A.assoc.linear
... done.
373 phenotype values present after --pheno.
Writing linear model association results to
/home/jihwanlee/Publish/5q15_immune_dieases/result/06_transcis_scan/LNPEP/assoc_by_chr/LNPEP_cand_chr4.MTTP.assoc.linear
... done.
373 phenotype values present after --pheno.
Writing linear model association results to
/home/jihwanlee/Publish/5q15_immune_dieases/result/06_transcis_scan/LNPEP/assoc_by_chr/LNPEP_cand_chr4.PDE5A.assoc.linear
... done.
373 phenotype values present after --pheno.
Writing linear model association results to
/home/jihwanlee/Publish/5q15_immune_dieases/result/06_transcis_scan/LNPEP/assoc_by_chr/LNPEP_cand_chr4.NUDT9.assoc.linear
... done.
373 phenotype values present after --pheno.
Writing linear model association results to
/home/jihwanlee/Publish/5q15_immune_dieases/result/06_transcis_scan/LNPEP/assoc_by_chr/LNPEP_cand_chr4.MTHFD2L.assoc.linear
... done.
373 phenotype values present after --pheno.
Writing linear model association results to
/home/jihwanlee/Publish/5q15_immune_dieases/result/06_transcis_scan/LNPEP/assoc_by_chr/LNPEP_cand_chr4.TIFA.assoc.linear
... done.
373 phenotype values present after --pheno.
Writing linear model association results to
/home/jihwanlee/Publish/5q15_immune_dieases/result/06_transcis_scan/LNPEP/assoc_by_chr/LNPEP_cand_chr4.EIF4E.assoc.linear
... done.
373 phenotype values present after --pheno.
Writing linear model association results to
/home/jihwanlee/Publish/5q15_immune_dieases/result/06_transcis_scan/LNPEP/assoc_by_chr/LNPEP_cand_chr4.GALNT7.assoc.linear
... done.
373 phenotype values present after --pheno.
Writing linear model association results to
/home/jihwanlee/Publish/5q15_immune_dieases/result/06_transcis_scan/LNPEP/assoc_by_chr/LNPEP_cand_chr4.MRFAP1.assoc.linear
... done.
373 phenotype values present after --pheno.
Writing linear model association results to
/home/jihwanlee/Publish/5q15_immune_dieases/result/06_transcis_scan/LNPEP/assoc_by_chr/LNPEP_cand_chr4.IRF2.assoc.linear
... done.
373 phenotype values present after --pheno.
Writing linear model association results to
/home/jihwanlee/Publish/5q15_immune_dieases/result/06_transcis_scan/LNPEP/assoc_by_chr/LNPEP_cand_chr4.SH3TC1.assoc.linear
... done.
373 phenotype values present after --pheno.
Writing linear model association results to
/home/jihwanlee/Publish/5q15_immune_dieases/result/06_transcis_scan/LNPEP/assoc_by_chr/LNPEP_cand_chr4.COX18.assoc.linear
... done.
373 phenotype values present after --pheno.
Writing linear model association results to
/home/jihwanlee/Publish/5q15_immune_dieases/result/06_transcis_scan/LNPEP/assoc_by_chr/LNPEP_cand_chr4.BBS12.assoc.linear
... done.
373 phenotype values present after --pheno.
Writing linear model association results to
/home/jihwanlee/Publish/5q15_immune_dieases/result/06_transcis_scan/LNPEP/assoc_by_chr/LNPEP_cand_chr4.NEIL3.assoc.linear
... done.
373 phenotype values present after --pheno.
Writing linear model association results to
/home/jihwanlee/Publish/5q15_immune_dieases/result/06_transcis_scan/LNPEP/assoc_by_chr/LNPEP_cand_chr4.TRIM2.assoc.linear
... done.
373 phenotype values present after --pheno.
Writing linear model association results to
/home/jihwanlee/Publish/5q15_immune_dieases/result/06_transcis_scan/LNPEP/assoc_by_chr/LNPEP_cand_chr4.LCORL.assoc.linear
... done.
373 phenotype values present after --pheno.
Writing linear model association results to
/home/jihwanlee/Publish/5q15_immune_dieases/result/06_transcis_scan/LNPEP/assoc_by_chr/LNPEP_cand_chr4.SNX25.assoc.linear
... done.
373 phenotype values present after --pheno.
Writing linear model association results to
/home/jihwanlee/Publish/5q15_immune_dieases/result/06_transcis_scan/LNPEP/assoc_by_chr/LNPEP_cand_chr4.PDGFRA.assoc.linear
... done.
373 phenotype values present after --pheno.
Writing linear model association results to
/home/jihwanlee/Publish/5q15_immune_dieases/result/06_transcis_scan/LNPEP/assoc_by_chr/LNPEP_cand_chr4.ZNF330.assoc.linear
... done.
373 phenotype values present after --pheno.
Writing linear model association results to
/home/jihwanlee/Publish/5q15_immune_dieases/result/06_transcis_scan/LNPEP/assoc_by_chr/LNPEP_cand_chr4.CLOCK.assoc.linear
... done.
373 phenotype values present after --pheno.
Writing linear model association results to
/home/jihwanlee/Publish/5q15_immune_dieases/result/06_transcis_scan/LNPEP/assoc_by_chr/LNPEP_cand_chr4.RFC1.assoc.linear
... done.
373 phenotype values present after --pheno.
Writing linear model association results to
/home/jihwanlee/Publish/5q15_immune_dieases/result/06_transcis_scan/LNPEP/assoc_by_chr/LNPEP_cand_chr4.SPRY1.assoc.linear
... done.
373 phenotype values present after --pheno.
Writing linear model association results to
/home/jihwanlee/Publish/5q15_immune_dieases/result/06_transcis_scan/LNPEP/assoc_by_chr/LNPEP_cand_chr4.TIGD2.assoc.linear
... done.
373 phenotype values present after --pheno.
Writing linear model association results to
/home/jihwanlee/Publish/5q15_immune_dieases/result/06_transcis_scan/LNPEP/assoc_by_chr/LNPEP_cand_chr4.TIGD4.assoc.linear
... done.
373 phenotype values present after --pheno.
Writing linear model association results to
/home/jihwanlee/Publish/5q15_immune_dieases/result/06_transcis_scan/LNPEP/assoc_by_chr/LNPEP_cand_chr4.SH3BP2.assoc.linear
... done.
373 phenotype values present after --pheno.
Writing linear model association results to
/home/jihwanlee/Publish/5q15_immune_dieases/result/06_transcis_scan/LNPEP/assoc_by_chr/LNPEP_cand_chr4.MXD4.assoc.linear
... done.
373 phenotype values present after --pheno.
Writing linear model association results to
/home/jihwanlee/Publish/5q15_immune_dieases/result/06_transcis_scan/LNPEP/assoc_by_chr/LNPEP_cand_chr4.INTS12.assoc.linear
... done.
373 phenotype values present after --pheno.
Writing linear model association results to
/home/jihwanlee/Publish/5q15_immune_dieases/result/06_transcis_scan/LNPEP/assoc_by_chr/LNPEP_cand_chr4.CENPC1.assoc.linear
... done.
373 phenotype values present after --pheno.
Writing linear model association results to
/home/jihwanlee/Publish/5q15_immune_dieases/result/06_transcis_scan/LNPEP/assoc_by_chr/LNPEP_cand_chr4.CDKL2.assoc.linear
... done.
373 phenotype values present after --pheno.
Writing linear model association results to
/home/jihwanlee/Publish/5q15_immune_dieases/result/06_transcis_scan/LNPEP/assoc_by_chr/LNPEP_cand_chr4.TMEM150C.assoc.linear
... done.
373 phenotype values present after --pheno.
Writing linear model association results to
/home/jihwanlee/Publish/5q15_immune_dieases/result/06_transcis_scan/LNPEP/assoc_by_chr/LNPEP_cand_chr4.SRP72.assoc.linear
... done.
373 phenotype values present after --pheno.
Writing linear model association results to
/home/jihwanlee/Publish/5q15_immune_dieases/result/06_transcis_scan/LNPEP/assoc_by_chr/LNPEP_cand_chr4.FBXW7.assoc.linear
... done.
373 phenotype values present after --pheno.
Writing linear model association results to
/home/jihwanlee/Publish/5q15_immune_dieases/result/06_transcis_scan/LNPEP/assoc_by_chr/LNPEP_cand_chr4.SH3RF1.assoc.linear
... done.
373 phenotype values present after --pheno.
Writing linear model association results to
/home/jihwanlee/Publish/5q15_immune_dieases/result/06_transcis_scan/LNPEP/assoc_by_chr/LNPEP_cand_chr4.UGDH.assoc.linear
... done.
373 phenotype values present after --pheno.
Writing linear model association results to
/home/jihwanlee/Publish/5q15_immune_dieases/result/06_transcis_scan/LNPEP/assoc_by_chr/LNPEP_cand_chr4.TET2.assoc.linear
... done.
373 phenotype values present after --pheno.
Writing linear model association results to
/home/jihwanlee/Publish/5q15_immune_dieases/result/06_transcis_scan/LNPEP/assoc_by_chr/LNPEP_cand_chr4.MRPS18C.assoc.linear
... done.
373 phenotype values present after --pheno.
Writing linear model association results to
/home/jihwanlee/Publish/5q15_immune_dieases/result/06_transcis_scan/LNPEP/assoc_by_chr/LNPEP_cand_chr4.TMEM144.assoc.linear
... done.
373 phenotype values present after --pheno.
Writing linear model association results to
/home/jihwanlee/Publish/5q15_immune_dieases/result/06_transcis_scan/LNPEP/assoc_by_chr/LNPEP_cand_chr4.TAPT1.assoc.linear
... done.
373 phenotype values present after --pheno.
Writing linear model association results to
/home/jihwanlee/Publish/5q15_immune_dieases/result/06_transcis_scan/LNPEP/assoc_by_chr/LNPEP_cand_chr4.CNOT6L.assoc.linear
... done.
373 phenotype values present after --pheno.
Writing linear model association results to
/home/jihwanlee/Publish/5q15_immune_dieases/result/06_transcis_scan/LNPEP/assoc_by_chr/LNPEP_cand_chr4.ACOX3.assoc.linear
... done.
373 phenotype values present after --pheno.
Writing linear model association results to
/home/jihwanlee/Publish/5q15_immune_dieases/result/06_transcis_scan/LNPEP/assoc_by_chr/LNPEP_cand_chr4.PPAT.assoc.linear
... done.
373 phenotype values present after --pheno.
Writing linear model association results to
/home/jihwanlee/Publish/5q15_immune_dieases/result/06_transcis_scan/LNPEP/assoc_by_chr/LNPEP_cand_chr4.RPS3A.assoc.linear
... done.
373 phenotype values present after --pheno.
Writing linear model association results to
/home/jihwanlee/Publish/5q15_immune_dieases/result/06_transcis_scan/LNPEP/assoc_by_chr/LNPEP_cand_chr4.MAD2L1.assoc.linear
... done.
373 phenotype values present after --pheno.
Writing linear model association results to
/home/jihwanlee/Publish/5q15_immune_dieases/result/06_transcis_scan/LNPEP/assoc_by_chr/LNPEP_cand_chr4.GRSF1.assoc.linear
... done.
373 phenotype values present after --pheno.
Writing linear model association results to
/home/jihwanlee/Publish/5q15_immune_dieases/result/06_transcis_scan/LNPEP/assoc_by_chr/LNPEP_cand_chr4.KIAA0232.assoc.linear
... done.
373 phenotype values present after --pheno.
Writing linear model association results to
/home/jihwanlee/Publish/5q15_immune_dieases/result/06_transcis_scan/LNPEP/assoc_by_chr/LNPEP_cand_chr4.LRP2BP.assoc.linear
... done.
373 phenotype values present after --pheno.
Writing linear model association results to
/home/jihwanlee/Publish/5q15_immune_dieases/result/06_transcis_scan/LNPEP/assoc_by_chr/LNPEP_cand_chr4.SMARCA5.assoc.linear
... done.
373 phenotype values present after --pheno.
Writing linear model association results to
/home/jihwanlee/Publish/5q15_immune_dieases/result/06_transcis_scan/LNPEP/assoc_by_chr/LNPEP_cand_chr4.ZNF721.assoc.linear
... done.
373 phenotype values present after --pheno.
Writing linear model association results to
/home/jihwanlee/Publish/5q15_immune_dieases/result/06_transcis_scan/LNPEP/assoc_by_chr/LNPEP_cand_chr4.FAM13A.assoc.linear
... done.
373 phenotype values present after --pheno.
Writing linear model association results to
/home/jihwanlee/Publish/5q15_immune_dieases/result/06_transcis_scan/LNPEP/assoc_by_chr/LNPEP_cand_chr4.ARAP2.assoc.linear
... done.
373 phenotype values present after --pheno.
Writing linear model association results to
/home/jihwanlee/Publish/5q15_immune_dieases/result/06_transcis_scan/LNPEP/assoc_by_chr/LNPEP_cand_chr4.PACRGL.assoc.linear
... done.
373 phenotype values present after --pheno.
Writing linear model association results to
/home/jihwanlee/Publish/5q15_immune_dieases/result/06_transcis_scan/LNPEP/assoc_by_chr/LNPEP_cand_chr4.C4orf52.assoc.linear
... done.
373 phenotype values present after --pheno.
Writing linear model association results to
/home/jihwanlee/Publish/5q15_immune_dieases/result/06_transcis_scan/LNPEP/assoc_by_chr/LNPEP_cand_chr4.NFXL1.assoc.linear
... done.
373 phenotype values present after --pheno.
Writing linear model association results to
/home/jihwanlee/Publish/5q15_immune_dieases/result/06_transcis_scan/LNPEP/assoc_by_chr/LNPEP_cand_chr4.MFSD8.assoc.linear
... done.
373 phenotype values present after --pheno.
Writing linear model association results to
/home/jihwanlee/Publish/5q15_immune_dieases/result/06_transcis_scan/LNPEP/assoc_by_chr/LNPEP_cand_chr4.LIAS.assoc.linear
... done.
373 phenotype values present after --pheno.
Writing linear model association results to
/home/jihwanlee/Publish/5q15_immune_dieases/result/06_transcis_scan/LNPEP/assoc_by_chr/LNPEP_cand_chr4.LSM6.assoc.linear
... done.
373 phenotype values present after --pheno.
Writing linear model association results to
/home/jihwanlee/Publish/5q15_immune_dieases/result/06_transcis_scan/LNPEP/assoc_by_chr/LNPEP_cand_chr4.ATP10D.assoc.linear
... done.
373 phenotype values present after --pheno.
Writing linear model association results to
/home/jihwanlee/Publish/5q15_immune_dieases/result/06_transcis_scan/LNPEP/assoc_by_chr/LNPEP_cand_chr4.OSTC.assoc.linear
... done.
373 phenotype values present after --pheno.
Writing linear model association results to
/home/jihwanlee/Publish/5q15_immune_dieases/result/06_transcis_scan/LNPEP/assoc_by_chr/LNPEP_cand_chr4.MFSD7.assoc.linear
... done.
373 phenotype values present after --pheno.
Writing linear model association results to
/home/jihwanlee/Publish/5q15_immune_dieases/result/06_transcis_scan/LNPEP/assoc_by_chr/LNPEP_cand_chr4.INTU.assoc.linear
... done.
373 phenotype values present after --pheno.
Writing linear model association results to
/home/jihwanlee/Publish/5q15_immune_dieases/result/06_transcis_scan/LNPEP/assoc_by_chr/LNPEP_cand_chr4.CPLX1.assoc.linear
... done.
373 phenotype values present after --pheno.
Writing linear model association results to
/home/jihwanlee/Publish/5q15_immune_dieases/result/06_transcis_scan/LNPEP/assoc_by_chr/LNPEP_cand_chr4.PPP3CA.assoc.linear
... done.
373 phenotype values present after --pheno.
Writing linear model association results to
/home/jihwanlee/Publish/5q15_immune_dieases/result/06_transcis_scan/LNPEP/assoc_by_chr/LNPEP_cand_chr4.NAT8L.assoc.linear
... done.
373 phenotype values present after --pheno.
Writing linear model association results to
/home/jihwanlee/Publish/5q15_immune_dieases/result/06_transcis_scan/LNPEP/assoc_by_chr/LNPEP_cand_chr4.CEP135.assoc.linear
... done.
373 phenotype values present after --pheno.
Writing linear model association results to
/home/jihwanlee/Publish/5q15_immune_dieases/result/06_transcis_scan/LNPEP/assoc_by_chr/LNPEP_cand_chr4.ELMOD2.assoc.linear
... done.
373 phenotype values present after --pheno.
Writing linear model association results to
/home/jihwanlee/Publish/5q15_immune_dieases/result/06_transcis_scan/LNPEP/assoc_by_chr/LNPEP_cand_chr4.FGFRL1.assoc.linear
... done.
373 phenotype values present after --pheno.
Writing linear model association results to
/home/jihwanlee/Publish/5q15_immune_dieases/result/06_transcis_scan/LNPEP/assoc_by_chr/LNPEP_cand_chr4.USP46.assoc.linear
... done.
373 phenotype values present after --pheno.
Writing linear model association results to
/home/jihwanlee/Publish/5q15_immune_dieases/result/06_transcis_scan/LNPEP/assoc_by_chr/LNPEP_cand_chr4.ADD1.assoc.linear
... done.
373 phenotype values present after --pheno.
Writing linear model association results to
/home/jihwanlee/Publish/5q15_immune_dieases/result/06_transcis_scan/LNPEP/assoc_by_chr/LNPEP_cand_chr4.CDKN2AIP.assoc.linear
... done.
373 phenotype values present after --pheno.
Writing linear model association results to
/home/jihwanlee/Publish/5q15_immune_dieases/result/06_transcis_scan/LNPEP/assoc_by_chr/LNPEP_cand_chr4.MYL5.assoc.linear
... done.
373 phenotype values present after --pheno.
Writing linear model association results to
/home/jihwanlee/Publish/5q15_immune_dieases/result/06_transcis_scan/LNPEP/assoc_by_chr/LNPEP_cand_chr4.SLC30A9.assoc.linear
... done.
373 phenotype values present after --pheno.
Writing linear model association results to
/home/jihwanlee/Publish/5q15_immune_dieases/result/06_transcis_scan/LNPEP/assoc_by_chr/LNPEP_cand_chr4.OCIAD2.assoc.linear
... done.
373 phenotype values present after --pheno.
Writing linear model association results to
/home/jihwanlee/Publish/5q15_immune_dieases/result/06_transcis_scan/LNPEP/assoc_by_chr/LNPEP_cand_chr4.OCIAD1.assoc.linear
... done.
373 phenotype values present after --pheno.
Writing linear model association results to
/home/jihwanlee/Publish/5q15_immune_dieases/result/06_transcis_scan/LNPEP/assoc_by_chr/LNPEP_cand_chr4.DCK.assoc.linear
... done.
373 phenotype values present after --pheno.
Writing linear model association results to
/home/jihwanlee/Publish/5q15_immune_dieases/result/06_transcis_scan/LNPEP/assoc_by_chr/LNPEP_cand_chr4.CCDC96.assoc.linear
... done.
373 phenotype values present after --pheno.
Writing linear model association results to
/home/jihwanlee/Publish/5q15_immune_dieases/result/06_transcis_scan/LNPEP/assoc_by_chr/LNPEP_cand_chr4.NSG1.assoc.linear
... done.
373 phenotype values present after --pheno.
Writing linear model association results to
/home/jihwanlee/Publish/5q15_immune_dieases/result/06_transcis_scan/LNPEP/assoc_by_chr/LNPEP_cand_chr4.STAP1.assoc.linear
... done.
373 phenotype values present after --pheno.
Writing linear model association results to
/home/jihwanlee/Publish/5q15_immune_dieases/result/06_transcis_scan/LNPEP/assoc_by_chr/LNPEP_cand_chr4.CTSO.assoc.linear
... done.
373 phenotype values present after --pheno.
Writing linear model association results to
/home/jihwanlee/Publish/5q15_immune_dieases/result/06_transcis_scan/LNPEP/assoc_by_chr/LNPEP_cand_chr4.CLCN3.assoc.linear
... done.
373 phenotype values present after --pheno.
Writing linear model association results to
/home/jihwanlee/Publish/5q15_immune_dieases/result/06_transcis_scan/LNPEP/assoc_by_chr/LNPEP_cand_chr4.ETFDH.assoc.linear
... done.
373 phenotype values present after --pheno.
Writing linear model association results to
/home/jihwanlee/Publish/5q15_immune_dieases/result/06_transcis_scan/LNPEP/assoc_by_chr/LNPEP_cand_chr4.SLC25A4.assoc.linear
... done.
373 phenotype values present after --pheno.
Writing linear model association results to
/home/jihwanlee/Publish/5q15_immune_dieases/result/06_transcis_scan/LNPEP/assoc_by_chr/LNPEP_cand_chr4.USP38.assoc.linear
... done.
373 phenotype values present after --pheno.
Writing linear model association results to
/home/jihwanlee/Publish/5q15_immune_dieases/result/06_transcis_scan/LNPEP/assoc_by_chr/LNPEP_cand_chr4.SETD7.assoc.linear
... done.
373 phenotype values present after --pheno.
Writing linear model association results to
/home/jihwanlee/Publish/5q15_immune_dieases/result/06_transcis_scan/LNPEP/assoc_by_chr/LNPEP_cand_chr4.RBM47.assoc.linear
... done.
373 phenotype values present after --pheno.
Writing linear model association results to
/home/jihwanlee/Publish/5q15_immune_dieases/result/06_transcis_scan/LNPEP/assoc_by_chr/LNPEP_cand_chr4.PTPN13.assoc.linear
... done.
373 phenotype values present after --pheno.
Writing linear model association results to
/home/jihwanlee/Publish/5q15_immune_dieases/result/06_transcis_scan/LNPEP/assoc_by_chr/LNPEP_cand_chr4.KIT.assoc.linear
... done.
373 phenotype values present after --pheno.
Writing linear model association results to
/home/jihwanlee/Publish/5q15_immune_dieases/result/06_transcis_scan/LNPEP/assoc_by_chr/LNPEP_cand_chr4.SPON2.assoc.linear
... done.
373 phenotype values present after --pheno.
Writing linear model association results to
/home/jihwanlee/Publish/5q15_immune_dieases/result/06_transcis_scan/LNPEP/assoc_by_chr/LNPEP_cand_chr4.LYAR.assoc.linear
... done.
373 phenotype values present after --pheno.
Writing linear model association results to
/home/jihwanlee/Publish/5q15_immune_dieases/result/06_transcis_scan/LNPEP/assoc_by_chr/LNPEP_cand_chr4.NCAPG.assoc.linear
... done.
373 phenotype values present after --pheno.
Writing linear model association results to
/home/jihwanlee/Publish/5q15_immune_dieases/result/06_transcis_scan/LNPEP/assoc_by_chr/LNPEP_cand_chr4.RNF212.assoc.linear
... done.
373 phenotype values present after --pheno.
Writing linear model association results to
/home/jihwanlee/Publish/5q15_immune_dieases/result/06_transcis_scan/LNPEP/assoc_by_chr/LNPEP_cand_chr4.C4orf29.assoc.linear
... done.
373 phenotype values present after --pheno.
Writing linear model association results to
/home/jihwanlee/Publish/5q15_immune_dieases/result/06_transcis_scan/LNPEP/assoc_by_chr/LNPEP_cand_chr4.MED28.assoc.linear
... done.
373 phenotype values present after --pheno.
Writing linear model association results to
/home/jihwanlee/Publish/5q15_immune_dieases/result/06_transcis_scan/LNPEP/assoc_by_chr/LNPEP_cand_chr4.TACC3.assoc.linear
... done.
373 phenotype values present after --pheno.
Writing linear model association results to
/home/jihwanlee/Publish/5q15_immune_dieases/result/06_transcis_scan/LNPEP/assoc_by_chr/LNPEP_cand_chr4.HELQ.assoc.linear
... done.
373 phenotype values present after --pheno.
Writing linear model association results to
/home/jihwanlee/Publish/5q15_immune_dieases/result/06_transcis_scan/LNPEP/assoc_by_chr/LNPEP_cand_chr4.C4orf21.assoc.linear
... done.
373 phenotype values present after --pheno.
Writing linear model association results to
/home/jihwanlee/Publish/5q15_immune_dieases/result/06_transcis_scan/LNPEP/assoc_by_chr/LNPEP_cand_chr4.GAB1.assoc.linear
... done.
373 phenotype values present after --pheno.
Writing linear model association results to
/home/jihwanlee/Publish/5q15_immune_dieases/result/06_transcis_scan/LNPEP/assoc_by_chr/LNPEP_cand_chr4.NOP14.assoc.linear
... done.
373 phenotype values present after --pheno.
Writing linear model association results to
/home/jihwanlee/Publish/5q15_immune_dieases/result/06_transcis_scan/LNPEP/assoc_by_chr/LNPEP_cand_chr4.KIAA0922.assoc.linear
... done.
373 phenotype values present after --pheno.
Writing linear model association results to
/home/jihwanlee/Publish/5q15_immune_dieases/result/06_transcis_scan/LNPEP/assoc_by_chr/LNPEP_cand_chr4.MAML3.assoc.linear
... done.
373 phenotype values present after --pheno.
Writing linear model association results to
/home/jihwanlee/Publish/5q15_immune_dieases/result/06_transcis_scan/LNPEP/assoc_by_chr/LNPEP_cand_chr4.DCTD.assoc.linear
... done.
373 phenotype values present after --pheno.
Writing linear model association results to
/home/jihwanlee/Publish/5q15_immune_dieases/result/06_transcis_scan/LNPEP/assoc_by_chr/LNPEP_cand_chr4.PPM1K.assoc.linear
... done.
373 phenotype values present after --pheno.
Writing linear model association results to
/home/jihwanlee/Publish/5q15_immune_dieases/result/06_transcis_scan/LNPEP/assoc_by_chr/LNPEP_cand_chr4.AFF1.assoc.linear
... done.
373 phenotype values present after --pheno.
Writing linear model association results to
/home/jihwanlee/Publish/5q15_immune_dieases/result/06_transcis_scan/LNPEP/assoc_by_chr/LNPEP_cand_chr4.DNAJB14.assoc.linear
... done.
373 phenotype values present after --pheno.
Writing linear model association results to
/home/jihwanlee/Publish/5q15_immune_dieases/result/06_transcis_scan/LNPEP/assoc_by_chr/LNPEP_cand_chr4.SMARCAD1.assoc.linear
... done.
373 phenotype values present after --pheno.
Writing linear model association results to
/home/jihwanlee/Publish/5q15_immune_dieases/result/06_transcis_scan/LNPEP/assoc_by_chr/LNPEP_cand_chr4.CISD2.assoc.linear
... done.
373 phenotype values present after --pheno.
Writing linear model association results to
/home/jihwanlee/Publish/5q15_immune_dieases/result/06_transcis_scan/LNPEP/assoc_by_chr/LNPEP_cand_chr4.HSPA4L.assoc.linear
... done.
373 phenotype values present after --pheno.
Writing linear model association results to
/home/jihwanlee/Publish/5q15_immune_dieases/result/06_transcis_scan/LNPEP/assoc_by_chr/LNPEP_cand_chr4.UBA6.assoc.linear
... done.
373 phenotype values present after --pheno.
Writing linear model association results to
/home/jihwanlee/Publish/5q15_immune_dieases/result/06_transcis_scan/LNPEP/assoc_by_chr/LNPEP_cand_chr4.HERC3.assoc.linear
... done.
373 phenotype values present after --pheno.
Writing linear model association results to
/home/jihwanlee/Publish/5q15_immune_dieases/result/06_transcis_scan/LNPEP/assoc_by_chr/LNPEP_cand_chr4.HERC5.assoc.linear
... done.
373 phenotype values present after --pheno.
Writing linear model association results to
/home/jihwanlee/Publish/5q15_immune_dieases/result/06_transcis_scan/LNPEP/assoc_by_chr/LNPEP_cand_chr4.MRPL1.assoc.linear
... done.
373 phenotype values present after --pheno.
Writing linear model association results to
/home/jihwanlee/Publish/5q15_immune_dieases/result/06_transcis_scan/LNPEP/assoc_by_chr/LNPEP_cand_chr4.RG9MTD2.assoc.linear
... done.
373 phenotype values present after --pheno.
Writing linear model association results to
/home/jihwanlee/Publish/5q15_immune_dieases/result/06_transcis_scan/LNPEP/assoc_by_chr/LNPEP_cand_chr4.UBE2K.assoc.linear
... done.
373 phenotype values present after --pheno.
Writing linear model association results to
/home/jihwanlee/Publish/5q15_immune_dieases/result/06_transcis_scan/LNPEP/assoc_by_chr/LNPEP_cand_chr4.LRBA.assoc.linear
... done.
373 phenotype values present after --pheno.
Writing linear model association results to
/home/jihwanlee/Publish/5q15_immune_dieases/result/06_transcis_scan/LNPEP/assoc_by_chr/LNPEP_cand_chr4.GRK4.assoc.linear
... done.
373 phenotype values present after --pheno.
Writing linear model association results to
/home/jihwanlee/Publish/5q15_immune_dieases/result/06_transcis_scan/LNPEP/assoc_by_chr/LNPEP_cand_chr4.ANAPC10.assoc.linear
... done.
373 phenotype values present after --pheno.
Writing linear model association results to
/home/jihwanlee/Publish/5q15_immune_dieases/result/06_transcis_scan/LNPEP/assoc_by_chr/LNPEP_cand_chr4.PHF17.assoc.linear
... done.
373 phenotype values present after --pheno.
Writing linear model association results to
/home/jihwanlee/Publish/5q15_immune_dieases/result/06_transcis_scan/LNPEP/assoc_by_chr/LNPEP_cand_chr4.FBXO8.assoc.linear
... done.
373 phenotype values present after --pheno.
Writing linear model association results to
/home/jihwanlee/Publish/5q15_immune_dieases/result/06_transcis_scan/LNPEP/assoc_by_chr/LNPEP_cand_chr4.SLC10A7.assoc.linear
... done.
373 phenotype values present after --pheno.
Writing linear model association results to
/home/jihwanlee/Publish/5q15_immune_dieases/result/06_transcis_scan/LNPEP/assoc_by_chr/LNPEP_cand_chr4.SLC10A4.assoc.linear
... done.
373 phenotype values present after --pheno.
Writing linear model association results to
/home/jihwanlee/Publish/5q15_immune_dieases/result/06_transcis_scan/LNPEP/assoc_by_chr/LNPEP_cand_chr4.BMP2K.assoc.linear
... done.
373 phenotype values present after --pheno.
Writing linear model association results to
/home/jihwanlee/Publish/5q15_immune_dieases/result/06_transcis_scan/LNPEP/assoc_by_chr/LNPEP_cand_chr4.IGJ.assoc.linear
... done.
373 phenotype values present after --pheno.
Writing linear model association results to
/home/jihwanlee/Publish/5q15_immune_dieases/result/06_transcis_scan/LNPEP/assoc_by_chr/LNPEP_cand_chr4.STOX2.assoc.linear
... done.
373 phenotype values present after --pheno.
Writing linear model association results to
/home/jihwanlee/Publish/5q15_immune_dieases/result/06_transcis_scan/LNPEP/assoc_by_chr/LNPEP_cand_chr4.WFS1.assoc.linear
... done.
373 phenotype values present after --pheno.
Writing linear model association results to
/home/jihwanlee/Publish/5q15_immune_dieases/result/06_transcis_scan/LNPEP/assoc_by_chr/LNPEP_cand_chr4.MAEA.assoc.linear
... done.
373 phenotype values present after --pheno.
Writing linear model association results to
/home/jihwanlee/Publish/5q15_immune_dieases/result/06_transcis_scan/LNPEP/assoc_by_chr/LNPEP_cand_chr4.NUP54.assoc.linear
... done.
373 phenotype values present after --pheno.
Writing linear model association results to
/home/jihwanlee/Publish/5q15_immune_dieases/result/06_transcis_scan/LNPEP/assoc_by_chr/LNPEP_cand_chr4.PALLD.assoc.linear
... done.
373 phenotype values present after --pheno.
Writing linear model association results to
/home/jihwanlee/Publish/5q15_immune_dieases/result/06_transcis_scan/LNPEP/assoc_by_chr/LNPEP_cand_chr4.EREG.assoc.linear
... done.
373 phenotype values present after --pheno.
Writing linear model association results to
/home/jihwanlee/Publish/5q15_immune_dieases/result/06_transcis_scan/LNPEP/assoc_by_chr/LNPEP_cand_chr4.HSP90AB3P.assoc.linear
... done.
373 phenotype values present after --pheno.
Writing linear model association results to
/home/jihwanlee/Publish/5q15_immune_dieases/result/06_transcis_scan/LNPEP/assoc_by_chr/LNPEP_cand_chr4.STX18.assoc.linear
... done.
373 phenotype values present after --pheno.
Writing linear model association results to
/home/jihwanlee/Publish/5q15_immune_dieases/result/06_transcis_scan/LNPEP/assoc_by_chr/LNPEP_cand_chr4.WDR19.assoc.linear
... done.
373 phenotype values present after --pheno.
Writing linear model association results to
/home/jihwanlee/Publish/5q15_immune_dieases/result/06_transcis_scan/LNPEP/assoc_by_chr/LNPEP_cand_chr4.PPID.assoc.linear
... done.
373 phenotype values present after --pheno.
Writing linear model association results to
/home/jihwanlee/Publish/5q15_immune_dieases/result/06_transcis_scan/LNPEP/assoc_by_chr/LNPEP_cand_chr4.KIAA1211.assoc.linear
... done.
373 phenotype values present after --pheno.
Writing linear model association results to
/home/jihwanlee/Publish/5q15_immune_dieases/result/06_transcis_scan/LNPEP/assoc_by_chr/LNPEP_cand_chr4.AGPAT9.assoc.linear
... done.
373 phenotype values present after --pheno.
Writing linear model association results to
/home/jihwanlee/Publish/5q15_immune_dieases/result/06_transcis_scan/LNPEP/assoc_by_chr/LNPEP_cand_chr4.STIM2.assoc.linear
... done.
373 phenotype values present after --pheno.
Writing linear model association results to
/home/jihwanlee/Publish/5q15_immune_dieases/result/06_transcis_scan/LNPEP/assoc_by_chr/LNPEP_cand_chr4.ANTXR2.assoc.linear
... done.
373 phenotype values present after --pheno.
Writing linear model association results to
/home/jihwanlee/Publish/5q15_immune_dieases/result/06_transcis_scan/LNPEP/assoc_by_chr/LNPEP_cand_chr4.AIMP1.assoc.linear
... done.
373 phenotype values present after --pheno.
Writing linear model association results to
/home/jihwanlee/Publish/5q15_immune_dieases/result/06_transcis_scan/LNPEP/assoc_by_chr/LNPEP_cand_chr4.TMEM154.assoc.linear
... done.
373 phenotype values present after --pheno.
Writing linear model association results to
/home/jihwanlee/Publish/5q15_immune_dieases/result/06_transcis_scan/LNPEP/assoc_by_chr/LNPEP_cand_chr4.TMEM156.assoc.linear
... done.
373 phenotype values present after --pheno.
Writing linear model association results to
/home/jihwanlee/Publish/5q15_immune_dieases/result/06_transcis_scan/LNPEP/assoc_by_chr/LNPEP_cand_chr4.CRIPAK.assoc.linear
... done.
373 phenotype values present after --pheno.
Writing linear model association results to
/home/jihwanlee/Publish/5q15_immune_dieases/result/06_transcis_scan/LNPEP/assoc_by_chr/LNPEP_cand_chr4.ANKRD17.assoc.linear
... done.
373 phenotype values present after --pheno.
Writing linear model association results to
/home/jihwanlee/Publish/5q15_immune_dieases/result/06_transcis_scan/LNPEP/assoc_by_chr/LNPEP_cand_chr4.NAAA.assoc.linear
... done.
373 phenotype values present after --pheno.
Writing linear model association results to
/home/jihwanlee/Publish/5q15_immune_dieases/result/06_transcis_scan/LNPEP/assoc_by_chr/LNPEP_cand_chr4.RCHY1.assoc.linear
... done.
373 phenotype values present after --pheno.
Writing linear model association results to
/home/jihwanlee/Publish/5q15_immune_dieases/result/06_transcis_scan/LNPEP/assoc_by_chr/LNPEP_cand_chr4.CBR4.assoc.linear
... done.
373 phenotype values present after --pheno.
Writing linear model association results to
/home/jihwanlee/Publish/5q15_immune_dieases/result/06_transcis_scan/LNPEP/assoc_by_chr/LNPEP_cand_chr4.TMEM33.assoc.linear
... done.
373 phenotype values present after --pheno.
Writing linear model association results to
/home/jihwanlee/Publish/5q15_immune_dieases/result/06_transcis_scan/LNPEP/assoc_by_chr/LNPEP_cand_chr4.GAK.assoc.linear
... done.
373 phenotype values present after --pheno.
Writing linear model association results to
/home/jihwanlee/Publish/5q15_immune_dieases/result/06_transcis_scan/LNPEP/assoc_by_chr/LNPEP_cand_chr4.ZCCHC4.assoc.linear
... done.
373 phenotype values present after --pheno.
Writing linear model association results to
/home/jihwanlee/Publish/5q15_immune_dieases/result/06_transcis_scan/LNPEP/assoc_by_chr/LNPEP_cand_chr4.ANXA3.assoc.linear
... done.
373 phenotype values present after --pheno.
Writing linear model association results to
/home/jihwanlee/Publish/5q15_immune_dieases/result/06_transcis_scan/LNPEP/assoc_by_chr/LNPEP_cand_chr4.ANXA5.assoc.linear
... done.
373 phenotype values present after --pheno.
Writing linear model association results to
/home/jihwanlee/Publish/5q15_immune_dieases/result/06_transcis_scan/LNPEP/assoc_by_chr/LNPEP_cand_chr4.PIGG.assoc.linear
... done.
373 phenotype values present after --pheno.
Writing linear model association results to
/home/jihwanlee/Publish/5q15_immune_dieases/result/06_transcis_scan/LNPEP/assoc_by_chr/LNPEP_cand_chr4.CYP4V2.assoc.linear
... done.
373 phenotype values present after --pheno.
Writing linear model association results to
/home/jihwanlee/Publish/5q15_immune_dieases/result/06_transcis_scan/LNPEP/assoc_by_chr/LNPEP_cand_chr4.PIGY.assoc.linear
... done.
373 phenotype values present after --pheno.
Writing linear model association results to
/home/jihwanlee/Publish/5q15_immune_dieases/result/06_transcis_scan/LNPEP/assoc_by_chr/LNPEP_cand_chr4.FAM53A.assoc.linear
... done.
373 phenotype values present after --pheno.
Writing linear model association results to
/home/jihwanlee/Publish/5q15_immune_dieases/result/06_transcis_scan/LNPEP/assoc_by_chr/LNPEP_cand_chr4.ZNF718.assoc.linear
... done.
373 phenotype values present after --pheno.
Writing linear model association results to
/home/jihwanlee/Publish/5q15_immune_dieases/result/06_transcis_scan/LNPEP/assoc_by_chr/LNPEP_cand_chr4.CASP3.assoc.linear
... done.
373 phenotype values present after --pheno.
Writing linear model association results to
/home/jihwanlee/Publish/5q15_immune_dieases/result/06_transcis_scan/LNPEP/assoc_by_chr/LNPEP_cand_chr4.GSTCD.assoc.linear
... done.
373 phenotype values present after --pheno.
Writing linear model association results to
/home/jihwanlee/Publish/5q15_immune_dieases/result/06_transcis_scan/LNPEP/assoc_by_chr/LNPEP_cand_chr4.COQ2.assoc.linear
... done.
373 phenotype values present after --pheno.
Writing linear model association results to
/home/jihwanlee/Publish/5q15_immune_dieases/result/06_transcis_scan/LNPEP/assoc_by_chr/LNPEP_cand_chr4.FAM160A1.assoc.linear
... done.
373 phenotype values present after --pheno.
Writing linear model association results to
/home/jihwanlee/Publish/5q15_immune_dieases/result/06_transcis_scan/LNPEP/assoc_by_chr/LNPEP_cand_chr4.MAN2B2.assoc.linear
... done.
373 phenotype values present after --pheno.
Writing linear model association results to
/home/jihwanlee/Publish/5q15_immune_dieases/result/06_transcis_scan/LNPEP/assoc_by_chr/LNPEP_cand_chr4.PLK4.assoc.linear
... done.
373 phenotype values present after --pheno.
Writing linear model association results to
/home/jihwanlee/Publish/5q15_immune_dieases/result/06_transcis_scan/LNPEP/assoc_by_chr/LNPEP_cand_chr4.PI4K2B.assoc.linear
... done.
373 phenotype values present after --pheno.
Writing linear model association results to
/home/jihwanlee/Publish/5q15_immune_dieases/result/06_transcis_scan/LNPEP/assoc_by_chr/LNPEP_cand_chr4.DHX15.assoc.linear
... done.
373 phenotype values present after --pheno.
Writing linear model association results to
/home/jihwanlee/Publish/5q15_immune_dieases/result/06_transcis_scan/LNPEP/assoc_by_chr/LNPEP_cand_chr4.ZNF141.assoc.linear
... done.
373 phenotype values present after --pheno.
Writing linear model association results to
/home/jihwanlee/Publish/5q15_immune_dieases/result/06_transcis_scan/LNPEP/assoc_by_chr/LNPEP_cand_chr4.ABCA11P.assoc.linear
... done.
373 phenotype values present after --pheno.
Writing linear model association results to
/home/jihwanlee/Publish/5q15_immune_dieases/result/06_transcis_scan/LNPEP/assoc_by_chr/LNPEP_cand_chr4.WWC2.assoc.linear
... done.
373 phenotype values present after --pheno.
Writing linear model association results to
/home/jihwanlee/Publish/5q15_immune_dieases/result/06_transcis_scan/LNPEP/assoc_by_chr/LNPEP_cand_chr4.RBPJ.assoc.linear
... done.
373 phenotype values present after --pheno.
Writing linear model association results to
/home/jihwanlee/Publish/5q15_immune_dieases/result/06_transcis_scan/LNPEP/assoc_by_chr/LNPEP_cand_chr4.INPP4B.assoc.linear
... done.
373 phenotype values present after --pheno.
Writing linear model association results to
/home/jihwanlee/Publish/5q15_immune_dieases/result/06_transcis_scan/LNPEP/assoc_by_chr/LNPEP_cand_chr4.ARHGAP24.assoc.linear
... done.
373 phenotype values present after --pheno.
Writing linear model association results to
/home/jihwanlee/Publish/5q15_immune_dieases/result/06_transcis_scan/LNPEP/assoc_by_chr/LNPEP_cand_chr4.MFAP3L.assoc.linear
... done.
373 phenotype values present after --pheno.
Writing linear model association results to
/home/jihwanlee/Publish/5q15_immune_dieases/result/06_transcis_scan/LNPEP/assoc_by_chr/LNPEP_cand_chr4.SEPT11.assoc.linear
... done.
373 phenotype values present after --pheno.
Writing linear model association results to
/home/jihwanlee/Publish/5q15_immune_dieases/result/06_transcis_scan/LNPEP/assoc_by_chr/LNPEP_cand_chr4.KLHL5.assoc.linear
... done.
373 phenotype values present after --pheno.
Writing linear model association results to
/home/jihwanlee/Publish/5q15_immune_dieases/result/06_transcis_scan/LNPEP/assoc_by_chr/LNPEP_cand_chr4.KLHL2.assoc.linear
... done.
373 phenotype values present after --pheno.
Writing linear model association results to
/home/jihwanlee/Publish/5q15_immune_dieases/result/06_transcis_scan/LNPEP/assoc_by_chr/LNPEP_cand_chr4.BMP3.assoc.linear
... done.
373 phenotype values present after --pheno.
Writing linear model association results to
/home/jihwanlee/Publish/5q15_immune_dieases/result/06_transcis_scan/LNPEP/assoc_by_chr/LNPEP_cand_chr4.FAM193A.assoc.linear
... done.
373 phenotype values present after --pheno.
Writing linear model association results to
/home/jihwanlee/Publish/5q15_immune_dieases/result/06_transcis_scan/LNPEP/assoc_by_chr/LNPEP_cand_chr4.KLHL8.assoc.linear
... done.
373 phenotype values present after --pheno.
Writing linear model association results to
/home/jihwanlee/Publish/5q15_immune_dieases/result/06_transcis_scan/LNPEP/assoc_by_chr/LNPEP_cand_chr4.PCGF3.assoc.linear
... done.
373 phenotype values present after --pheno.
Writing linear model association results to
/home/jihwanlee/Publish/5q15_immune_dieases/result/06_transcis_scan/LNPEP/assoc_by_chr/LNPEP_cand_chr4.SCOC.assoc.linear
... done.
373 phenotype values present after --pheno.
Writing linear model association results to
/home/jihwanlee/Publish/5q15_immune_dieases/result/06_transcis_scan/LNPEP/assoc_by_chr/LNPEP_cand_chr4.SLC2A9.assoc.linear
... done.
373 phenotype values present after --pheno.
Writing linear model association results to
/home/jihwanlee/Publish/5q15_immune_dieases/result/06_transcis_scan/LNPEP/assoc_by_chr/LNPEP_cand_chr4.ACSL1.assoc.linear
... done.
373 phenotype values present after --pheno.
Writing linear model association results to
/home/jihwanlee/Publish/5q15_immune_dieases/result/06_transcis_scan/LNPEP/assoc_by_chr/LNPEP_cand_chr4.H2AFZ.assoc.linear
... done.
373 phenotype values present after --pheno.
Writing linear model association results to
/home/jihwanlee/Publish/5q15_immune_dieases/result/06_transcis_scan/LNPEP/assoc_by_chr/LNPEP_cand_chr4.FAT1.assoc.linear
... done.
373 phenotype values present after --pheno.
Writing linear model association results to
/home/jihwanlee/Publish/5q15_immune_dieases/result/06_transcis_scan/LNPEP/assoc_by_chr/LNPEP_cand_chr4.TLR6.assoc.linear
... done.
373 phenotype values present after --pheno.
Writing linear model association results to
/home/jihwanlee/Publish/5q15_immune_dieases/result/06_transcis_scan/LNPEP/assoc_by_chr/LNPEP_cand_chr4.RNF4.assoc.linear
... done.
373 phenotype values present after --pheno.
Writing linear model association results to
/home/jihwanlee/Publish/5q15_immune_dieases/result/06_transcis_scan/LNPEP/assoc_by_chr/LNPEP_cand_chr4.CCNI.assoc.linear
... done.
373 phenotype values present after --pheno.
Writing linear model association results to
/home/jihwanlee/Publish/5q15_immune_dieases/result/06_transcis_scan/LNPEP/assoc_by_chr/LNPEP_cand_chr4.ANKRD50.assoc.linear
... done.
373 phenotype values present after --pheno.
Writing linear model association results to
/home/jihwanlee/Publish/5q15_immune_dieases/result/06_transcis_scan/LNPEP/assoc_by_chr/LNPEP_cand_chr4.RPL9.assoc.linear
... done.
373 phenotype values present after --pheno.
Writing linear model association results to
/home/jihwanlee/Publish/5q15_immune_dieases/result/06_transcis_scan/LNPEP/assoc_by_chr/LNPEP_cand_chr4.METAP1.assoc.linear
... done.
373 phenotype values present after --pheno.
Writing linear model association results to
/home/jihwanlee/Publish/5q15_immune_dieases/result/06_transcis_scan/LNPEP/assoc_by_chr/LNPEP_cand_chr4.RASSF6.assoc.linear
... done.
373 phenotype values present after --pheno.
Writing linear model association results to
/home/jihwanlee/Publish/5q15_immune_dieases/result/06_transcis_scan/LNPEP/assoc_by_chr/LNPEP_cand_chr4.SLAIN2.assoc.linear
... done.
373 phenotype values present after --pheno.
Writing linear model association results to
/home/jihwanlee/Publish/5q15_immune_dieases/result/06_transcis_scan/LNPEP/assoc_by_chr/LNPEP_cand_chr4.FAM175A.assoc.linear
... done.
373 phenotype values present after --pheno.
Writing linear model association results to
/home/jihwanlee/Publish/5q15_immune_dieases/result/06_transcis_scan/LNPEP/assoc_by_chr/LNPEP_cand_chr4.HAUS3.assoc.linear
... done.
373 phenotype values present after --pheno.
Writing linear model association results to
/home/jihwanlee/Publish/5q15_immune_dieases/result/06_transcis_scan/LNPEP/assoc_by_chr/LNPEP_cand_chr4.RUFY3.assoc.linear
... done.
373 phenotype values present after --pheno.
Writing linear model association results to
/home/jihwanlee/Publish/5q15_immune_dieases/result/06_transcis_scan/LNPEP/assoc_by_chr/LNPEP_cand_chr4.DCHS2.assoc.linear
... done.
373 phenotype values present after --pheno.
Writing linear model association results to
/home/jihwanlee/Publish/5q15_immune_dieases/result/06_transcis_scan/LNPEP/assoc_by_chr/LNPEP_cand_chr4.RASL11B.assoc.linear
... done.
373 phenotype values present after --pheno.
Writing linear model association results to
/home/jihwanlee/Publish/5q15_immune_dieases/result/06_transcis_scan/LNPEP/assoc_by_chr/LNPEP_cand_chr4.SDAD1.assoc.linear
... done.
373 phenotype values present after --pheno.
Writing linear model association results to
/home/jihwanlee/Publish/5q15_immune_dieases/result/06_transcis_scan/LNPEP/assoc_by_chr/LNPEP_cand_chr4.LNX1.assoc.linear
... done.
373 phenotype values present after --pheno.
Writing linear model association results to
/home/jihwanlee/Publish/5q15_immune_dieases/result/06_transcis_scan/LNPEP/assoc_by_chr/LNPEP_cand_chr4.PGM2.assoc.linear
... done.
373 phenotype values present after --pheno.
Writing linear model association results to
/home/jihwanlee/Publish/5q15_immune_dieases/result/06_transcis_scan/LNPEP/assoc_by_chr/LNPEP_cand_chr4.BOD1L.assoc.linear
... done.
373 phenotype values present after --pheno.
Writing linear model association results to
/home/jihwanlee/Publish/5q15_immune_dieases/result/06_transcis_scan/LNPEP/assoc_by_chr/LNPEP_cand_chr4.SLC26A1.assoc.linear
... done.
373 phenotype values present after --pheno.
Writing linear model association results to
/home/jihwanlee/Publish/5q15_immune_dieases/result/06_transcis_scan/LNPEP/assoc_by_chr/LNPEP_cand_chr4.RHOH.assoc.linear
... done.
373 phenotype values present after --pheno.
Writing linear model association results to
/home/jihwanlee/Publish/5q15_immune_dieases/result/06_transcis_scan/LNPEP/assoc_by_chr/LNPEP_cand_chr4.DCUN1D4.assoc.linear
... done.
373 phenotype values present after --pheno.
Writing linear model association results to
/home/jihwanlee/Publish/5q15_immune_dieases/result/06_transcis_scan/LNPEP/assoc_by_chr/LNPEP_cand_chr4.ZNF827.assoc.linear
... done.
373 phenotype values present after --pheno.
Writing linear model association results to
/home/jihwanlee/Publish/5q15_immune_dieases/result/06_transcis_scan/LNPEP/assoc_by_chr/LNPEP_cand_chr4.POLR2B.assoc.linear
... done.
373 phenotype values present after --pheno.
Writing linear model association results to
/home/jihwanlee/Publish/5q15_immune_dieases/result/06_transcis_scan/LNPEP/assoc_by_chr/LNPEP_cand_chr4.KIAA1109.assoc.linear
... done.
373 phenotype values present after --pheno.
Writing linear model association results to
/home/jihwanlee/Publish/5q15_immune_dieases/result/06_transcis_scan/LNPEP/assoc_by_chr/LNPEP_cand_chr4.HADH.assoc.linear
... done.
373 phenotype values present after --pheno.
Writing linear model association results to
/home/jihwanlee/Publish/5q15_immune_dieases/result/06_transcis_scan/LNPEP/assoc_by_chr/LNPEP_cand_chr4.ABCG2.assoc.linear
... done.
373 phenotype values present after --pheno.
Writing linear model association results to
/home/jihwanlee/Publish/5q15_immune_dieases/result/06_transcis_scan/LNPEP/assoc_by_chr/LNPEP_cand_chr4.HOPX.assoc.linear
... done.
373 phenotype values present after --pheno.
Writing linear model association results to
/home/jihwanlee/Publish/5q15_immune_dieases/result/06_transcis_scan/LNPEP/assoc_by_chr/LNPEP_cand_chr4.USP53.assoc.linear
... done.
373 phenotype values present after --pheno.
Writing linear model association results to
/home/jihwanlee/Publish/5q15_immune_dieases/result/06_transcis_scan/LNPEP/assoc_by_chr/LNPEP_cand_chr4.FAM47E.assoc.linear
... done.
373 phenotype values present after --pheno.
Writing linear model association results to
/home/jihwanlee/Publish/5q15_immune_dieases/result/06_transcis_scan/LNPEP/assoc_by_chr/LNPEP_cand_chr4.ELOVL6.assoc.linear
... done.
373 phenotype values present after --pheno.
Writing linear model association results to
/home/jihwanlee/Publish/5q15_immune_dieases/result/06_transcis_scan/LNPEP/assoc_by_chr/LNPEP_cand_chr4.HTT.assoc.linear
... done.
373 phenotype values present after --pheno.
Writing linear model association results to
/home/jihwanlee/Publish/5q15_immune_dieases/result/06_transcis_scan/LNPEP/assoc_by_chr/LNPEP_cand_chr4.DCAF4L1.assoc.linear
... done.
373 phenotype values present after --pheno.
Writing linear model association results to
/home/jihwanlee/Publish/5q15_immune_dieases/result/06_transcis_scan/LNPEP/assoc_by_chr/LNPEP_cand_chr4.LIN54.assoc.linear
... done.
373 phenotype values present after --pheno.
Writing linear model association results to
/home/jihwanlee/Publish/5q15_immune_dieases/result/06_transcis_scan/LNPEP/assoc_by_chr/LNPEP_cand_chr4.GRPEL1.assoc.linear
... done.
373 phenotype values present after --pheno.
Writing linear model association results to
/home/jihwanlee/Publish/5q15_immune_dieases/result/06_transcis_scan/LNPEP/assoc_by_chr/LNPEP_cand_chr4.SORCS2.assoc.linear
... done.
373 phenotype values present after --pheno.
Writing linear model association results to
/home/jihwanlee/Publish/5q15_immune_dieases/result/06_transcis_scan/LNPEP/assoc_by_chr/LNPEP_cand_chr4.CCNG2.assoc.linear
... done.
373 phenotype values present after --pheno.
Writing linear model association results to
/home/jihwanlee/Publish/5q15_immune_dieases/result/06_transcis_scan/LNPEP/assoc_by_chr/LNPEP_cand_chr4.MAPK10.assoc.linear
... done.
373 phenotype values present after --pheno.
Writing linear model association results to
/home/jihwanlee/Publish/5q15_immune_dieases/result/06_transcis_scan/LNPEP/assoc_by_chr/LNPEP_cand_chr4.HPGD.assoc.linear
... done.
373 phenotype values present after --pheno.
Writing linear model association results to
/home/jihwanlee/Publish/5q15_immune_dieases/result/06_transcis_scan/LNPEP/assoc_by_chr/LNPEP_cand_chr4.TBC1D9.assoc.linear
... done.
373 phenotype values present after --pheno.
Writing linear model association results to
/home/jihwanlee/Publish/5q15_immune_dieases/result/06_transcis_scan/LNPEP/assoc_by_chr/LNPEP_cand_chr4.FNIP2.assoc.linear
... done.
373 phenotype values present after --pheno.
Writing linear model association results to
/home/jihwanlee/Publish/5q15_immune_dieases/result/06_transcis_scan/LNPEP/assoc_by_chr/LNPEP_cand_chr4.GUF1.assoc.linear
... done.
373 phenotype values present after --pheno.
Writing linear model association results to
/home/jihwanlee/Publish/5q15_immune_dieases/result/06_transcis_scan/LNPEP/assoc_by_chr/LNPEP_cand_chr4.TBC1D1.assoc.linear
... done.
373 phenotype values present after --pheno.
Writing linear model association results to
/home/jihwanlee/Publish/5q15_immune_dieases/result/06_transcis_scan/LNPEP/assoc_by_chr/LNPEP_cand_chr4.TEC.assoc.linear
... done.
373 phenotype values present after --pheno.
Writing linear model association results to
/home/jihwanlee/Publish/5q15_immune_dieases/result/06_transcis_scan/LNPEP/assoc_by_chr/LNPEP_cand_chr4.C4orf36.assoc.linear
... done.
373 phenotype values present after --pheno.
Writing linear model association results to
/home/jihwanlee/Publish/5q15_immune_dieases/result/06_transcis_scan/LNPEP/assoc_by_chr/LNPEP_cand_chr4.C4orf34.assoc.linear
... done.
373 phenotype values present after --pheno.
Writing linear model association results to
/home/jihwanlee/Publish/5q15_immune_dieases/result/06_transcis_scan/LNPEP/assoc_by_chr/LNPEP_cand_chr4.C4orf32.assoc.linear
... done.
373 phenotype values present after --pheno.
Writing linear model association results to
/home/jihwanlee/Publish/5q15_immune_dieases/result/06_transcis_scan/LNPEP/assoc_by_chr/LNPEP_cand_chr4.C4orf33.assoc.linear
... done.
373 phenotype values present after --pheno.
Writing linear model association results to
/home/jihwanlee/Publish/5q15_immune_dieases/result/06_transcis_scan/LNPEP/assoc_by_chr/LNPEP_cand_chr4.SRD5A3.assoc.linear
... done.
373 phenotype values present after --pheno.
Writing linear model association results to
/home/jihwanlee/Publish/5q15_immune_dieases/result/06_transcis_scan/LNPEP/assoc_by_chr/LNPEP_cand_chr4.NFKB1.assoc.linear
... done.
373 phenotype values present after --pheno.
Writing linear model association results to
/home/jihwanlee/Publish/5q15_immune_dieases/result/06_transcis_scan/LNPEP/assoc_by_chr/LNPEP_cand_chr4.HNRNPD.assoc.linear
... done.
373 phenotype values present after --pheno.
Writing linear model association results to
/home/jihwanlee/Publish/5q15_immune_dieases/result/06_transcis_scan/LNPEP/assoc_by_chr/LNPEP_cand_chr4.PAQR3.assoc.linear
... done.
373 phenotype values present after --pheno.
Writing linear model association results to
/home/jihwanlee/Publish/5q15_immune_dieases/result/06_transcis_scan/LNPEP/assoc_by_chr/LNPEP_cand_chr4.ATP8A1.assoc.linear
... done.
373 phenotype values present after --pheno.
Writing linear model association results to
/home/jihwanlee/Publish/5q15_immune_dieases/result/06_transcis_scan/LNPEP/assoc_by_chr/LNPEP_cand_chr4.CC2D2A.assoc.linear
... done.
373 phenotype values present after --pheno.
Writing linear model association results to
/home/jihwanlee/Publish/5q15_immune_dieases/result/06_transcis_scan/LNPEP/assoc_by_chr/LNPEP_cand_chr4.USO1.assoc.linear
... done.
373 phenotype values present after --pheno.
Writing linear model association results to
/home/jihwanlee/Publish/5q15_immune_dieases/result/06_transcis_scan/LNPEP/assoc_by_chr/LNPEP_cand_chr4.ZNF518B.assoc.linear
... done.
373 phenotype values present after --pheno.
Writing linear model association results to
/home/jihwanlee/Publish/5q15_immune_dieases/result/06_transcis_scan/LNPEP/assoc_by_chr/LNPEP_cand_chr4.IDUA.assoc.linear
... done.
373 phenotype values present after --pheno.
Writing linear model association results to
/home/jihwanlee/Publish/5q15_immune_dieases/result/06_transcis_scan/LNPEP/assoc_by_chr/LNPEP_cand_chr4.YTHDC1.assoc.linear
... done.
373 phenotype values present after --pheno.
Writing linear model association results to
/home/jihwanlee/Publish/5q15_immune_dieases/result/06_transcis_scan/LNPEP/assoc_by_chr/LNPEP_cand_chr4.FHDC1.assoc.linear
... done.
373 phenotype values present after --pheno.
Writing linear model association results to
/home/jihwanlee/Publish/5q15_immune_dieases/result/06_transcis_scan/LNPEP/assoc_by_chr/LNPEP_cand_chr4.RGS12.assoc.linear
... done.
373 phenotype values present after --pheno.
Writing linear model association results to
/home/jihwanlee/Publish/5q15_immune_dieases/result/06_transcis_scan/LNPEP/assoc_by_chr/LNPEP_cand_chr4.ADH5.assoc.linear
... done.
373 phenotype values present after --pheno.
Writing linear model association results to
/home/jihwanlee/Publish/5q15_immune_dieases/result/06_transcis_scan/LNPEP/assoc_by_chr/LNPEP_cand_chr4.PKD2.assoc.linear
... done.
373 phenotype values present after --pheno.
Writing linear model association results to
/home/jihwanlee/Publish/5q15_immune_dieases/result/06_transcis_scan/LNPEP/assoc_by_chr/LNPEP_cand_chr4.DAPP1.assoc.linear
... done.
373 phenotype values present after --pheno.
Writing linear model association results to
/home/jihwanlee/Publish/5q15_immune_dieases/result/06_transcis_scan/LNPEP/assoc_by_chr/LNPEP_cand_chr4.C4orf3.assoc.linear
... done.
373 phenotype values present after --pheno.
Writing linear model association results to
/home/jihwanlee/Publish/5q15_immune_dieases/result/06_transcis_scan/LNPEP/assoc_by_chr/LNPEP_cand_chr4.TBC1D19.assoc.linear
... done.
373 phenotype values present after --pheno.
Writing linear model association results to
/home/jihwanlee/Publish/5q15_immune_dieases/result/06_transcis_scan/LNPEP/assoc_by_chr/LNPEP_cand_chr4.TBC1D14.assoc.linear
... done.
373 phenotype values present after --pheno.
Writing linear model association results to
/home/jihwanlee/Publish/5q15_immune_dieases/result/06_transcis_scan/LNPEP/assoc_by_chr/LNPEP_cand_chr4.UTP3.assoc.linear
... done.
373 phenotype values present after --pheno.
Writing linear model association results to
/home/jihwanlee/Publish/5q15_immune_dieases/result/06_transcis_scan/LNPEP/assoc_by_chr/LNPEP_cand_chr4.DCAF16.assoc.linear
... done.
373 phenotype values present after --pheno.
Writing linear model association results to
/home/jihwanlee/Publish/5q15_immune_dieases/result/06_transcis_scan/LNPEP/assoc_by_chr/LNPEP_cand_chr4.ELF2.assoc.linear
... done.
373 phenotype values present after --pheno.
Writing linear model association results to
/home/jihwanlee/Publish/5q15_immune_dieases/result/06_transcis_scan/LNPEP/assoc_by_chr/LNPEP_cand_chr4.SEC31A.assoc.linear
... done.
373 phenotype values present after --pheno.
Writing linear model association results to
/home/jihwanlee/Publish/5q15_immune_dieases/result/06_transcis_scan/LNPEP/assoc_by_chr/LNPEP_cand_chr4.TXK.assoc.linear
... done.
373 phenotype values present after --pheno.
Writing linear model association results to
/home/jihwanlee/Publish/5q15_immune_dieases/result/06_transcis_scan/LNPEP/assoc_by_chr/LNPEP_cand_chr4.FAM149A.assoc.linear
... done.
373 phenotype values present after --pheno.
Writing linear model association results to
/home/jihwanlee/Publish/5q15_immune_dieases/result/06_transcis_scan/LNPEP/assoc_by_chr/LNPEP_cand_chr4.DGKQ.assoc.linear
... done.
373 phenotype values present after --pheno.
Writing linear model association results to
/home/jihwanlee/Publish/5q15_immune_dieases/result/06_transcis_scan/LNPEP/assoc_by_chr/LNPEP_cand_chr4.DOK7.assoc.linear
... done.
373 phenotype values present after --pheno.
Writing linear model association results to
/home/jihwanlee/Publish/5q15_immune_dieases/result/06_transcis_scan/LNPEP/assoc_by_chr/LNPEP_cand_chr4.MSX1.assoc.linear
... done.
373 phenotype values present after --pheno.
Writing linear model association results to
/home/jihwanlee/Publish/5q15_immune_dieases/result/06_transcis_scan/LNPEP/assoc_by_chr/LNPEP_cand_chr4.NR3C2.assoc.linear
... done.
373 phenotype values present after --pheno.
Writing linear model association results to
/home/jihwanlee/Publish/5q15_immune_dieases/result/06_transcis_scan/LNPEP/assoc_by_chr/LNPEP_cand_chr4.PGRMC2.assoc.linear
... done.
373 phenotype values present after --pheno.
Writing linear model association results to
/home/jihwanlee/Publish/5q15_immune_dieases/result/06_transcis_scan/LNPEP/assoc_by_chr/LNPEP_cand_chr4.KIAA1530.assoc.linear
... done.
373 phenotype values present after --pheno.
Writing linear model association results to
/home/jihwanlee/Publish/5q15_immune_dieases/result/06_transcis_scan/LNPEP/assoc_by_chr/LNPEP_cand_chr4.G3BP2.assoc.linear
... done.
373 phenotype values present after --pheno.
Writing linear model association results to
/home/jihwanlee/Publish/5q15_immune_dieases/result/06_transcis_scan/LNPEP/assoc_by_chr/LNPEP_cand_chr4.KIAA1430.assoc.linear
... done.
373 phenotype values present after --pheno.
Writing linear model association results to
/home/jihwanlee/Publish/5q15_immune_dieases/result/06_transcis_scan/LNPEP/assoc_by_chr/LNPEP_cand_chr4.TMEM165.assoc.linear
... done.
373 phenotype values present after --pheno.
Writing linear model association results to
/home/jihwanlee/Publish/5q15_immune_dieases/result/06_transcis_scan/LNPEP/assoc_by_chr/LNPEP_cand_chr4.CNO.assoc.linear
... done.
373 phenotype values present after --pheno.
Writing linear model association results to
/home/jihwanlee/Publish/5q15_immune_dieases/result/06_transcis_scan/LNPEP/assoc_by_chr/LNPEP_cand_chr4.RPL34.assoc.linear
... done.
373 phenotype values present after --pheno.
Writing linear model association results to
/home/jihwanlee/Publish/5q15_immune_dieases/result/06_transcis_scan/LNPEP/assoc_by_chr/LNPEP_cand_chr4.SLC7A11.assoc.linear
... done.
373 phenotype values present after --pheno.
Writing linear model association results to
/home/jihwanlee/Publish/5q15_immune_dieases/result/06_transcis_scan/LNPEP/assoc_by_chr/LNPEP_cand_chr4.BBS7.assoc.linear
... done.
373 phenotype values present after --pheno.
Writing linear model association results to
/home/jihwanlee/Publish/5q15_immune_dieases/result/06_transcis_scan/LNPEP/assoc_by_chr/LNPEP_cand_chr4.PLAC8.assoc.linear
... done.
373 phenotype values present after --pheno.
Writing linear model association results to
/home/jihwanlee/Publish/5q15_immune_dieases/result/06_transcis_scan/LNPEP/assoc_by_chr/LNPEP_cand_chr4.SPATA5.assoc.linear
... done.

End time: Sat Dec 27 01:36:27 2025
