PLINK v1.9.0-b.7.11 64-bit (19 Aug 2025)
Options in effect:
  --bfile /home/jihwanlee/Publish/test3/../GenotypeData/GW.E-GEUV-3.EUR.MAF005.HWE1e-06
  --extract /home/jihwanlee/Publish/test3/result/01_pca/indepSNP.prune.in
  --out /home/jihwanlee/Publish/test3/result/01_pca/pca10
  --pca 10

Hostname: DESKTOP-KIL3KVO
Working directory: /home/jihwanlee/Publish/test3
Start time: Thu Dec 25 03:00:38 2025

Random number seed: 1766599238
11800 MB RAM detected; reserving 5900 MB for main workspace.
5913563 variants loaded from .bim file.
376 people (0 males, 0 females, 376 ambiguous) loaded from .fam.
Ambiguous sex IDs written to
/home/jihwanlee/Publish/test3/result/01_pca/pca10.nosex .
--extract: 411175 variants remaining.
Using up to 8 threads (change this with --threads).
Before main variant filters, 376 founders and 0 nonfounders present.
Calculating allele frequencies... done.
Total genotyping rate is 0.997978.
411175 variants and 376 people pass filters and QC.
Note: No phenotypes present.
Relationship matrix calculation complete.
--pca: Results saved to
/home/jihwanlee/Publish/test3/result/01_pca/pca10.eigenval and
/home/jihwanlee/Publish/test3/result/01_pca/pca10.eigenvec .

End time: Thu Dec 25 03:00:45 2025
