PLINK v1.9.0-b.7.11 64-bit (19 Aug 2025)
Options in effect:
  --bfile /home/jihwanlee/Publish/5q15_immune_dieases/../GenotypeData/GW.E-GEUV-3.EUR.MAF005.HWE1e-06
  --chr 5
  --from-bp 95612083
  --out /home/jihwanlee/Publish/5q15_immune_dieases/result/07_crossconditional/tmp/snplist_rs1065407_pm500000
  --to-bp 96612083
  --write-snplist

Hostname: DESKTOP-KIL3KVO
Working directory: /home/jihwanlee/Publish/5q15_immune_dieases
Start time: Sun Dec 28 00:02:44 2025

Random number seed: 1766847764
11800 MB RAM detected; reserving 5900 MB for main workspace.
2454 out of 5913563 variants loaded from .bim file.
376 people (0 males, 0 females, 376 ambiguous) loaded from .fam.
Ambiguous sex IDs written to
/home/jihwanlee/Publish/5q15_immune_dieases/result/07_crossconditional/tmp/snplist_rs1065407_pm500000.nosex
.
Using 1 thread (no multithreaded calculations invoked).
Before main variant filters, 376 founders and 0 nonfounders present.
Calculating allele frequencies... done.
Total genotyping rate is exactly 1.
2454 variants and 376 people pass filters and QC.
Note: No phenotypes present.
List of variant IDs written to
/home/jihwanlee/Publish/5q15_immune_dieases/result/07_crossconditional/tmp/snplist_rs1065407_pm500000.snplist
.

End time: Sun Dec 28 00:02:45 2025
