PLINK v1.9.0-b.7.11 64-bit (19 Aug 2025)
Options in effect:
  --all-pheno
  --allow-no-sex
  --bfile /home/jihwanlee/Publish/5q15_immune_dieases/../GenotypeData/GW.E-GEUV-3.EUR.MAF005.HWE1e-06
  --covar /home/jihwanlee/Publish/5q15_immune_dieases/result/01_pca/covar_pca10.tsv
  --covar-name C1 C2 C3 C4 C5 C6 C7 C8 C9 C10
  --extract /home/jihwanlee/Publish/5q15_immune_dieases/result/06_transcis_scan/rsids/ERAP1_union_proxy0.8_cred_top20.rsids.txt
  --linear hide-covar
  --out /home/jihwanlee/Publish/5q15_immune_dieases/result/06_transcis_scan/ERAP1/assoc_by_chr/ERAP1_cand_chr20
  --pheno /home/jihwanlee/Publish/5q15_immune_dieases/../PhenotypeData/chr20_GD462.signalGeneQuantRPKM_plink.txt

Hostname: DESKTOP-KIL3KVO
Working directory: /home/jihwanlee/Publish/5q15_immune_dieases
Start time: Sat Dec 27 01:35:20 2025

Random number seed: 1766766920
11800 MB RAM detected; reserving 5900 MB for main workspace.
5913563 variants loaded from .bim file.
376 people (0 males, 0 females, 376 ambiguous) loaded from .fam.
Ambiguous sex IDs written to
/home/jihwanlee/Publish/5q15_immune_dieases/result/06_transcis_scan/ERAP1/assoc_by_chr/ERAP1_cand_chr20.nosex
.
373 phenotype values present after --pheno.
--extract: 27 variants remaining.
Using 1 thread (no multithreaded calculations invoked).
--covar: 10 covariates loaded.
Before main variant filters, 376 founders and 0 nonfounders present.
Calculating allele frequencies... done.
Total genotyping rate is exactly 1.
27 variants and 376 people pass filters and QC.
Phenotype data is quantitative.
373 phenotype values present after --pheno.
Writing linear model association results to
/home/jihwanlee/Publish/5q15_immune_dieases/result/06_transcis_scan/ERAP1/assoc_by_chr/ERAP1_cand_chr20.BCL2L1.assoc.linear
... done.
373 phenotype values present after --pheno.
Writing linear model association results to
/home/jihwanlee/Publish/5q15_immune_dieases/result/06_transcis_scan/ERAP1/assoc_by_chr/ERAP1_cand_chr20.NFATC2.assoc.linear
... done.
373 phenotype values present after --pheno.
Writing linear model association results to
/home/jihwanlee/Publish/5q15_immune_dieases/result/06_transcis_scan/ERAP1/assoc_by_chr/ERAP1_cand_chr20.TGM2.assoc.linear
... done.
373 phenotype values present after --pheno.
Writing linear model association results to
/home/jihwanlee/Publish/5q15_immune_dieases/result/06_transcis_scan/ERAP1/assoc_by_chr/ERAP1_cand_chr20.PCK1.assoc.linear
... done.
373 phenotype values present after --pheno.
Writing linear model association results to
/home/jihwanlee/Publish/5q15_immune_dieases/result/06_transcis_scan/ERAP1/assoc_by_chr/ERAP1_cand_chr20.ID1.assoc.linear
... done.
373 phenotype values present after --pheno.
Writing linear model association results to
/home/jihwanlee/Publish/5q15_immune_dieases/result/06_transcis_scan/ERAP1/assoc_by_chr/ERAP1_cand_chr20.PCIF1.assoc.linear
... done.
373 phenotype values present after --pheno.
Writing linear model association results to
/home/jihwanlee/Publish/5q15_immune_dieases/result/06_transcis_scan/ERAP1/assoc_by_chr/ERAP1_cand_chr20.NPEPL1.assoc.linear
... done.
373 phenotype values present after --pheno.
Writing linear model association results to
/home/jihwanlee/Publish/5q15_immune_dieases/result/06_transcis_scan/ERAP1/assoc_by_chr/ERAP1_cand_chr20.DHX35.assoc.linear
... done.
373 phenotype values present after --pheno.
Writing linear model association results to
/home/jihwanlee/Publish/5q15_immune_dieases/result/06_transcis_scan/ERAP1/assoc_by_chr/ERAP1_cand_chr20.ERGIC3.assoc.linear
... done.
373 phenotype values present after --pheno.
Writing linear model association results to
/home/jihwanlee/Publish/5q15_immune_dieases/result/06_transcis_scan/ERAP1/assoc_by_chr/ERAP1_cand_chr20.C20orf11.assoc.linear
... done.
373 phenotype values present after --pheno.
Writing linear model association results to
/home/jihwanlee/Publish/5q15_immune_dieases/result/06_transcis_scan/ERAP1/assoc_by_chr/ERAP1_cand_chr20.MOCS3.assoc.linear
... done.
373 phenotype values present after --pheno.
Writing linear model association results to
/home/jihwanlee/Publish/5q15_immune_dieases/result/06_transcis_scan/ERAP1/assoc_by_chr/ERAP1_cand_chr20.PLK1S1.assoc.linear
... done.
373 phenotype values present after --pheno.
Writing linear model association results to
/home/jihwanlee/Publish/5q15_immune_dieases/result/06_transcis_scan/ERAP1/assoc_by_chr/ERAP1_cand_chr20.NSFL1C.assoc.linear
... done.
373 phenotype values present after --pheno.
Writing linear model association results to
/home/jihwanlee/Publish/5q15_immune_dieases/result/06_transcis_scan/ERAP1/assoc_by_chr/ERAP1_cand_chr20.ATP9A.assoc.linear
... done.
373 phenotype values present after --pheno.
Writing linear model association results to
/home/jihwanlee/Publish/5q15_immune_dieases/result/06_transcis_scan/ERAP1/assoc_by_chr/ERAP1_cand_chr20.UBE2V1.assoc.linear
... done.
373 phenotype values present after --pheno.
Writing linear model association results to
/home/jihwanlee/Publish/5q15_immune_dieases/result/06_transcis_scan/ERAP1/assoc_by_chr/ERAP1_cand_chr20.UQCC.assoc.linear
... done.
373 phenotype values present after --pheno.
Writing linear model association results to
/home/jihwanlee/Publish/5q15_immune_dieases/result/06_transcis_scan/ERAP1/assoc_by_chr/ERAP1_cand_chr20.PRPF6.assoc.linear
... done.
373 phenotype values present after --pheno.
Writing linear model association results to
/home/jihwanlee/Publish/5q15_immune_dieases/result/06_transcis_scan/ERAP1/assoc_by_chr/ERAP1_cand_chr20.RPS21.assoc.linear
... done.
373 phenotype values present after --pheno.
Writing linear model association results to
/home/jihwanlee/Publish/5q15_immune_dieases/result/06_transcis_scan/ERAP1/assoc_by_chr/ERAP1_cand_chr20.DNTTIP1.assoc.linear
... done.
373 phenotype values present after --pheno.
Writing linear model association results to
/home/jihwanlee/Publish/5q15_immune_dieases/result/06_transcis_scan/ERAP1/assoc_by_chr/ERAP1_cand_chr20.TPX2.assoc.linear
... done.
373 phenotype values present after --pheno.
Writing linear model association results to
/home/jihwanlee/Publish/5q15_immune_dieases/result/06_transcis_scan/ERAP1/assoc_by_chr/ERAP1_cand_chr20.PPP1R3D.assoc.linear
... done.
373 phenotype values present after --pheno.
Writing linear model association results to
/home/jihwanlee/Publish/5q15_immune_dieases/result/06_transcis_scan/ERAP1/assoc_by_chr/ERAP1_cand_chr20.FAM83D.assoc.linear
... done.
373 phenotype values present after --pheno.
Writing linear model association results to
/home/jihwanlee/Publish/5q15_immune_dieases/result/06_transcis_scan/ERAP1/assoc_by_chr/ERAP1_cand_chr20.SAMD10.assoc.linear
... done.
373 phenotype values present after --pheno.
Writing linear model association results to
/home/jihwanlee/Publish/5q15_immune_dieases/result/06_transcis_scan/ERAP1/assoc_by_chr/ERAP1_cand_chr20.CASS4.assoc.linear
... done.
373 phenotype values present after --pheno.
Writing linear model association results to
/home/jihwanlee/Publish/5q15_immune_dieases/result/06_transcis_scan/ERAP1/assoc_by_chr/ERAP1_cand_chr20.SLMO2.assoc.linear
... done.
373 phenotype values present after --pheno.
Writing linear model association results to
/home/jihwanlee/Publish/5q15_immune_dieases/result/06_transcis_scan/ERAP1/assoc_by_chr/ERAP1_cand_chr20.TNNC2.assoc.linear
... done.
373 phenotype values present after --pheno.
Writing linear model association results to
/home/jihwanlee/Publish/5q15_immune_dieases/result/06_transcis_scan/ERAP1/assoc_by_chr/ERAP1_cand_chr20.PRNP.assoc.linear
... done.
373 phenotype values present after --pheno.
Writing linear model association results to
/home/jihwanlee/Publish/5q15_immune_dieases/result/06_transcis_scan/ERAP1/assoc_by_chr/ERAP1_cand_chr20.PARD6B.assoc.linear
... done.
373 phenotype values present after --pheno.
Writing linear model association results to
/home/jihwanlee/Publish/5q15_immune_dieases/result/06_transcis_scan/ERAP1/assoc_by_chr/ERAP1_cand_chr20.CBFA2T2.assoc.linear
... done.
373 phenotype values present after --pheno.
Writing linear model association results to
/home/jihwanlee/Publish/5q15_immune_dieases/result/06_transcis_scan/ERAP1/assoc_by_chr/ERAP1_cand_chr20.SLC12A5.assoc.linear
... done.
373 phenotype values present after --pheno.
Writing linear model association results to
/home/jihwanlee/Publish/5q15_immune_dieases/result/06_transcis_scan/ERAP1/assoc_by_chr/ERAP1_cand_chr20.RNF114.assoc.linear
... done.
373 phenotype values present after --pheno.
Writing linear model association results to
/home/jihwanlee/Publish/5q15_immune_dieases/result/06_transcis_scan/ERAP1/assoc_by_chr/ERAP1_cand_chr20.SRMS.assoc.linear
... done.
373 phenotype values present after --pheno.
Writing linear model association results to
/home/jihwanlee/Publish/5q15_immune_dieases/result/06_transcis_scan/ERAP1/assoc_by_chr/ERAP1_cand_chr20.ZSWIM1.assoc.linear
... done.
373 phenotype values present after --pheno.
Writing linear model association results to
/home/jihwanlee/Publish/5q15_immune_dieases/result/06_transcis_scan/ERAP1/assoc_by_chr/ERAP1_cand_chr20.DLGAP4.assoc.linear
... done.
373 phenotype values present after --pheno.
Writing linear model association results to
/home/jihwanlee/Publish/5q15_immune_dieases/result/06_transcis_scan/ERAP1/assoc_by_chr/ERAP1_cand_chr20.ZSWIM3.assoc.linear
... done.
373 phenotype values present after --pheno.
Writing linear model association results to
/home/jihwanlee/Publish/5q15_immune_dieases/result/06_transcis_scan/ERAP1/assoc_by_chr/ERAP1_cand_chr20.PPP1R16B.assoc.linear
... done.
373 phenotype values present after --pheno.
Writing linear model association results to
/home/jihwanlee/Publish/5q15_immune_dieases/result/06_transcis_scan/ERAP1/assoc_by_chr/ERAP1_cand_chr20.ZFP64.assoc.linear
... done.
373 phenotype values present after --pheno.
Writing linear model association results to
/home/jihwanlee/Publish/5q15_immune_dieases/result/06_transcis_scan/ERAP1/assoc_by_chr/ERAP1_cand_chr20.MAPRE1.assoc.linear
... done.
373 phenotype values present after --pheno.
Writing linear model association results to
/home/jihwanlee/Publish/5q15_immune_dieases/result/06_transcis_scan/ERAP1/assoc_by_chr/ERAP1_cand_chr20.PSMF1.assoc.linear
... done.
373 phenotype values present after --pheno.
Writing linear model association results to
/home/jihwanlee/Publish/5q15_immune_dieases/result/06_transcis_scan/ERAP1/assoc_by_chr/ERAP1_cand_chr20.RALGAPA2.assoc.linear
... done.
373 phenotype values present after --pheno.
Writing linear model association results to
/home/jihwanlee/Publish/5q15_immune_dieases/result/06_transcis_scan/ERAP1/assoc_by_chr/ERAP1_cand_chr20.MYT1.assoc.linear
... done.
373 phenotype values present after --pheno.
Writing linear model association results to
/home/jihwanlee/Publish/5q15_immune_dieases/result/06_transcis_scan/ERAP1/assoc_by_chr/ERAP1_cand_chr20.ENTPD6.assoc.linear
... done.
373 phenotype values present after --pheno.
Writing linear model association results to
/home/jihwanlee/Publish/5q15_immune_dieases/result/06_transcis_scan/ERAP1/assoc_by_chr/ERAP1_cand_chr20.C20orf20.assoc.linear
... done.
373 phenotype values present after --pheno.
Writing linear model association results to
/home/jihwanlee/Publish/5q15_immune_dieases/result/06_transcis_scan/ERAP1/assoc_by_chr/ERAP1_cand_chr20.IFT52.assoc.linear
... done.
373 phenotype values present after --pheno.
Writing linear model association results to
/home/jihwanlee/Publish/5q15_immune_dieases/result/06_transcis_scan/ERAP1/assoc_by_chr/ERAP1_cand_chr20.ZMYND8.assoc.linear
... done.
373 phenotype values present after --pheno.
Writing linear model association results to
/home/jihwanlee/Publish/5q15_immune_dieases/result/06_transcis_scan/ERAP1/assoc_by_chr/ERAP1_cand_chr20.C20orf27.assoc.linear
... done.
373 phenotype values present after --pheno.
Writing linear model association results to
/home/jihwanlee/Publish/5q15_immune_dieases/result/06_transcis_scan/ERAP1/assoc_by_chr/ERAP1_cand_chr20.C20orf24.assoc.linear
... done.
373 phenotype values present after --pheno.
Writing linear model association results to
/home/jihwanlee/Publish/5q15_immune_dieases/result/06_transcis_scan/ERAP1/assoc_by_chr/ERAP1_cand_chr20.CTSA.assoc.linear
... done.
373 phenotype values present after --pheno.
Writing linear model association results to
/home/jihwanlee/Publish/5q15_immune_dieases/result/06_transcis_scan/ERAP1/assoc_by_chr/ERAP1_cand_chr20.SPAG4.assoc.linear
... done.
373 phenotype values present after --pheno.
Writing linear model association results to
/home/jihwanlee/Publish/5q15_immune_dieases/result/06_transcis_scan/ERAP1/assoc_by_chr/ERAP1_cand_chr20.CENPB.assoc.linear
... done.
373 phenotype values present after --pheno.
Writing linear model association results to
/home/jihwanlee/Publish/5q15_immune_dieases/result/06_transcis_scan/ERAP1/assoc_by_chr/ERAP1_cand_chr20.CDH26.assoc.linear
... done.
373 phenotype values present after --pheno.
Writing linear model association results to
/home/jihwanlee/Publish/5q15_immune_dieases/result/06_transcis_scan/ERAP1/assoc_by_chr/ERAP1_cand_chr20.SCAND1.assoc.linear
... done.
373 phenotype values present after --pheno.
Writing linear model association results to
/home/jihwanlee/Publish/5q15_immune_dieases/result/06_transcis_scan/ERAP1/assoc_by_chr/ERAP1_cand_chr20.ZCCHC3.assoc.linear
... done.
373 phenotype values present after --pheno.
Writing linear model association results to
/home/jihwanlee/Publish/5q15_immune_dieases/result/06_transcis_scan/ERAP1/assoc_by_chr/ERAP1_cand_chr20.TOMM34.assoc.linear
... done.
373 phenotype values present after --pheno.
Writing linear model association results to
/home/jihwanlee/Publish/5q15_immune_dieases/result/06_transcis_scan/ERAP1/assoc_by_chr/ERAP1_cand_chr20.RBM38.assoc.linear
... done.
373 phenotype values present after --pheno.
Writing linear model association results to
/home/jihwanlee/Publish/5q15_immune_dieases/result/06_transcis_scan/ERAP1/assoc_by_chr/ERAP1_cand_chr20.STK4.assoc.linear
... done.
373 phenotype values present after --pheno.
Writing linear model association results to
/home/jihwanlee/Publish/5q15_immune_dieases/result/06_transcis_scan/ERAP1/assoc_by_chr/ERAP1_cand_chr20.RAE1.assoc.linear
... done.
373 phenotype values present after --pheno.
Writing linear model association results to
/home/jihwanlee/Publish/5q15_immune_dieases/result/06_transcis_scan/ERAP1/assoc_by_chr/ERAP1_cand_chr20.ACOT8.assoc.linear
... done.
373 phenotype values present after --pheno.
Writing linear model association results to
/home/jihwanlee/Publish/5q15_immune_dieases/result/06_transcis_scan/ERAP1/assoc_by_chr/ERAP1_cand_chr20.FAM65C.assoc.linear
... done.
373 phenotype values present after --pheno.
Writing linear model association results to
/home/jihwanlee/Publish/5q15_immune_dieases/result/06_transcis_scan/ERAP1/assoc_by_chr/ERAP1_cand_chr20.MYH7B.assoc.linear
... done.
373 phenotype values present after --pheno.
Writing linear model association results to
/home/jihwanlee/Publish/5q15_immune_dieases/result/06_transcis_scan/ERAP1/assoc_by_chr/ERAP1_cand_chr20.SNAI1.assoc.linear
... done.
373 phenotype values present after --pheno.
Writing linear model association results to
/home/jihwanlee/Publish/5q15_immune_dieases/result/06_transcis_scan/ERAP1/assoc_by_chr/ERAP1_cand_chr20.CSNK2A1.assoc.linear
... done.
373 phenotype values present after --pheno.
Writing linear model association results to
/home/jihwanlee/Publish/5q15_immune_dieases/result/06_transcis_scan/ERAP1/assoc_by_chr/ERAP1_cand_chr20.LIME1.assoc.linear
... done.
373 phenotype values present after --pheno.
Writing linear model association results to
/home/jihwanlee/Publish/5q15_immune_dieases/result/06_transcis_scan/ERAP1/assoc_by_chr/ERAP1_cand_chr20.DYNLRB1.assoc.linear
... done.
373 phenotype values present after --pheno.
Writing linear model association results to
/home/jihwanlee/Publish/5q15_immune_dieases/result/06_transcis_scan/ERAP1/assoc_by_chr/ERAP1_cand_chr20.RBM39.assoc.linear
... done.
373 phenotype values present after --pheno.
Writing linear model association results to
/home/jihwanlee/Publish/5q15_immune_dieases/result/06_transcis_scan/ERAP1/assoc_by_chr/ERAP1_cand_chr20.SOX12.assoc.linear
... done.
373 phenotype values present after --pheno.
Writing linear model association results to
/home/jihwanlee/Publish/5q15_immune_dieases/result/06_transcis_scan/ERAP1/assoc_by_chr/ERAP1_cand_chr20.PKIG.assoc.linear
... done.
373 phenotype values present after --pheno.
Writing linear model association results to
/home/jihwanlee/Publish/5q15_immune_dieases/result/06_transcis_scan/ERAP1/assoc_by_chr/ERAP1_cand_chr20.C20orf152.assoc.linear
... done.
373 phenotype values present after --pheno.
Writing linear model association results to
/home/jihwanlee/Publish/5q15_immune_dieases/result/06_transcis_scan/ERAP1/assoc_by_chr/ERAP1_cand_chr20.TCF15.assoc.linear
... done.
373 phenotype values present after --pheno.
Writing linear model association results to
/home/jihwanlee/Publish/5q15_immune_dieases/result/06_transcis_scan/ERAP1/assoc_by_chr/ERAP1_cand_chr20.FAM110A.assoc.linear
... done.
373 phenotype values present after --pheno.
Writing linear model association results to
/home/jihwanlee/Publish/5q15_immune_dieases/result/06_transcis_scan/ERAP1/assoc_by_chr/ERAP1_cand_chr20.FOXA2.assoc.linear
... done.
373 phenotype values present after --pheno.
Writing linear model association results to
/home/jihwanlee/Publish/5q15_immune_dieases/result/06_transcis_scan/ERAP1/assoc_by_chr/ERAP1_cand_chr20.PLTP.assoc.linear
... done.
373 phenotype values present after --pheno.
Writing linear model association results to
/home/jihwanlee/Publish/5q15_immune_dieases/result/06_transcis_scan/ERAP1/assoc_by_chr/ERAP1_cand_chr20.XRN2.assoc.linear
... done.
373 phenotype values present after --pheno.
Writing linear model association results to
/home/jihwanlee/Publish/5q15_immune_dieases/result/06_transcis_scan/ERAP1/assoc_by_chr/ERAP1_cand_chr20.PLAGL2.assoc.linear
... done.
373 phenotype values present after --pheno.
Writing linear model association results to
/home/jihwanlee/Publish/5q15_immune_dieases/result/06_transcis_scan/ERAP1/assoc_by_chr/ERAP1_cand_chr20.MAVS.assoc.linear
... done.
373 phenotype values present after --pheno.
Writing linear model association results to
/home/jihwanlee/Publish/5q15_immune_dieases/result/06_transcis_scan/ERAP1/assoc_by_chr/ERAP1_cand_chr20.ELMO2.assoc.linear
... done.
373 phenotype values present after --pheno.
Writing linear model association results to
/home/jihwanlee/Publish/5q15_immune_dieases/result/06_transcis_scan/ERAP1/assoc_by_chr/ERAP1_cand_chr20.CSRP2BP.assoc.linear
... done.
373 phenotype values present after --pheno.
Writing linear model association results to
/home/jihwanlee/Publish/5q15_immune_dieases/result/06_transcis_scan/ERAP1/assoc_by_chr/ERAP1_cand_chr20.DNMT3B.assoc.linear
... done.
373 phenotype values present after --pheno.
Writing linear model association results to
/home/jihwanlee/Publish/5q15_immune_dieases/result/06_transcis_scan/ERAP1/assoc_by_chr/ERAP1_cand_chr20.ZNF217.assoc.linear
... done.
373 phenotype values present after --pheno.
Writing linear model association results to
/home/jihwanlee/Publish/5q15_immune_dieases/result/06_transcis_scan/ERAP1/assoc_by_chr/ERAP1_cand_chr20.ADNP.assoc.linear
... done.
373 phenotype values present after --pheno.
Writing linear model association results to
/home/jihwanlee/Publish/5q15_immune_dieases/result/06_transcis_scan/ERAP1/assoc_by_chr/ERAP1_cand_chr20.SNX5.assoc.linear
... done.
373 phenotype values present after --pheno.
Writing linear model association results to
/home/jihwanlee/Publish/5q15_immune_dieases/result/06_transcis_scan/ERAP1/assoc_by_chr/ERAP1_cand_chr20.LSM14B.assoc.linear
... done.
373 phenotype values present after --pheno.
Writing linear model association results to
/home/jihwanlee/Publish/5q15_immune_dieases/result/06_transcis_scan/ERAP1/assoc_by_chr/ERAP1_cand_chr20.NRSN2.assoc.linear
... done.
373 phenotype values present after --pheno.
Writing linear model association results to
/home/jihwanlee/Publish/5q15_immune_dieases/result/06_transcis_scan/ERAP1/assoc_by_chr/ERAP1_cand_chr20.BLCAP.assoc.linear
... done.
373 phenotype values present after --pheno.
Writing linear model association results to
/home/jihwanlee/Publish/5q15_immune_dieases/result/06_transcis_scan/ERAP1/assoc_by_chr/ERAP1_cand_chr20.COMMD7.assoc.linear
... done.
373 phenotype values present after --pheno.
Writing linear model association results to
/home/jihwanlee/Publish/5q15_immune_dieases/result/06_transcis_scan/ERAP1/assoc_by_chr/ERAP1_cand_chr20.SERINC3.assoc.linear
... done.
373 phenotype values present after --pheno.
Writing linear model association results to
/home/jihwanlee/Publish/5q15_immune_dieases/result/06_transcis_scan/ERAP1/assoc_by_chr/ERAP1_cand_chr20.DTD1.assoc.linear
... done.
373 phenotype values present after --pheno.
Writing linear model association results to
/home/jihwanlee/Publish/5q15_immune_dieases/result/06_transcis_scan/ERAP1/assoc_by_chr/ERAP1_cand_chr20.YTHDF1.assoc.linear
... done.
373 phenotype values present after --pheno.
Writing linear model association results to
/home/jihwanlee/Publish/5q15_immune_dieases/result/06_transcis_scan/ERAP1/assoc_by_chr/ERAP1_cand_chr20.ZBP1.assoc.linear
... done.
373 phenotype values present after --pheno.
Writing linear model association results to
/home/jihwanlee/Publish/5q15_immune_dieases/result/06_transcis_scan/ERAP1/assoc_by_chr/ERAP1_cand_chr20.ARFGAP1.assoc.linear
... done.
373 phenotype values present after --pheno.
Writing linear model association results to
/home/jihwanlee/Publish/5q15_immune_dieases/result/06_transcis_scan/ERAP1/assoc_by_chr/ERAP1_cand_chr20.NDRG3.assoc.linear
... done.
373 phenotype values present after --pheno.
Writing linear model association results to
/home/jihwanlee/Publish/5q15_immune_dieases/result/06_transcis_scan/ERAP1/assoc_by_chr/ERAP1_cand_chr20.IDH3B.assoc.linear
... done.
373 phenotype values present after --pheno.
Writing linear model association results to
/home/jihwanlee/Publish/5q15_immune_dieases/result/06_transcis_scan/ERAP1/assoc_by_chr/ERAP1_cand_chr20.SOX18.assoc.linear
... done.
373 phenotype values present after --pheno.
Writing linear model association results to
/home/jihwanlee/Publish/5q15_immune_dieases/result/06_transcis_scan/ERAP1/assoc_by_chr/ERAP1_cand_chr20.TP53RK.assoc.linear
... done.
373 phenotype values present after --pheno.
Writing linear model association results to
/home/jihwanlee/Publish/5q15_immune_dieases/result/06_transcis_scan/ERAP1/assoc_by_chr/ERAP1_cand_chr20.RNF24.assoc.linear
... done.
373 phenotype values present after --pheno.
Writing linear model association results to
/home/jihwanlee/Publish/5q15_immune_dieases/result/06_transcis_scan/ERAP1/assoc_by_chr/ERAP1_cand_chr20.CHD6.assoc.linear
... done.
373 phenotype values present after --pheno.
Writing linear model association results to
/home/jihwanlee/Publish/5q15_immune_dieases/result/06_transcis_scan/ERAP1/assoc_by_chr/ERAP1_cand_chr20.ASXL1.assoc.linear
... done.
373 phenotype values present after --pheno.
Writing linear model association results to
/home/jihwanlee/Publish/5q15_immune_dieases/result/06_transcis_scan/ERAP1/assoc_by_chr/ERAP1_cand_chr20.HAR1B.assoc.linear
... done.
373 phenotype values present after --pheno.
Writing linear model association results to
/home/jihwanlee/Publish/5q15_immune_dieases/result/06_transcis_scan/ERAP1/assoc_by_chr/ERAP1_cand_chr20.HAR1A.assoc.linear
... done.
373 phenotype values present after --pheno.
Writing linear model association results to
/home/jihwanlee/Publish/5q15_immune_dieases/result/06_transcis_scan/ERAP1/assoc_by_chr/ERAP1_cand_chr20.SLC9A8.assoc.linear
... done.
373 phenotype values present after --pheno.
Writing linear model association results to
/home/jihwanlee/Publish/5q15_immune_dieases/result/06_transcis_scan/ERAP1/assoc_by_chr/ERAP1_cand_chr20.ABHD12.assoc.linear
... done.
373 phenotype values present after --pheno.
Writing linear model association results to
/home/jihwanlee/Publish/5q15_immune_dieases/result/06_transcis_scan/ERAP1/assoc_by_chr/ERAP1_cand_chr20.TBC1D20.assoc.linear
... done.
373 phenotype values present after --pheno.
Writing linear model association results to
/home/jihwanlee/Publish/5q15_immune_dieases/result/06_transcis_scan/ERAP1/assoc_by_chr/ERAP1_cand_chr20.NNAT.assoc.linear
... done.
373 phenotype values present after --pheno.
Writing linear model association results to
/home/jihwanlee/Publish/5q15_immune_dieases/result/06_transcis_scan/ERAP1/assoc_by_chr/ERAP1_cand_chr20.CTNNBL1.assoc.linear
... done.
373 phenotype values present after --pheno.
Writing linear model association results to
/home/jihwanlee/Publish/5q15_immune_dieases/result/06_transcis_scan/ERAP1/assoc_by_chr/ERAP1_cand_chr20.MAP1LC3A.assoc.linear
... done.
373 phenotype values present after --pheno.
Writing linear model association results to
/home/jihwanlee/Publish/5q15_immune_dieases/result/06_transcis_scan/ERAP1/assoc_by_chr/ERAP1_cand_chr20.TRIB3.assoc.linear
... done.
373 phenotype values present after --pheno.
Writing linear model association results to
/home/jihwanlee/Publish/5q15_immune_dieases/result/06_transcis_scan/ERAP1/assoc_by_chr/ERAP1_cand_chr20.RRBP1.assoc.linear
... done.
373 phenotype values present after --pheno.
Writing linear model association results to
/home/jihwanlee/Publish/5q15_immune_dieases/result/06_transcis_scan/ERAP1/assoc_by_chr/ERAP1_cand_chr20.POFUT1.assoc.linear
... done.
373 phenotype values present after --pheno.
Writing linear model association results to
/home/jihwanlee/Publish/5q15_immune_dieases/result/06_transcis_scan/ERAP1/assoc_by_chr/ERAP1_cand_chr20.B4GALT5.assoc.linear
... done.
373 phenotype values present after --pheno.
Writing linear model association results to
/home/jihwanlee/Publish/5q15_immune_dieases/result/06_transcis_scan/ERAP1/assoc_by_chr/ERAP1_cand_chr20.NINL.assoc.linear
... done.
373 phenotype values present after --pheno.
Writing linear model association results to
/home/jihwanlee/Publish/5q15_immune_dieases/result/06_transcis_scan/ERAP1/assoc_by_chr/ERAP1_cand_chr20.PROCR.assoc.linear
... done.
373 phenotype values present after --pheno.
Writing linear model association results to
/home/jihwanlee/Publish/5q15_immune_dieases/result/06_transcis_scan/ERAP1/assoc_by_chr/ERAP1_cand_chr20.PLCB4.assoc.linear
... done.
373 phenotype values present after --pheno.
Writing linear model association results to
/home/jihwanlee/Publish/5q15_immune_dieases/result/06_transcis_scan/ERAP1/assoc_by_chr/ERAP1_cand_chr20.GINS1.assoc.linear
... done.
373 phenotype values present after --pheno.
Writing linear model association results to
/home/jihwanlee/Publish/5q15_immune_dieases/result/06_transcis_scan/ERAP1/assoc_by_chr/ERAP1_cand_chr20.WFDC3.assoc.linear
... done.
373 phenotype values present after --pheno.
Writing linear model association results to
/home/jihwanlee/Publish/5q15_immune_dieases/result/06_transcis_scan/ERAP1/assoc_by_chr/ERAP1_cand_chr20.CDC25B.assoc.linear
... done.
373 phenotype values present after --pheno.
Writing linear model association results to
/home/jihwanlee/Publish/5q15_immune_dieases/result/06_transcis_scan/ERAP1/assoc_by_chr/ERAP1_cand_chr20.SLC13A3.assoc.linear
... done.
373 phenotype values present after --pheno.
Writing linear model association results to
/home/jihwanlee/Publish/5q15_immune_dieases/result/06_transcis_scan/ERAP1/assoc_by_chr/ERAP1_cand_chr20.KCNQ2.assoc.linear
... done.
373 phenotype values present after --pheno.
Writing linear model association results to
/home/jihwanlee/Publish/5q15_immune_dieases/result/06_transcis_scan/ERAP1/assoc_by_chr/ERAP1_cand_chr20.PMEPA1.assoc.linear
... done.
373 phenotype values present after --pheno.
Writing linear model association results to
/home/jihwanlee/Publish/5q15_immune_dieases/result/06_transcis_scan/ERAP1/assoc_by_chr/ERAP1_cand_chr20.TUBB1.assoc.linear
... done.
373 phenotype values present after --pheno.
Writing linear model association results to
/home/jihwanlee/Publish/5q15_immune_dieases/result/06_transcis_scan/ERAP1/assoc_by_chr/ERAP1_cand_chr20.HSPA12B.assoc.linear
... done.
373 phenotype values present after --pheno.
Writing linear model association results to
/home/jihwanlee/Publish/5q15_immune_dieases/result/06_transcis_scan/ERAP1/assoc_by_chr/ERAP1_cand_chr20.GSS.assoc.linear
... done.
373 phenotype values present after --pheno.
Writing linear model association results to
/home/jihwanlee/Publish/5q15_immune_dieases/result/06_transcis_scan/ERAP1/assoc_by_chr/ERAP1_cand_chr20.SNPH.assoc.linear
... done.
373 phenotype values present after --pheno.
Writing linear model association results to
/home/jihwanlee/Publish/5q15_immune_dieases/result/06_transcis_scan/ERAP1/assoc_by_chr/ERAP1_cand_chr20.ZNF343.assoc.linear
... done.
373 phenotype values present after --pheno.
Writing linear model association results to
/home/jihwanlee/Publish/5q15_immune_dieases/result/06_transcis_scan/ERAP1/assoc_by_chr/ERAP1_cand_chr20.HCK.assoc.linear
... done.
373 phenotype values present after --pheno.
Writing linear model association results to
/home/jihwanlee/Publish/5q15_immune_dieases/result/06_transcis_scan/ERAP1/assoc_by_chr/ERAP1_cand_chr20.PTPN1.assoc.linear
... done.
373 phenotype values present after --pheno.
Writing linear model association results to
/home/jihwanlee/Publish/5q15_immune_dieases/result/06_transcis_scan/ERAP1/assoc_by_chr/ERAP1_cand_chr20.WFDC2.assoc.linear
... done.
373 phenotype values present after --pheno.
Writing linear model association results to
/home/jihwanlee/Publish/5q15_immune_dieases/result/06_transcis_scan/ERAP1/assoc_by_chr/ERAP1_cand_chr20.KIF3B.assoc.linear
... done.
373 phenotype values present after --pheno.
Writing linear model association results to
/home/jihwanlee/Publish/5q15_immune_dieases/result/06_transcis_scan/ERAP1/assoc_by_chr/ERAP1_cand_chr20.PHF20.assoc.linear
... done.
373 phenotype values present after --pheno.
Writing linear model association results to
/home/jihwanlee/Publish/5q15_immune_dieases/result/06_transcis_scan/ERAP1/assoc_by_chr/ERAP1_cand_chr20.TP53INP2.assoc.linear
... done.
373 phenotype values present after --pheno.
Writing linear model association results to
/home/jihwanlee/Publish/5q15_immune_dieases/result/06_transcis_scan/ERAP1/assoc_by_chr/ERAP1_cand_chr20.TAF4.assoc.linear
... done.
373 phenotype values present after --pheno.
Writing linear model association results to
/home/jihwanlee/Publish/5q15_immune_dieases/result/06_transcis_scan/ERAP1/assoc_by_chr/ERAP1_cand_chr20.PANK2.assoc.linear
... done.
373 phenotype values present after --pheno.
Writing linear model association results to
/home/jihwanlee/Publish/5q15_immune_dieases/result/06_transcis_scan/ERAP1/assoc_by_chr/ERAP1_cand_chr20.RALY.assoc.linear
... done.
373 phenotype values present after --pheno.
Writing linear model association results to
/home/jihwanlee/Publish/5q15_immune_dieases/result/06_transcis_scan/ERAP1/assoc_by_chr/ERAP1_cand_chr20.GNAS.assoc.linear
... done.
373 phenotype values present after --pheno.
Writing linear model association results to
/home/jihwanlee/Publish/5q15_immune_dieases/result/06_transcis_scan/ERAP1/assoc_by_chr/ERAP1_cand_chr20.UBE2C.assoc.linear
... done.
373 phenotype values present after --pheno.
Writing linear model association results to
/home/jihwanlee/Publish/5q15_immune_dieases/result/06_transcis_scan/ERAP1/assoc_by_chr/ERAP1_cand_chr20.SDC4.assoc.linear
... done.
373 phenotype values present after --pheno.
Writing linear model association results to
/home/jihwanlee/Publish/5q15_immune_dieases/result/06_transcis_scan/ERAP1/assoc_by_chr/ERAP1_cand_chr20.CD93.assoc.linear
... done.
373 phenotype values present after --pheno.
Writing linear model association results to
/home/jihwanlee/Publish/5q15_immune_dieases/result/06_transcis_scan/ERAP1/assoc_by_chr/ERAP1_cand_chr20.TOP1.assoc.linear
... done.
373 phenotype values present after --pheno.
Writing linear model association results to
/home/jihwanlee/Publish/5q15_immune_dieases/result/06_transcis_scan/ERAP1/assoc_by_chr/ERAP1_cand_chr20.CPXM1.assoc.linear
... done.
373 phenotype values present after --pheno.
Writing linear model association results to
/home/jihwanlee/Publish/5q15_immune_dieases/result/06_transcis_scan/ERAP1/assoc_by_chr/ERAP1_cand_chr20.C20orf43.assoc.linear
... done.
373 phenotype values present after --pheno.
Writing linear model association results to
/home/jihwanlee/Publish/5q15_immune_dieases/result/06_transcis_scan/ERAP1/assoc_by_chr/ERAP1_cand_chr20.STK35.assoc.linear
... done.
373 phenotype values present after --pheno.
Writing linear model association results to
/home/jihwanlee/Publish/5q15_immune_dieases/result/06_transcis_scan/ERAP1/assoc_by_chr/ERAP1_cand_chr20.RBCK1.assoc.linear
... done.
373 phenotype values present after --pheno.
Writing linear model association results to
/home/jihwanlee/Publish/5q15_immune_dieases/result/06_transcis_scan/ERAP1/assoc_by_chr/ERAP1_cand_chr20.DDRGK1.assoc.linear
... done.
373 phenotype values present after --pheno.
Writing linear model association results to
/home/jihwanlee/Publish/5q15_immune_dieases/result/06_transcis_scan/ERAP1/assoc_by_chr/ERAP1_cand_chr20.C20orf3.assoc.linear
... done.
373 phenotype values present after --pheno.
Writing linear model association results to
/home/jihwanlee/Publish/5q15_immune_dieases/result/06_transcis_scan/ERAP1/assoc_by_chr/ERAP1_cand_chr20.FASTKD5.assoc.linear
... done.
373 phenotype values present after --pheno.
Writing linear model association results to
/home/jihwanlee/Publish/5q15_immune_dieases/result/06_transcis_scan/ERAP1/assoc_by_chr/ERAP1_cand_chr20.ACTR5.assoc.linear
... done.
373 phenotype values present after --pheno.
Writing linear model association results to
/home/jihwanlee/Publish/5q15_immune_dieases/result/06_transcis_scan/ERAP1/assoc_by_chr/ERAP1_cand_chr20.TRPC4AP.assoc.linear
... done.
373 phenotype values present after --pheno.
Writing linear model association results to
/home/jihwanlee/Publish/5q15_immune_dieases/result/06_transcis_scan/ERAP1/assoc_by_chr/ERAP1_cand_chr20.BTBD3.assoc.linear
... done.
373 phenotype values present after --pheno.
Writing linear model association results to
/home/jihwanlee/Publish/5q15_immune_dieases/result/06_transcis_scan/ERAP1/assoc_by_chr/ERAP1_cand_chr20.GGT7.assoc.linear
... done.
373 phenotype values present after --pheno.
Writing linear model association results to
/home/jihwanlee/Publish/5q15_immune_dieases/result/06_transcis_scan/ERAP1/assoc_by_chr/ERAP1_cand_chr20.ZNF337.assoc.linear
... done.
373 phenotype values present after --pheno.
Writing linear model association results to
/home/jihwanlee/Publish/5q15_immune_dieases/result/06_transcis_scan/ERAP1/assoc_by_chr/ERAP1_cand_chr20.ZNF334.assoc.linear
... done.
373 phenotype values present after --pheno.
Writing linear model association results to
/home/jihwanlee/Publish/5q15_immune_dieases/result/06_transcis_scan/ERAP1/assoc_by_chr/ERAP1_cand_chr20.ZNF335.assoc.linear
... done.
373 phenotype values present after --pheno.
Writing linear model association results to
/home/jihwanlee/Publish/5q15_immune_dieases/result/06_transcis_scan/ERAP1/assoc_by_chr/ERAP1_cand_chr20.SYS1.assoc.linear
... done.
373 phenotype values present after --pheno.
Writing linear model association results to
/home/jihwanlee/Publish/5q15_immune_dieases/result/06_transcis_scan/ERAP1/assoc_by_chr/ERAP1_cand_chr20.SLC32A1.assoc.linear
... done.
373 phenotype values present after --pheno.
Writing linear model association results to
/home/jihwanlee/Publish/5q15_immune_dieases/result/06_transcis_scan/ERAP1/assoc_by_chr/ERAP1_cand_chr20.SRXN1.assoc.linear
... done.
373 phenotype values present after --pheno.
Writing linear model association results to
/home/jihwanlee/Publish/5q15_immune_dieases/result/06_transcis_scan/ERAP1/assoc_by_chr/ERAP1_cand_chr20.DSN1.assoc.linear
... done.
373 phenotype values present after --pheno.
Writing linear model association results to
/home/jihwanlee/Publish/5q15_immune_dieases/result/06_transcis_scan/ERAP1/assoc_by_chr/ERAP1_cand_chr20.VAPB.assoc.linear
... done.
373 phenotype values present after --pheno.
Writing linear model association results to
/home/jihwanlee/Publish/5q15_immune_dieases/result/06_transcis_scan/ERAP1/assoc_by_chr/ERAP1_cand_chr20.SLC2A10.assoc.linear
... done.
373 phenotype values present after --pheno.
Writing linear model association results to
/home/jihwanlee/Publish/5q15_immune_dieases/result/06_transcis_scan/ERAP1/assoc_by_chr/ERAP1_cand_chr20.BCAS4.assoc.linear
... done.
373 phenotype values present after --pheno.
Writing linear model association results to
/home/jihwanlee/Publish/5q15_immune_dieases/result/06_transcis_scan/ERAP1/assoc_by_chr/ERAP1_cand_chr20.SLC23A2.assoc.linear
... done.
373 phenotype values present after --pheno.
Writing linear model association results to
/home/jihwanlee/Publish/5q15_immune_dieases/result/06_transcis_scan/ERAP1/assoc_by_chr/ERAP1_cand_chr20.THBD.assoc.linear
... done.
373 phenotype values present after --pheno.
Writing linear model association results to
/home/jihwanlee/Publish/5q15_immune_dieases/result/06_transcis_scan/ERAP1/assoc_by_chr/ERAP1_cand_chr20.ATP5E.assoc.linear
... done.
373 phenotype values present after --pheno.
Writing linear model association results to
/home/jihwanlee/Publish/5q15_immune_dieases/result/06_transcis_scan/ERAP1/assoc_by_chr/ERAP1_cand_chr20.BCAS1.assoc.linear
... done.
373 phenotype values present after --pheno.
Writing linear model association results to
/home/jihwanlee/Publish/5q15_immune_dieases/result/06_transcis_scan/ERAP1/assoc_by_chr/ERAP1_cand_chr20.NCOA3.assoc.linear
... done.
373 phenotype values present after --pheno.
Writing linear model association results to
/home/jihwanlee/Publish/5q15_immune_dieases/result/06_transcis_scan/ERAP1/assoc_by_chr/ERAP1_cand_chr20.TTPAL.assoc.linear
... done.
373 phenotype values present after --pheno.
Writing linear model association results to
/home/jihwanlee/Publish/5q15_immune_dieases/result/06_transcis_scan/ERAP1/assoc_by_chr/ERAP1_cand_chr20.MKKS.assoc.linear
... done.
373 phenotype values present after --pheno.
Writing linear model association results to
/home/jihwanlee/Publish/5q15_immune_dieases/result/06_transcis_scan/ERAP1/assoc_by_chr/ERAP1_cand_chr20.NCOA6.assoc.linear
... done.
373 phenotype values present after --pheno.
Writing linear model association results to
/home/jihwanlee/Publish/5q15_immune_dieases/result/06_transcis_scan/ERAP1/assoc_by_chr/ERAP1_cand_chr20.STMN3.assoc.linear
... done.
373 phenotype values present after --pheno.
Writing linear model association results to
/home/jihwanlee/Publish/5q15_immune_dieases/result/06_transcis_scan/ERAP1/assoc_by_chr/ERAP1_cand_chr20.SEC23B.assoc.linear
... done.
373 phenotype values present after --pheno.
Writing linear model association results to
/home/jihwanlee/Publish/5q15_immune_dieases/result/06_transcis_scan/ERAP1/assoc_by_chr/ERAP1_cand_chr20.NCOA5.assoc.linear
... done.
373 phenotype values present after --pheno.
Writing linear model association results to
/home/jihwanlee/Publish/5q15_immune_dieases/result/06_transcis_scan/ERAP1/assoc_by_chr/ERAP1_cand_chr20.KCNG1.assoc.linear
... done.
373 phenotype values present after --pheno.
Writing linear model association results to
/home/jihwanlee/Publish/5q15_immune_dieases/result/06_transcis_scan/ERAP1/assoc_by_chr/ERAP1_cand_chr20.ZHX3.assoc.linear
... done.
373 phenotype values present after --pheno.
Writing linear model association results to
/home/jihwanlee/Publish/5q15_immune_dieases/result/06_transcis_scan/ERAP1/assoc_by_chr/ERAP1_cand_chr20.NEURL2.assoc.linear
... done.
373 phenotype values present after --pheno.
Writing linear model association results to
/home/jihwanlee/Publish/5q15_immune_dieases/result/06_transcis_scan/ERAP1/assoc_by_chr/ERAP1_cand_chr20.SS18L1.assoc.linear
... done.
373 phenotype values present after --pheno.
Writing linear model association results to
/home/jihwanlee/Publish/5q15_immune_dieases/result/06_transcis_scan/ERAP1/assoc_by_chr/ERAP1_cand_chr20.TRMT6.assoc.linear
... done.
373 phenotype values present after --pheno.
Writing linear model association results to
/home/jihwanlee/Publish/5q15_immune_dieases/result/06_transcis_scan/ERAP1/assoc_by_chr/ERAP1_cand_chr20.TM9SF4.assoc.linear
... done.
373 phenotype values present after --pheno.
Writing linear model association results to
/home/jihwanlee/Publish/5q15_immune_dieases/result/06_transcis_scan/ERAP1/assoc_by_chr/ERAP1_cand_chr20.ZNF341.assoc.linear
... done.
373 phenotype values present after --pheno.
Writing linear model association results to
/home/jihwanlee/Publish/5q15_immune_dieases/result/06_transcis_scan/ERAP1/assoc_by_chr/ERAP1_cand_chr20.TOX2.assoc.linear
... done.
373 phenotype values present after --pheno.
Writing linear model association results to
/home/jihwanlee/Publish/5q15_immune_dieases/result/06_transcis_scan/ERAP1/assoc_by_chr/ERAP1_cand_chr20.PSMA7.assoc.linear
... done.
373 phenotype values present after --pheno.
Writing linear model association results to
/home/jihwanlee/Publish/5q15_immune_dieases/result/06_transcis_scan/ERAP1/assoc_by_chr/ERAP1_cand_chr20.C20orf132.assoc.linear
... done.
373 phenotype values present after --pheno.
Writing linear model association results to
/home/jihwanlee/Publish/5q15_immune_dieases/result/06_transcis_scan/ERAP1/assoc_by_chr/ERAP1_cand_chr20.CST3.assoc.linear
... done.
373 phenotype values present after --pheno.
Writing linear model association results to
/home/jihwanlee/Publish/5q15_immune_dieases/result/06_transcis_scan/ERAP1/assoc_by_chr/ERAP1_cand_chr20.SLCO4A1.assoc.linear
... done.
373 phenotype values present after --pheno.
Writing linear model association results to
/home/jihwanlee/Publish/5q15_immune_dieases/result/06_transcis_scan/ERAP1/assoc_by_chr/ERAP1_cand_chr20.EEF1A2.assoc.linear
... done.
373 phenotype values present after --pheno.
Writing linear model association results to
/home/jihwanlee/Publish/5q15_immune_dieases/result/06_transcis_scan/ERAP1/assoc_by_chr/ERAP1_cand_chr20.DPM1.assoc.linear
... done.
373 phenotype values present after --pheno.
Writing linear model association results to
/home/jihwanlee/Publish/5q15_immune_dieases/result/06_transcis_scan/ERAP1/assoc_by_chr/ERAP1_cand_chr20.SPTLC3.assoc.linear
... done.
373 phenotype values present after --pheno.
Writing linear model association results to
/home/jihwanlee/Publish/5q15_immune_dieases/result/06_transcis_scan/ERAP1/assoc_by_chr/ERAP1_cand_chr20.EPB41L1.assoc.linear
... done.
373 phenotype values present after --pheno.
Writing linear model association results to
/home/jihwanlee/Publish/5q15_immune_dieases/result/06_transcis_scan/ERAP1/assoc_by_chr/ERAP1_cand_chr20.SRC.assoc.linear
... done.
373 phenotype values present after --pheno.
Writing linear model association results to
/home/jihwanlee/Publish/5q15_immune_dieases/result/06_transcis_scan/ERAP1/assoc_by_chr/ERAP1_cand_chr20.EDEM2.assoc.linear
... done.
373 phenotype values present after --pheno.
Writing linear model association results to
/home/jihwanlee/Publish/5q15_immune_dieases/result/06_transcis_scan/ERAP1/assoc_by_chr/ERAP1_cand_chr20.PFDN4.assoc.linear
... done.
373 phenotype values present after --pheno.
Writing linear model association results to
/home/jihwanlee/Publish/5q15_immune_dieases/result/06_transcis_scan/ERAP1/assoc_by_chr/ERAP1_cand_chr20.PHACTR3.assoc.linear
... done.
373 phenotype values present after --pheno.
Writing linear model association results to
/home/jihwanlee/Publish/5q15_immune_dieases/result/06_transcis_scan/ERAP1/assoc_by_chr/ERAP1_cand_chr20.TCFL5.assoc.linear
... done.
373 phenotype values present after --pheno.
Writing linear model association results to
/home/jihwanlee/Publish/5q15_immune_dieases/result/06_transcis_scan/ERAP1/assoc_by_chr/ERAP1_cand_chr20.LPIN3.assoc.linear
... done.
373 phenotype values present after --pheno.
Writing linear model association results to
/home/jihwanlee/Publish/5q15_immune_dieases/result/06_transcis_scan/ERAP1/assoc_by_chr/ERAP1_cand_chr20.ACSS2.assoc.linear
... done.
373 phenotype values present after --pheno.
Writing linear model association results to
/home/jihwanlee/Publish/5q15_immune_dieases/result/06_transcis_scan/ERAP1/assoc_by_chr/ERAP1_cand_chr20.ACSS1.assoc.linear
... done.
373 phenotype values present after --pheno.
Writing linear model association results to
/home/jihwanlee/Publish/5q15_immune_dieases/result/06_transcis_scan/ERAP1/assoc_by_chr/ERAP1_cand_chr20.RAB22A.assoc.linear
... done.
373 phenotype values present after --pheno.
Writing linear model association results to
/home/jihwanlee/Publish/5q15_immune_dieases/result/06_transcis_scan/ERAP1/assoc_by_chr/ERAP1_cand_chr20.TCEA2.assoc.linear
... done.
373 phenotype values present after --pheno.
Writing linear model association results to
/home/jihwanlee/Publish/5q15_immune_dieases/result/06_transcis_scan/ERAP1/assoc_by_chr/ERAP1_cand_chr20.MANBAL.assoc.linear
... done.
373 phenotype values present after --pheno.
Writing linear model association results to
/home/jihwanlee/Publish/5q15_immune_dieases/result/06_transcis_scan/ERAP1/assoc_by_chr/ERAP1_cand_chr20.CHRNA4.assoc.linear
... done.
373 phenotype values present after --pheno.
Writing linear model association results to
/home/jihwanlee/Publish/5q15_immune_dieases/result/06_transcis_scan/ERAP1/assoc_by_chr/ERAP1_cand_chr20.COX4I2.assoc.linear
... done.
373 phenotype values present after --pheno.
Writing linear model association results to
/home/jihwanlee/Publish/5q15_immune_dieases/result/06_transcis_scan/ERAP1/assoc_by_chr/ERAP1_cand_chr20.RPN2.assoc.linear
... done.
373 phenotype values present after --pheno.
Writing linear model association results to
/home/jihwanlee/Publish/5q15_immune_dieases/result/06_transcis_scan/ERAP1/assoc_by_chr/ERAP1_cand_chr20.FERMT1.assoc.linear
... done.
373 phenotype values present after --pheno.
Writing linear model association results to
/home/jihwanlee/Publish/5q15_immune_dieases/result/06_transcis_scan/ERAP1/assoc_by_chr/ERAP1_cand_chr20.TPD52L2.assoc.linear
... done.
373 phenotype values present after --pheno.
Writing linear model association results to
/home/jihwanlee/Publish/5q15_immune_dieases/result/06_transcis_scan/ERAP1/assoc_by_chr/ERAP1_cand_chr20.ARFGEF2.assoc.linear
... done.
373 phenotype values present after --pheno.
Writing linear model association results to
/home/jihwanlee/Publish/5q15_immune_dieases/result/06_transcis_scan/ERAP1/assoc_by_chr/ERAP1_cand_chr20.ADA.assoc.linear
... done.
373 phenotype values present after --pheno.
Writing linear model association results to
/home/jihwanlee/Publish/5q15_immune_dieases/result/06_transcis_scan/ERAP1/assoc_by_chr/ERAP1_cand_chr20.GMEB2.assoc.linear
... done.
373 phenotype values present after --pheno.
Writing linear model association results to
/home/jihwanlee/Publish/5q15_immune_dieases/result/06_transcis_scan/ERAP1/assoc_by_chr/ERAP1_cand_chr20.DDX27.assoc.linear
... done.
373 phenotype values present after --pheno.
Writing linear model association results to
/home/jihwanlee/Publish/5q15_immune_dieases/result/06_transcis_scan/ERAP1/assoc_by_chr/ERAP1_cand_chr20.SYCP2.assoc.linear
... done.
373 phenotype values present after --pheno.
Writing linear model association results to
/home/jihwanlee/Publish/5q15_immune_dieases/result/06_transcis_scan/ERAP1/assoc_by_chr/ERAP1_cand_chr20.CRNKL1.assoc.linear
... done.
373 phenotype values present after --pheno.
Writing linear model association results to
/home/jihwanlee/Publish/5q15_immune_dieases/result/06_transcis_scan/ERAP1/assoc_by_chr/ERAP1_cand_chr20.STAU1.assoc.linear
... done.
373 phenotype values present after --pheno.
Writing linear model association results to
/home/jihwanlee/Publish/5q15_immune_dieases/result/06_transcis_scan/ERAP1/assoc_by_chr/ERAP1_cand_chr20.SNORD17.assoc.linear
... done.
373 phenotype values present after --pheno.
Writing linear model association results to
/home/jihwanlee/Publish/5q15_immune_dieases/result/06_transcis_scan/ERAP1/assoc_by_chr/ERAP1_cand_chr20.EMILIN3.assoc.linear
... done.
373 phenotype values present after --pheno.
Writing linear model association results to
/home/jihwanlee/Publish/5q15_immune_dieases/result/06_transcis_scan/ERAP1/assoc_by_chr/ERAP1_cand_chr20.C20orf202.assoc.linear
... done.
373 phenotype values present after --pheno.
Writing linear model association results to
/home/jihwanlee/Publish/5q15_immune_dieases/result/06_transcis_scan/ERAP1/assoc_by_chr/ERAP1_cand_chr20.C20orf96.assoc.linear
... done.
373 phenotype values present after --pheno.
Writing linear model association results to
/home/jihwanlee/Publish/5q15_immune_dieases/result/06_transcis_scan/ERAP1/assoc_by_chr/ERAP1_cand_chr20.SLC35C2.assoc.linear
... done.
373 phenotype values present after --pheno.
Writing linear model association results to
/home/jihwanlee/Publish/5q15_immune_dieases/result/06_transcis_scan/ERAP1/assoc_by_chr/ERAP1_cand_chr20.CDS2.assoc.linear
... done.
373 phenotype values present after --pheno.
Writing linear model association results to
/home/jihwanlee/Publish/5q15_immune_dieases/result/06_transcis_scan/ERAP1/assoc_by_chr/ERAP1_cand_chr20.RIN2.assoc.linear
... done.
373 phenotype values present after --pheno.
Writing linear model association results to
/home/jihwanlee/Publish/5q15_immune_dieases/result/06_transcis_scan/ERAP1/assoc_by_chr/ERAP1_cand_chr20.NXT1.assoc.linear
... done.
373 phenotype values present after --pheno.
Writing linear model association results to
/home/jihwanlee/Publish/5q15_immune_dieases/result/06_transcis_scan/ERAP1/assoc_by_chr/ERAP1_cand_chr20.DIDO1.assoc.linear
... done.
373 phenotype values present after --pheno.
Writing linear model association results to
/home/jihwanlee/Publish/5q15_immune_dieases/result/06_transcis_scan/ERAP1/assoc_by_chr/ERAP1_cand_chr20.STX16.assoc.linear
... done.
373 phenotype values present after --pheno.
Writing linear model association results to
/home/jihwanlee/Publish/5q15_immune_dieases/result/06_transcis_scan/ERAP1/assoc_by_chr/ERAP1_cand_chr20.CSE1L.assoc.linear
... done.
373 phenotype values present after --pheno.
Writing linear model association results to
/home/jihwanlee/Publish/5q15_immune_dieases/result/06_transcis_scan/ERAP1/assoc_by_chr/ERAP1_cand_chr20.DSTN.assoc.linear
... done.
373 phenotype values present after --pheno.
Writing linear model association results to
/home/jihwanlee/Publish/5q15_immune_dieases/result/06_transcis_scan/ERAP1/assoc_by_chr/ERAP1_cand_chr20.CDK5RAP1.assoc.linear
... done.
373 phenotype values present after --pheno.
Writing linear model association results to
/home/jihwanlee/Publish/5q15_immune_dieases/result/06_transcis_scan/ERAP1/assoc_by_chr/ERAP1_cand_chr20.SDCBP2.assoc.linear
... done.
373 phenotype values present after --pheno.
Writing linear model association results to
/home/jihwanlee/Publish/5q15_immune_dieases/result/06_transcis_scan/ERAP1/assoc_by_chr/ERAP1_cand_chr20.JAG1.assoc.linear
... done.
373 phenotype values present after --pheno.
Writing linear model association results to
/home/jihwanlee/Publish/5q15_immune_dieases/result/06_transcis_scan/ERAP1/assoc_by_chr/ERAP1_cand_chr20.C20orf111.assoc.linear
... done.
373 phenotype values present after --pheno.
Writing linear model association results to
/home/jihwanlee/Publish/5q15_immune_dieases/result/06_transcis_scan/ERAP1/assoc_by_chr/ERAP1_cand_chr20.SLC4A11.assoc.linear
... done.
373 phenotype values present after --pheno.
Writing linear model association results to
/home/jihwanlee/Publish/5q15_immune_dieases/result/06_transcis_scan/ERAP1/assoc_by_chr/ERAP1_cand_chr20.DBNDD2.assoc.linear
... done.
373 phenotype values present after --pheno.
Writing linear model association results to
/home/jihwanlee/Publish/5q15_immune_dieases/result/06_transcis_scan/ERAP1/assoc_by_chr/ERAP1_cand_chr20.FER1L4.assoc.linear
... done.
373 phenotype values present after --pheno.
Writing linear model association results to
/home/jihwanlee/Publish/5q15_immune_dieases/result/06_transcis_scan/ERAP1/assoc_by_chr/ERAP1_cand_chr20.ITCH.assoc.linear
... done.
373 phenotype values present after --pheno.
Writing linear model association results to
/home/jihwanlee/Publish/5q15_immune_dieases/result/06_transcis_scan/ERAP1/assoc_by_chr/ERAP1_cand_chr20.PTK6.assoc.linear
... done.
373 phenotype values present after --pheno.
Writing linear model association results to
/home/jihwanlee/Publish/5q15_immune_dieases/result/06_transcis_scan/ERAP1/assoc_by_chr/ERAP1_cand_chr20.MYL9.assoc.linear
... done.
373 phenotype values present after --pheno.
Writing linear model association results to
/home/jihwanlee/Publish/5q15_immune_dieases/result/06_transcis_scan/ERAP1/assoc_by_chr/ERAP1_cand_chr20.CHMP4B.assoc.linear
... done.
373 phenotype values present after --pheno.
Writing linear model association results to
/home/jihwanlee/Publish/5q15_immune_dieases/result/06_transcis_scan/ERAP1/assoc_by_chr/ERAP1_cand_chr20.C20orf72.assoc.linear
... done.
373 phenotype values present after --pheno.
Writing linear model association results to
/home/jihwanlee/Publish/5q15_immune_dieases/result/06_transcis_scan/ERAP1/assoc_by_chr/ERAP1_cand_chr20.RBM12.assoc.linear
... done.
373 phenotype values present after --pheno.
Writing linear model association results to
/home/jihwanlee/Publish/5q15_immune_dieases/result/06_transcis_scan/ERAP1/assoc_by_chr/ERAP1_cand_chr20.EIF6.assoc.linear
... done.
373 phenotype values present after --pheno.
Writing linear model association results to
/home/jihwanlee/Publish/5q15_immune_dieases/result/06_transcis_scan/ERAP1/assoc_by_chr/ERAP1_cand_chr20.TH1L.assoc.linear
... done.
373 phenotype values present after --pheno.
Writing linear model association results to
/home/jihwanlee/Publish/5q15_immune_dieases/result/06_transcis_scan/ERAP1/assoc_by_chr/ERAP1_cand_chr20.SGK2.assoc.linear
... done.
373 phenotype values present after --pheno.
Writing linear model association results to
/home/jihwanlee/Publish/5q15_immune_dieases/result/06_transcis_scan/ERAP1/assoc_by_chr/ERAP1_cand_chr20.PLCG1.assoc.linear
... done.
373 phenotype values present after --pheno.
Writing linear model association results to
/home/jihwanlee/Publish/5q15_immune_dieases/result/06_transcis_scan/ERAP1/assoc_by_chr/ERAP1_cand_chr20.RPRD1B.assoc.linear
... done.
373 phenotype values present after --pheno.
Writing linear model association results to
/home/jihwanlee/Publish/5q15_immune_dieases/result/06_transcis_scan/ERAP1/assoc_by_chr/ERAP1_cand_chr20.C20orf197.assoc.linear
... done.
373 phenotype values present after --pheno.
Writing linear model association results to
/home/jihwanlee/Publish/5q15_immune_dieases/result/06_transcis_scan/ERAP1/assoc_by_chr/ERAP1_cand_chr20.C20orf196.assoc.linear
... done.
373 phenotype values present after --pheno.
Writing linear model association results to
/home/jihwanlee/Publish/5q15_immune_dieases/result/06_transcis_scan/ERAP1/assoc_by_chr/ERAP1_cand_chr20.C20orf195.assoc.linear
... done.
373 phenotype values present after --pheno.
Writing linear model association results to
/home/jihwanlee/Publish/5q15_immune_dieases/result/06_transcis_scan/ERAP1/assoc_by_chr/ERAP1_cand_chr20.C20orf194.assoc.linear
... done.
373 phenotype values present after --pheno.
Writing linear model association results to
/home/jihwanlee/Publish/5q15_immune_dieases/result/06_transcis_scan/ERAP1/assoc_by_chr/ERAP1_cand_chr20.NECAB3.assoc.linear
... done.
373 phenotype values present after --pheno.
Writing linear model association results to
/home/jihwanlee/Publish/5q15_immune_dieases/result/06_transcis_scan/ERAP1/assoc_by_chr/ERAP1_cand_chr20.MYBL2.assoc.linear
... done.
373 phenotype values present after --pheno.
Writing linear model association results to
/home/jihwanlee/Publish/5q15_immune_dieases/result/06_transcis_scan/ERAP1/assoc_by_chr/ERAP1_cand_chr20.EIF2S2.assoc.linear
... done.
373 phenotype values present after --pheno.
Writing linear model association results to
/home/jihwanlee/Publish/5q15_immune_dieases/result/06_transcis_scan/ERAP1/assoc_by_chr/ERAP1_cand_chr20.UBOX5.assoc.linear
... done.
373 phenotype values present after --pheno.
Writing linear model association results to
/home/jihwanlee/Publish/5q15_immune_dieases/result/06_transcis_scan/ERAP1/assoc_by_chr/ERAP1_cand_chr20.CEBPB.assoc.linear
... done.
373 phenotype values present after --pheno.
Writing linear model association results to
/home/jihwanlee/Publish/5q15_immune_dieases/result/06_transcis_scan/ERAP1/assoc_by_chr/ERAP1_cand_chr20.TP53TG5.assoc.linear
... done.
373 phenotype values present after --pheno.
Writing linear model association results to
/home/jihwanlee/Publish/5q15_immune_dieases/result/06_transcis_scan/ERAP1/assoc_by_chr/ERAP1_cand_chr20.SNHG11.assoc.linear
... done.
373 phenotype values present after --pheno.
Writing linear model association results to
/home/jihwanlee/Publish/5q15_immune_dieases/result/06_transcis_scan/ERAP1/assoc_by_chr/ERAP1_cand_chr20.SMOX.assoc.linear
... done.
373 phenotype values present after --pheno.
Writing linear model association results to
/home/jihwanlee/Publish/5q15_immune_dieases/result/06_transcis_scan/ERAP1/assoc_by_chr/ERAP1_cand_chr20.CTCFL.assoc.linear
... done.
373 phenotype values present after --pheno.
Writing linear model association results to
/home/jihwanlee/Publish/5q15_immune_dieases/result/06_transcis_scan/ERAP1/assoc_by_chr/ERAP1_cand_chr20.GTSF1L.assoc.linear
... done.
373 phenotype values present after --pheno.
Writing linear model association results to
/home/jihwanlee/Publish/5q15_immune_dieases/result/06_transcis_scan/ERAP1/assoc_by_chr/ERAP1_cand_chr20.C20orf112.assoc.linear
... done.
373 phenotype values present after --pheno.
Writing linear model association results to
/home/jihwanlee/Publish/5q15_immune_dieases/result/06_transcis_scan/ERAP1/assoc_by_chr/ERAP1_cand_chr20.CPNE1.assoc.linear
... done.
373 phenotype values present after --pheno.
Writing linear model association results to
/home/jihwanlee/Publish/5q15_immune_dieases/result/06_transcis_scan/ERAP1/assoc_by_chr/ERAP1_cand_chr20.NOP56.assoc.linear
... done.
373 phenotype values present after --pheno.
Writing linear model association results to
/home/jihwanlee/Publish/5q15_immune_dieases/result/06_transcis_scan/ERAP1/assoc_by_chr/ERAP1_cand_chr20.SULF2.assoc.linear
... done.
373 phenotype values present after --pheno.
Writing linear model association results to
/home/jihwanlee/Publish/5q15_immune_dieases/result/06_transcis_scan/ERAP1/assoc_by_chr/ERAP1_cand_chr20.C20orf123.assoc.linear
... done.
373 phenotype values present after --pheno.
Writing linear model association results to
/home/jihwanlee/Publish/5q15_immune_dieases/result/06_transcis_scan/ERAP1/assoc_by_chr/ERAP1_cand_chr20.PDRG1.assoc.linear
... done.
373 phenotype values present after --pheno.
Writing linear model association results to
/home/jihwanlee/Publish/5q15_immune_dieases/result/06_transcis_scan/ERAP1/assoc_by_chr/ERAP1_cand_chr20.GZF1.assoc.linear
... done.
373 phenotype values present after --pheno.
Writing linear model association results to
/home/jihwanlee/Publish/5q15_immune_dieases/result/06_transcis_scan/ERAP1/assoc_by_chr/ERAP1_cand_chr20.AURKA.assoc.linear
... done.
373 phenotype values present after --pheno.
Writing linear model association results to
/home/jihwanlee/Publish/5q15_immune_dieases/result/06_transcis_scan/ERAP1/assoc_by_chr/ERAP1_cand_chr20.YWHAB.assoc.linear
... done.
373 phenotype values present after --pheno.
Writing linear model association results to
/home/jihwanlee/Publish/5q15_immune_dieases/result/06_transcis_scan/ERAP1/assoc_by_chr/ERAP1_cand_chr20.NANP.assoc.linear
... done.
373 phenotype values present after --pheno.
Writing linear model association results to
/home/jihwanlee/Publish/5q15_immune_dieases/result/06_transcis_scan/ERAP1/assoc_by_chr/ERAP1_cand_chr20.CABLES2.assoc.linear
... done.
373 phenotype values present after --pheno.
Writing linear model association results to
/home/jihwanlee/Publish/5q15_immune_dieases/result/06_transcis_scan/ERAP1/assoc_by_chr/ERAP1_cand_chr20.ADRM1.assoc.linear
... done.
373 phenotype values present after --pheno.
Writing linear model association results to
/home/jihwanlee/Publish/5q15_immune_dieases/result/06_transcis_scan/ERAP1/assoc_by_chr/ERAP1_cand_chr20.CDH22.assoc.linear
... done.
373 phenotype values present after --pheno.
Writing linear model association results to
/home/jihwanlee/Publish/5q15_immune_dieases/result/06_transcis_scan/ERAP1/assoc_by_chr/ERAP1_cand_chr20.EYA2.assoc.linear
... done.
373 phenotype values present after --pheno.
Writing linear model association results to
/home/jihwanlee/Publish/5q15_immune_dieases/result/06_transcis_scan/ERAP1/assoc_by_chr/ERAP1_cand_chr20.PCNA.assoc.linear
... done.
373 phenotype values present after --pheno.
Writing linear model association results to
/home/jihwanlee/Publish/5q15_immune_dieases/result/06_transcis_scan/ERAP1/assoc_by_chr/ERAP1_cand_chr20.SNTA1.assoc.linear
... done.
373 phenotype values present after --pheno.
Writing linear model association results to
/home/jihwanlee/Publish/5q15_immune_dieases/result/06_transcis_scan/ERAP1/assoc_by_chr/ERAP1_cand_chr20.CEP250.assoc.linear
... done.
373 phenotype values present after --pheno.
Writing linear model association results to
/home/jihwanlee/Publish/5q15_immune_dieases/result/06_transcis_scan/ERAP1/assoc_by_chr/ERAP1_cand_chr20.ZBTB46.assoc.linear
... done.
373 phenotype values present after --pheno.
Writing linear model association results to
/home/jihwanlee/Publish/5q15_immune_dieases/result/06_transcis_scan/ERAP1/assoc_by_chr/ERAP1_cand_chr20.RP5-995J12.2.assoc.linear
... done.
373 phenotype values present after --pheno.
Writing linear model association results to
/home/jihwanlee/Publish/5q15_immune_dieases/result/06_transcis_scan/ERAP1/assoc_by_chr/ERAP1_cand_chr20.TTLL9.assoc.linear
... done.
373 phenotype values present after --pheno.
Writing linear model association results to
/home/jihwanlee/Publish/5q15_immune_dieases/result/06_transcis_scan/ERAP1/assoc_by_chr/ERAP1_cand_chr20.CD40.assoc.linear
... done.
373 phenotype values present after --pheno.
Writing linear model association results to
/home/jihwanlee/Publish/5q15_immune_dieases/result/06_transcis_scan/ERAP1/assoc_by_chr/ERAP1_cand_chr20.KIF16B.assoc.linear
... done.
373 phenotype values present after --pheno.
Writing linear model association results to
/home/jihwanlee/Publish/5q15_immune_dieases/result/06_transcis_scan/ERAP1/assoc_by_chr/ERAP1_cand_chr20.GTPBP5.assoc.linear
... done.
373 phenotype values present after --pheno.
Writing linear model association results to
/home/jihwanlee/Publish/5q15_immune_dieases/result/06_transcis_scan/ERAP1/assoc_by_chr/ERAP1_cand_chr20.CRLS1.assoc.linear
... done.
373 phenotype values present after --pheno.
Writing linear model association results to
/home/jihwanlee/Publish/5q15_immune_dieases/result/06_transcis_scan/ERAP1/assoc_by_chr/ERAP1_cand_chr20.RBL1.assoc.linear
... done.
373 phenotype values present after --pheno.
Writing linear model association results to
/home/jihwanlee/Publish/5q15_immune_dieases/result/06_transcis_scan/ERAP1/assoc_by_chr/ERAP1_cand_chr20.EBF4.assoc.linear
... done.
373 phenotype values present after --pheno.
Writing linear model association results to
/home/jihwanlee/Publish/5q15_immune_dieases/result/06_transcis_scan/ERAP1/assoc_by_chr/ERAP1_cand_chr20.PIGT.assoc.linear
... done.
373 phenotype values present after --pheno.
Writing linear model association results to
/home/jihwanlee/Publish/5q15_immune_dieases/result/06_transcis_scan/ERAP1/assoc_by_chr/ERAP1_cand_chr20.PIGU.assoc.linear
... done.
373 phenotype values present after --pheno.
Writing linear model association results to
/home/jihwanlee/Publish/5q15_immune_dieases/result/06_transcis_scan/ERAP1/assoc_by_chr/ERAP1_cand_chr20.SNRPB.assoc.linear
... done.
373 phenotype values present after --pheno.
Writing linear model association results to
/home/jihwanlee/Publish/5q15_immune_dieases/result/06_transcis_scan/ERAP1/assoc_by_chr/ERAP1_cand_chr20.MMP24.assoc.linear
... done.
373 phenotype values present after --pheno.
Writing linear model association results to
/home/jihwanlee/Publish/5q15_immune_dieases/result/06_transcis_scan/ERAP1/assoc_by_chr/ERAP1_cand_chr20.RTEL1.assoc.linear
... done.
373 phenotype values present after --pheno.
Writing linear model association results to
/home/jihwanlee/Publish/5q15_immune_dieases/result/06_transcis_scan/ERAP1/assoc_by_chr/ERAP1_cand_chr20.HM13.assoc.linear
... done.
373 phenotype values present after --pheno.
Writing linear model association results to
/home/jihwanlee/Publish/5q15_immune_dieases/result/06_transcis_scan/ERAP1/assoc_by_chr/ERAP1_cand_chr20.MCM8.assoc.linear
... done.
373 phenotype values present after --pheno.
Writing linear model association results to
/home/jihwanlee/Publish/5q15_immune_dieases/result/06_transcis_scan/ERAP1/assoc_by_chr/ERAP1_cand_chr20.AHCY.assoc.linear
... done.
373 phenotype values present after --pheno.
Writing linear model association results to
/home/jihwanlee/Publish/5q15_immune_dieases/result/06_transcis_scan/ERAP1/assoc_by_chr/ERAP1_cand_chr20.SAMHD1.assoc.linear
... done.
373 phenotype values present after --pheno.
Writing linear model association results to
/home/jihwanlee/Publish/5q15_immune_dieases/result/06_transcis_scan/ERAP1/assoc_by_chr/ERAP1_cand_chr20.E2F1.assoc.linear
... done.
373 phenotype values present after --pheno.
Writing linear model association results to
/home/jihwanlee/Publish/5q15_immune_dieases/result/06_transcis_scan/ERAP1/assoc_by_chr/ERAP1_cand_chr20.VPS16.assoc.linear
... done.
373 phenotype values present after --pheno.
Writing linear model association results to
/home/jihwanlee/Publish/5q15_immune_dieases/result/06_transcis_scan/ERAP1/assoc_by_chr/ERAP1_cand_chr20.ZNFX1.assoc.linear
... done.
373 phenotype values present after --pheno.
Writing linear model association results to
/home/jihwanlee/Publish/5q15_immune_dieases/result/06_transcis_scan/ERAP1/assoc_by_chr/ERAP1_cand_chr20.PREX1.assoc.linear
... done.
373 phenotype values present after --pheno.
Writing linear model association results to
/home/jihwanlee/Publish/5q15_immune_dieases/result/06_transcis_scan/ERAP1/assoc_by_chr/ERAP1_cand_chr20.CSTF1.assoc.linear
... done.
373 phenotype values present after --pheno.
Writing linear model association results to
/home/jihwanlee/Publish/5q15_immune_dieases/result/06_transcis_scan/ERAP1/assoc_by_chr/ERAP1_cand_chr20.CTSZ.assoc.linear
... done.
373 phenotype values present after --pheno.
Writing linear model association results to
/home/jihwanlee/Publish/5q15_immune_dieases/result/06_transcis_scan/ERAP1/assoc_by_chr/ERAP1_cand_chr20.RALGAPB.assoc.linear
... done.
373 phenotype values present after --pheno.
Writing linear model association results to
/home/jihwanlee/Publish/5q15_immune_dieases/result/06_transcis_scan/ERAP1/assoc_by_chr/ERAP1_cand_chr20.TGIF2.assoc.linear
... done.
373 phenotype values present after --pheno.
Writing linear model association results to
/home/jihwanlee/Publish/5q15_immune_dieases/result/06_transcis_scan/ERAP1/assoc_by_chr/ERAP1_cand_chr20.SLC2A4RG.assoc.linear
... done.
373 phenotype values present after --pheno.
Writing linear model association results to
/home/jihwanlee/Publish/5q15_immune_dieases/result/06_transcis_scan/ERAP1/assoc_by_chr/ERAP1_cand_chr20.C20orf94.assoc.linear
... done.
373 phenotype values present after --pheno.
Writing linear model association results to
/home/jihwanlee/Publish/5q15_immune_dieases/result/06_transcis_scan/ERAP1/assoc_by_chr/ERAP1_cand_chr20.ITPA.assoc.linear
... done.
373 phenotype values present after --pheno.
Writing linear model association results to
/home/jihwanlee/Publish/5q15_immune_dieases/result/06_transcis_scan/ERAP1/assoc_by_chr/ERAP1_cand_chr20.PTPRA.assoc.linear
... done.
373 phenotype values present after --pheno.
Writing linear model association results to
/home/jihwanlee/Publish/5q15_immune_dieases/result/06_transcis_scan/ERAP1/assoc_by_chr/ERAP1_cand_chr20.PCMTD2.assoc.linear
... done.
373 phenotype values present after --pheno.
Writing linear model association results to
/home/jihwanlee/Publish/5q15_immune_dieases/result/06_transcis_scan/ERAP1/assoc_by_chr/ERAP1_cand_chr20.SPATA2.assoc.linear
... done.
373 phenotype values present after --pheno.
Writing linear model association results to
/home/jihwanlee/Publish/5q15_immune_dieases/result/06_transcis_scan/ERAP1/assoc_by_chr/ERAP1_cand_chr20.C20orf4.assoc.linear
... done.
373 phenotype values present after --pheno.
Writing linear model association results to
/home/jihwanlee/Publish/5q15_immune_dieases/result/06_transcis_scan/ERAP1/assoc_by_chr/ERAP1_cand_chr20.PPP4R1L.assoc.linear
... done.

End time: Sat Dec 27 01:35:23 2025
