PLINK v1.9.0-b.7.11 64-bit (19 Aug 2025)
Options in effect:
  --all-pheno
  --allow-no-sex
  --bfile /home/jihwanlee/Publish/5q15_immune_dieases/../GenotypeData/GW.E-GEUV-3.EUR.MAF005.HWE1e-06
  --covar /home/jihwanlee/Publish/5q15_immune_dieases/result/01_pca/covar_pca10.tsv
  --covar-name C1 C2 C3 C4 C5 C6 C7 C8 C9 C10
  --extract /home/jihwanlee/Publish/5q15_immune_dieases/result/06_transcis_scan/rsids/ERAP1_union_proxy0.8_cred_top20.rsids.txt
  --linear hide-covar
  --out /home/jihwanlee/Publish/5q15_immune_dieases/result/06_transcis_scan/ERAP1/assoc_by_chr/ERAP1_cand_chr13
  --pheno /home/jihwanlee/Publish/5q15_immune_dieases/../PhenotypeData/chr13_GD462.signalGeneQuantRPKM_plink.txt

Hostname: DESKTOP-KIL3KVO
Working directory: /home/jihwanlee/Publish/5q15_immune_dieases
Start time: Sat Dec 27 01:34:53 2025

Random number seed: 1766766893
11800 MB RAM detected; reserving 5900 MB for main workspace.
5913563 variants loaded from .bim file.
376 people (0 males, 0 females, 376 ambiguous) loaded from .fam.
Ambiguous sex IDs written to
/home/jihwanlee/Publish/5q15_immune_dieases/result/06_transcis_scan/ERAP1/assoc_by_chr/ERAP1_cand_chr13.nosex
.
373 phenotype values present after --pheno.
--extract: 27 variants remaining.
Using 1 thread (no multithreaded calculations invoked).
--covar: 10 covariates loaded.
Before main variant filters, 376 founders and 0 nonfounders present.
Calculating allele frequencies... done.
Total genotyping rate is exactly 1.
27 variants and 376 people pass filters and QC.
Phenotype data is quantitative.
373 phenotype values present after --pheno.
Writing linear model association results to
/home/jihwanlee/Publish/5q15_immune_dieases/result/06_transcis_scan/ERAP1/assoc_by_chr/ERAP1_cand_chr13.TRIM13.assoc.linear
... done.
373 phenotype values present after --pheno.
Writing linear model association results to
/home/jihwanlee/Publish/5q15_immune_dieases/result/06_transcis_scan/ERAP1/assoc_by_chr/ERAP1_cand_chr13.ADPRHL1.assoc.linear
... done.
373 phenotype values present after --pheno.
Writing linear model association results to
/home/jihwanlee/Publish/5q15_immune_dieases/result/06_transcis_scan/ERAP1/assoc_by_chr/ERAP1_cand_chr13.KIAA1704.assoc.linear
... done.
373 phenotype values present after --pheno.
Writing linear model association results to
/home/jihwanlee/Publish/5q15_immune_dieases/result/06_transcis_scan/ERAP1/assoc_by_chr/ERAP1_cand_chr13.TGDS.assoc.linear
... done.
373 phenotype values present after --pheno.
Writing linear model association results to
/home/jihwanlee/Publish/5q15_immune_dieases/result/06_transcis_scan/ERAP1/assoc_by_chr/ERAP1_cand_chr13.TMCO3.assoc.linear
... done.
373 phenotype values present after --pheno.
Writing linear model association results to
/home/jihwanlee/Publish/5q15_immune_dieases/result/06_transcis_scan/ERAP1/assoc_by_chr/ERAP1_cand_chr13.PSPC1.assoc.linear
... done.
373 phenotype values present after --pheno.
Writing linear model association results to
/home/jihwanlee/Publish/5q15_immune_dieases/result/06_transcis_scan/ERAP1/assoc_by_chr/ERAP1_cand_chr13.N4BP2L2.assoc.linear
... done.
373 phenotype values present after --pheno.
Writing linear model association results to
/home/jihwanlee/Publish/5q15_immune_dieases/result/06_transcis_scan/ERAP1/assoc_by_chr/ERAP1_cand_chr13.UBAC2.assoc.linear
... done.
373 phenotype values present after --pheno.
Writing linear model association results to
/home/jihwanlee/Publish/5q15_immune_dieases/result/06_transcis_scan/ERAP1/assoc_by_chr/ERAP1_cand_chr13.RB1.assoc.linear
... done.
373 phenotype values present after --pheno.
Writing linear model association results to
/home/jihwanlee/Publish/5q15_immune_dieases/result/06_transcis_scan/ERAP1/assoc_by_chr/ERAP1_cand_chr13.RCBTB1.assoc.linear
... done.
373 phenotype values present after --pheno.
Writing linear model association results to
/home/jihwanlee/Publish/5q15_immune_dieases/result/06_transcis_scan/ERAP1/assoc_by_chr/ERAP1_cand_chr13.SLC25A15.assoc.linear
... done.
373 phenotype values present after --pheno.
Writing linear model association results to
/home/jihwanlee/Publish/5q15_immune_dieases/result/06_transcis_scan/ERAP1/assoc_by_chr/ERAP1_cand_chr13.SUGT1.assoc.linear
... done.
373 phenotype values present after --pheno.
Writing linear model association results to
/home/jihwanlee/Publish/5q15_immune_dieases/result/06_transcis_scan/ERAP1/assoc_by_chr/ERAP1_cand_chr13.UBL3.assoc.linear
... done.
373 phenotype values present after --pheno.
Writing linear model association results to
/home/jihwanlee/Publish/5q15_immune_dieases/result/06_transcis_scan/ERAP1/assoc_by_chr/ERAP1_cand_chr13.SPG20.assoc.linear
... done.
373 phenotype values present after --pheno.
Writing linear model association results to
/home/jihwanlee/Publish/5q15_immune_dieases/result/06_transcis_scan/ERAP1/assoc_by_chr/ERAP1_cand_chr13.GPR180.assoc.linear
... done.
373 phenotype values present after --pheno.
Writing linear model association results to
/home/jihwanlee/Publish/5q15_immune_dieases/result/06_transcis_scan/ERAP1/assoc_by_chr/ERAP1_cand_chr13.ARHGEF7.assoc.linear
... done.
373 phenotype values present after --pheno.
Writing linear model association results to
/home/jihwanlee/Publish/5q15_immune_dieases/result/06_transcis_scan/ERAP1/assoc_by_chr/ERAP1_cand_chr13.GPR183.assoc.linear
... done.
373 phenotype values present after --pheno.
Writing linear model association results to
/home/jihwanlee/Publish/5q15_immune_dieases/result/06_transcis_scan/ERAP1/assoc_by_chr/ERAP1_cand_chr13.COMMD6.assoc.linear
... done.
373 phenotype values present after --pheno.
Writing linear model association results to
/home/jihwanlee/Publish/5q15_immune_dieases/result/06_transcis_scan/ERAP1/assoc_by_chr/ERAP1_cand_chr13.DGKH.assoc.linear
... done.
373 phenotype values present after --pheno.
Writing linear model association results to
/home/jihwanlee/Publish/5q15_immune_dieases/result/06_transcis_scan/ERAP1/assoc_by_chr/ERAP1_cand_chr13.KLF5.assoc.linear
... done.
373 phenotype values present after --pheno.
Writing linear model association results to
/home/jihwanlee/Publish/5q15_immune_dieases/result/06_transcis_scan/ERAP1/assoc_by_chr/ERAP1_cand_chr13.LIG4.assoc.linear
... done.
373 phenotype values present after --pheno.
Writing linear model association results to
/home/jihwanlee/Publish/5q15_immune_dieases/result/06_transcis_scan/ERAP1/assoc_by_chr/ERAP1_cand_chr13.N6AMT2.assoc.linear
... done.
373 phenotype values present after --pheno.
Writing linear model association results to
/home/jihwanlee/Publish/5q15_immune_dieases/result/06_transcis_scan/ERAP1/assoc_by_chr/ERAP1_cand_chr13.MIPEP.assoc.linear
... done.
373 phenotype values present after --pheno.
Writing linear model association results to
/home/jihwanlee/Publish/5q15_immune_dieases/result/06_transcis_scan/ERAP1/assoc_by_chr/ERAP1_cand_chr13.MYCBP2.assoc.linear
... done.
373 phenotype values present after --pheno.
Writing linear model association results to
/home/jihwanlee/Publish/5q15_immune_dieases/result/06_transcis_scan/ERAP1/assoc_by_chr/ERAP1_cand_chr13.SAP18.assoc.linear
... done.
373 phenotype values present after --pheno.
Writing linear model association results to
/home/jihwanlee/Publish/5q15_immune_dieases/result/06_transcis_scan/ERAP1/assoc_by_chr/ERAP1_cand_chr13.B3GALTL.assoc.linear
... done.
373 phenotype values present after --pheno.
Writing linear model association results to
/home/jihwanlee/Publish/5q15_immune_dieases/result/06_transcis_scan/ERAP1/assoc_by_chr/ERAP1_cand_chr13.MBNL2.assoc.linear
... done.
373 phenotype values present after --pheno.
Writing linear model association results to
/home/jihwanlee/Publish/5q15_immune_dieases/result/06_transcis_scan/ERAP1/assoc_by_chr/ERAP1_cand_chr13.SETDB2.assoc.linear
... done.
373 phenotype values present after --pheno.
Writing linear model association results to
/home/jihwanlee/Publish/5q15_immune_dieases/result/06_transcis_scan/ERAP1/assoc_by_chr/ERAP1_cand_chr13.ZMYM2.assoc.linear
... done.
373 phenotype values present after --pheno.
Writing linear model association results to
/home/jihwanlee/Publish/5q15_immune_dieases/result/06_transcis_scan/ERAP1/assoc_by_chr/ERAP1_cand_chr13.BRCA2.assoc.linear
... done.
373 phenotype values present after --pheno.
Writing linear model association results to
/home/jihwanlee/Publish/5q15_immune_dieases/result/06_transcis_scan/ERAP1/assoc_by_chr/ERAP1_cand_chr13.CENPJ.assoc.linear
... done.
373 phenotype values present after --pheno.
Writing linear model association results to
/home/jihwanlee/Publish/5q15_immune_dieases/result/06_transcis_scan/ERAP1/assoc_by_chr/ERAP1_cand_chr13.ZMYM5.assoc.linear
... done.
373 phenotype values present after --pheno.
Writing linear model association results to
/home/jihwanlee/Publish/5q15_immune_dieases/result/06_transcis_scan/ERAP1/assoc_by_chr/ERAP1_cand_chr13.CRYL1.assoc.linear
... done.
373 phenotype values present after --pheno.
Writing linear model association results to
/home/jihwanlee/Publish/5q15_immune_dieases/result/06_transcis_scan/ERAP1/assoc_by_chr/ERAP1_cand_chr13.PDS5B.assoc.linear
... done.
373 phenotype values present after --pheno.
Writing linear model association results to
/home/jihwanlee/Publish/5q15_immune_dieases/result/06_transcis_scan/ERAP1/assoc_by_chr/ERAP1_cand_chr13.COG6.assoc.linear
... done.
373 phenotype values present after --pheno.
Writing linear model association results to
/home/jihwanlee/Publish/5q15_immune_dieases/result/06_transcis_scan/ERAP1/assoc_by_chr/ERAP1_cand_chr13.UTP14C.assoc.linear
... done.
373 phenotype values present after --pheno.
Writing linear model association results to
/home/jihwanlee/Publish/5q15_immune_dieases/result/06_transcis_scan/ERAP1/assoc_by_chr/ERAP1_cand_chr13.NUPL1.assoc.linear
... done.
373 phenotype values present after --pheno.
Writing linear model association results to
/home/jihwanlee/Publish/5q15_immune_dieases/result/06_transcis_scan/ERAP1/assoc_by_chr/ERAP1_cand_chr13.EFHA1.assoc.linear
... done.
373 phenotype values present after --pheno.
Writing linear model association results to
/home/jihwanlee/Publish/5q15_immune_dieases/result/06_transcis_scan/ERAP1/assoc_by_chr/ERAP1_cand_chr13.CAB39L.assoc.linear
... done.
373 phenotype values present after --pheno.
Writing linear model association results to
/home/jihwanlee/Publish/5q15_immune_dieases/result/06_transcis_scan/ERAP1/assoc_by_chr/ERAP1_cand_chr13.XPO4.assoc.linear
... done.
373 phenotype values present after --pheno.
Writing linear model association results to
/home/jihwanlee/Publish/5q15_immune_dieases/result/06_transcis_scan/ERAP1/assoc_by_chr/ERAP1_cand_chr13.GTF2F2.assoc.linear
... done.
373 phenotype values present after --pheno.
Writing linear model association results to
/home/jihwanlee/Publish/5q15_immune_dieases/result/06_transcis_scan/ERAP1/assoc_by_chr/ERAP1_cand_chr13.FBXL3.assoc.linear
... done.
373 phenotype values present after --pheno.
Writing linear model association results to
/home/jihwanlee/Publish/5q15_immune_dieases/result/06_transcis_scan/ERAP1/assoc_by_chr/ERAP1_cand_chr13.DZIP1.assoc.linear
... done.
373 phenotype values present after --pheno.
Writing linear model association results to
/home/jihwanlee/Publish/5q15_immune_dieases/result/06_transcis_scan/ERAP1/assoc_by_chr/ERAP1_cand_chr13.ZAR1L.assoc.linear
... done.
373 phenotype values present after --pheno.
Writing linear model association results to
/home/jihwanlee/Publish/5q15_immune_dieases/result/06_transcis_scan/ERAP1/assoc_by_chr/ERAP1_cand_chr13.FREM2.assoc.linear
... done.
373 phenotype values present after --pheno.
Writing linear model association results to
/home/jihwanlee/Publish/5q15_immune_dieases/result/06_transcis_scan/ERAP1/assoc_by_chr/ERAP1_cand_chr13.KPNA3.assoc.linear
... done.
373 phenotype values present after --pheno.
Writing linear model association results to
/home/jihwanlee/Publish/5q15_immune_dieases/result/06_transcis_scan/ERAP1/assoc_by_chr/ERAP1_cand_chr13.RNF6.assoc.linear
... done.
373 phenotype values present after --pheno.
Writing linear model association results to
/home/jihwanlee/Publish/5q15_immune_dieases/result/06_transcis_scan/ERAP1/assoc_by_chr/ERAP1_cand_chr13.COG3.assoc.linear
... done.
373 phenotype values present after --pheno.
Writing linear model association results to
/home/jihwanlee/Publish/5q15_immune_dieases/result/06_transcis_scan/ERAP1/assoc_by_chr/ERAP1_cand_chr13.A2LD1.assoc.linear
... done.
373 phenotype values present after --pheno.
Writing linear model association results to
/home/jihwanlee/Publish/5q15_immune_dieases/result/06_transcis_scan/ERAP1/assoc_by_chr/ERAP1_cand_chr13.STARD13.assoc.linear
... done.
373 phenotype values present after --pheno.
Writing linear model association results to
/home/jihwanlee/Publish/5q15_immune_dieases/result/06_transcis_scan/ERAP1/assoc_by_chr/ERAP1_cand_chr13.FAM48A.assoc.linear
... done.
373 phenotype values present after --pheno.
Writing linear model association results to
/home/jihwanlee/Publish/5q15_immune_dieases/result/06_transcis_scan/ERAP1/assoc_by_chr/ERAP1_cand_chr13.KDELC1.assoc.linear
... done.
373 phenotype values present after --pheno.
Writing linear model association results to
/home/jihwanlee/Publish/5q15_immune_dieases/result/06_transcis_scan/ERAP1/assoc_by_chr/ERAP1_cand_chr13.PABPC3.assoc.linear
... done.
373 phenotype values present after --pheno.
Writing linear model association results to
/home/jihwanlee/Publish/5q15_immune_dieases/result/06_transcis_scan/ERAP1/assoc_by_chr/ERAP1_cand_chr13.GPR18.assoc.linear
... done.
373 phenotype values present after --pheno.
Writing linear model association results to
/home/jihwanlee/Publish/5q15_immune_dieases/result/06_transcis_scan/ERAP1/assoc_by_chr/ERAP1_cand_chr13.SLC7A1.assoc.linear
... done.
373 phenotype values present after --pheno.
Writing linear model association results to
/home/jihwanlee/Publish/5q15_immune_dieases/result/06_transcis_scan/ERAP1/assoc_by_chr/ERAP1_cand_chr13.EXOSC8.assoc.linear
... done.
373 phenotype values present after --pheno.
Writing linear model association results to
/home/jihwanlee/Publish/5q15_immune_dieases/result/06_transcis_scan/ERAP1/assoc_by_chr/ERAP1_cand_chr13.POLR1D.assoc.linear
... done.
373 phenotype values present after --pheno.
Writing linear model association results to
/home/jihwanlee/Publish/5q15_immune_dieases/result/06_transcis_scan/ERAP1/assoc_by_chr/ERAP1_cand_chr13.SLC25A30.assoc.linear
... done.
373 phenotype values present after --pheno.
Writing linear model association results to
/home/jihwanlee/Publish/5q15_immune_dieases/result/06_transcis_scan/ERAP1/assoc_by_chr/ERAP1_cand_chr13.MED4.assoc.linear
... done.
373 phenotype values present after --pheno.
Writing linear model association results to
/home/jihwanlee/Publish/5q15_immune_dieases/result/06_transcis_scan/ERAP1/assoc_by_chr/ERAP1_cand_chr13.LRRC63.assoc.linear
... done.
373 phenotype values present after --pheno.
Writing linear model association results to
/home/jihwanlee/Publish/5q15_immune_dieases/result/06_transcis_scan/ERAP1/assoc_by_chr/ERAP1_cand_chr13.ATP7B.assoc.linear
... done.
373 phenotype values present after --pheno.
Writing linear model association results to
/home/jihwanlee/Publish/5q15_immune_dieases/result/06_transcis_scan/ERAP1/assoc_by_chr/ERAP1_cand_chr13.KBTBD6.assoc.linear
... done.
373 phenotype values present after --pheno.
Writing linear model association results to
/home/jihwanlee/Publish/5q15_immune_dieases/result/06_transcis_scan/ERAP1/assoc_by_chr/ERAP1_cand_chr13.CDC16.assoc.linear
... done.
373 phenotype values present after --pheno.
Writing linear model association results to
/home/jihwanlee/Publish/5q15_immune_dieases/result/06_transcis_scan/ERAP1/assoc_by_chr/ERAP1_cand_chr13.HSPH1.assoc.linear
... done.
373 phenotype values present after --pheno.
Writing linear model association results to
/home/jihwanlee/Publish/5q15_immune_dieases/result/06_transcis_scan/ERAP1/assoc_by_chr/ERAP1_cand_chr13.MRP63.assoc.linear
... done.
373 phenotype values present after --pheno.
Writing linear model association results to
/home/jihwanlee/Publish/5q15_immune_dieases/result/06_transcis_scan/ERAP1/assoc_by_chr/ERAP1_cand_chr13.ABHD13.assoc.linear
... done.
373 phenotype values present after --pheno.
Writing linear model association results to
/home/jihwanlee/Publish/5q15_immune_dieases/result/06_transcis_scan/ERAP1/assoc_by_chr/ERAP1_cand_chr13.NBEA.assoc.linear
... done.
373 phenotype values present after --pheno.
Writing linear model association results to
/home/jihwanlee/Publish/5q15_immune_dieases/result/06_transcis_scan/ERAP1/assoc_by_chr/ERAP1_cand_chr13.STK24.assoc.linear
... done.
373 phenotype values present after --pheno.
Writing linear model association results to
/home/jihwanlee/Publish/5q15_immune_dieases/result/06_transcis_scan/ERAP1/assoc_by_chr/ERAP1_cand_chr13.FNDC3A.assoc.linear
... done.
373 phenotype values present after --pheno.
Writing linear model association results to
/home/jihwanlee/Publish/5q15_immune_dieases/result/06_transcis_scan/ERAP1/assoc_by_chr/ERAP1_cand_chr13.SLC46A3.assoc.linear
... done.
373 phenotype values present after --pheno.
Writing linear model association results to
/home/jihwanlee/Publish/5q15_immune_dieases/result/06_transcis_scan/ERAP1/assoc_by_chr/ERAP1_cand_chr13.SPATA13.assoc.linear
... done.
373 phenotype values present after --pheno.
Writing linear model association results to
/home/jihwanlee/Publish/5q15_immune_dieases/result/06_transcis_scan/ERAP1/assoc_by_chr/ERAP1_cand_chr13.LNX2.assoc.linear
... done.
373 phenotype values present after --pheno.
Writing linear model association results to
/home/jihwanlee/Publish/5q15_immune_dieases/result/06_transcis_scan/ERAP1/assoc_by_chr/ERAP1_cand_chr13.TPT1.assoc.linear
... done.
373 phenotype values present after --pheno.
Writing linear model association results to
/home/jihwanlee/Publish/5q15_immune_dieases/result/06_transcis_scan/ERAP1/assoc_by_chr/ERAP1_cand_chr13.PARP4.assoc.linear
... done.
373 phenotype values present after --pheno.
Writing linear model association results to
/home/jihwanlee/Publish/5q15_immune_dieases/result/06_transcis_scan/ERAP1/assoc_by_chr/ERAP1_cand_chr13.DHRS12.assoc.linear
... done.
373 phenotype values present after --pheno.
Writing linear model association results to
/home/jihwanlee/Publish/5q15_immune_dieases/result/06_transcis_scan/ERAP1/assoc_by_chr/ERAP1_cand_chr13.KATNAL1.assoc.linear
... done.
373 phenotype values present after --pheno.
Writing linear model association results to
/home/jihwanlee/Publish/5q15_immune_dieases/result/06_transcis_scan/ERAP1/assoc_by_chr/ERAP1_cand_chr13.THSD1.assoc.linear
... done.
373 phenotype values present after --pheno.
Writing linear model association results to
/home/jihwanlee/Publish/5q15_immune_dieases/result/06_transcis_scan/ERAP1/assoc_by_chr/ERAP1_cand_chr13.DCUN1D2.assoc.linear
... done.
373 phenotype values present after --pheno.
Writing linear model association results to
/home/jihwanlee/Publish/5q15_immune_dieases/result/06_transcis_scan/ERAP1/assoc_by_chr/ERAP1_cand_chr13.COL4A2.assoc.linear
... done.
373 phenotype values present after --pheno.
Writing linear model association results to
/home/jihwanlee/Publish/5q15_immune_dieases/result/06_transcis_scan/ERAP1/assoc_by_chr/ERAP1_cand_chr13.COL4A1.assoc.linear
... done.
373 phenotype values present after --pheno.
Writing linear model association results to
/home/jihwanlee/Publish/5q15_immune_dieases/result/06_transcis_scan/ERAP1/assoc_by_chr/ERAP1_cand_chr13.ARGLU1.assoc.linear
... done.
373 phenotype values present after --pheno.
Writing linear model association results to
/home/jihwanlee/Publish/5q15_immune_dieases/result/06_transcis_scan/ERAP1/assoc_by_chr/ERAP1_cand_chr13.ING1.assoc.linear
... done.
373 phenotype values present after --pheno.
Writing linear model association results to
/home/jihwanlee/Publish/5q15_immune_dieases/result/06_transcis_scan/ERAP1/assoc_by_chr/ERAP1_cand_chr13.RFXAP.assoc.linear
... done.
373 phenotype values present after --pheno.
Writing linear model association results to
/home/jihwanlee/Publish/5q15_immune_dieases/result/06_transcis_scan/ERAP1/assoc_by_chr/ERAP1_cand_chr13.NUFIP1.assoc.linear
... done.
373 phenotype values present after --pheno.
Writing linear model association results to
/home/jihwanlee/Publish/5q15_immune_dieases/result/06_transcis_scan/ERAP1/assoc_by_chr/ERAP1_cand_chr13.GJA3.assoc.linear
... done.
373 phenotype values present after --pheno.
Writing linear model association results to
/home/jihwanlee/Publish/5q15_immune_dieases/result/06_transcis_scan/ERAP1/assoc_by_chr/ERAP1_cand_chr13.PROZ.assoc.linear
... done.
373 phenotype values present after --pheno.
Writing linear model association results to
/home/jihwanlee/Publish/5q15_immune_dieases/result/06_transcis_scan/ERAP1/assoc_by_chr/ERAP1_cand_chr13.RNASEH2B.assoc.linear
... done.
373 phenotype values present after --pheno.
Writing linear model association results to
/home/jihwanlee/Publish/5q15_immune_dieases/result/06_transcis_scan/ERAP1/assoc_by_chr/ERAP1_cand_chr13.PCID2.assoc.linear
... done.
373 phenotype values present after --pheno.
Writing linear model association results to
/home/jihwanlee/Publish/5q15_immune_dieases/result/06_transcis_scan/ERAP1/assoc_by_chr/ERAP1_cand_chr13.DNAJC3.assoc.linear
... done.
373 phenotype values present after --pheno.
Writing linear model association results to
/home/jihwanlee/Publish/5q15_immune_dieases/result/06_transcis_scan/ERAP1/assoc_by_chr/ERAP1_cand_chr13.RBM26.assoc.linear
... done.
373 phenotype values present after --pheno.
Writing linear model association results to
/home/jihwanlee/Publish/5q15_immune_dieases/result/06_transcis_scan/ERAP1/assoc_by_chr/ERAP1_cand_chr13.ITM2B.assoc.linear
... done.
373 phenotype values present after --pheno.
Writing linear model association results to
/home/jihwanlee/Publish/5q15_immune_dieases/result/06_transcis_scan/ERAP1/assoc_by_chr/ERAP1_cand_chr13.WDFY2.assoc.linear
... done.
373 phenotype values present after --pheno.
Writing linear model association results to
/home/jihwanlee/Publish/5q15_immune_dieases/result/06_transcis_scan/ERAP1/assoc_by_chr/ERAP1_cand_chr13.ABCC4.assoc.linear
... done.
373 phenotype values present after --pheno.
Writing linear model association results to
/home/jihwanlee/Publish/5q15_immune_dieases/result/06_transcis_scan/ERAP1/assoc_by_chr/ERAP1_cand_chr13.INTS6.assoc.linear
... done.
373 phenotype values present after --pheno.
Writing linear model association results to
/home/jihwanlee/Publish/5q15_immune_dieases/result/06_transcis_scan/ERAP1/assoc_by_chr/ERAP1_cand_chr13.IPO5.assoc.linear
... done.
373 phenotype values present after --pheno.
Writing linear model association results to
/home/jihwanlee/Publish/5q15_immune_dieases/result/06_transcis_scan/ERAP1/assoc_by_chr/ERAP1_cand_chr13.KIAA0564.assoc.linear
... done.
373 phenotype values present after --pheno.
Writing linear model association results to
/home/jihwanlee/Publish/5q15_immune_dieases/result/06_transcis_scan/ERAP1/assoc_by_chr/ERAP1_cand_chr13.TFDP1.assoc.linear
... done.
373 phenotype values present after --pheno.
Writing linear model association results to
/home/jihwanlee/Publish/5q15_immune_dieases/result/06_transcis_scan/ERAP1/assoc_by_chr/ERAP1_cand_chr13.GAS6.assoc.linear
... done.
373 phenotype values present after --pheno.
Writing linear model association results to
/home/jihwanlee/Publish/5q15_immune_dieases/result/06_transcis_scan/ERAP1/assoc_by_chr/ERAP1_cand_chr13.EFNB2.assoc.linear
... done.
373 phenotype values present after --pheno.
Writing linear model association results to
/home/jihwanlee/Publish/5q15_immune_dieases/result/06_transcis_scan/ERAP1/assoc_by_chr/ERAP1_cand_chr13.SMAD9.assoc.linear
... done.
373 phenotype values present after --pheno.
Writing linear model association results to
/home/jihwanlee/Publish/5q15_immune_dieases/result/06_transcis_scan/ERAP1/assoc_by_chr/ERAP1_cand_chr13.CLYBL.assoc.linear
... done.
373 phenotype values present after --pheno.
Writing linear model association results to
/home/jihwanlee/Publish/5q15_immune_dieases/result/06_transcis_scan/ERAP1/assoc_by_chr/ERAP1_cand_chr13.GRTP1.assoc.linear
... done.
373 phenotype values present after --pheno.
Writing linear model association results to
/home/jihwanlee/Publish/5q15_immune_dieases/result/06_transcis_scan/ERAP1/assoc_by_chr/ERAP1_cand_chr13.RFC3.assoc.linear
... done.
373 phenotype values present after --pheno.
Writing linear model association results to
/home/jihwanlee/Publish/5q15_immune_dieases/result/06_transcis_scan/ERAP1/assoc_by_chr/ERAP1_cand_chr13.CARS2.assoc.linear
... done.
373 phenotype values present after --pheno.
Writing linear model association results to
/home/jihwanlee/Publish/5q15_immune_dieases/result/06_transcis_scan/ERAP1/assoc_by_chr/ERAP1_cand_chr13.SPRY2.assoc.linear
... done.
373 phenotype values present after --pheno.
Writing linear model association results to
/home/jihwanlee/Publish/5q15_immune_dieases/result/06_transcis_scan/ERAP1/assoc_by_chr/ERAP1_cand_chr13.DOCK9.assoc.linear
... done.
373 phenotype values present after --pheno.
Writing linear model association results to
/home/jihwanlee/Publish/5q15_immune_dieases/result/06_transcis_scan/ERAP1/assoc_by_chr/ERAP1_cand_chr13.MTIF3.assoc.linear
... done.
373 phenotype values present after --pheno.
Writing linear model association results to
/home/jihwanlee/Publish/5q15_immune_dieases/result/06_transcis_scan/ERAP1/assoc_by_chr/ERAP1_cand_chr13.AKAP11.assoc.linear
... done.
373 phenotype values present after --pheno.
Writing linear model association results to
/home/jihwanlee/Publish/5q15_immune_dieases/result/06_transcis_scan/ERAP1/assoc_by_chr/ERAP1_cand_chr13.FLT1.assoc.linear
... done.
373 phenotype values present after --pheno.
Writing linear model association results to
/home/jihwanlee/Publish/5q15_immune_dieases/result/06_transcis_scan/ERAP1/assoc_by_chr/ERAP1_cand_chr13.TBC1D4.assoc.linear
... done.
373 phenotype values present after --pheno.
Writing linear model association results to
/home/jihwanlee/Publish/5q15_immune_dieases/result/06_transcis_scan/ERAP1/assoc_by_chr/ERAP1_cand_chr13.ZC3H13.assoc.linear
... done.
373 phenotype values present after --pheno.
Writing linear model association results to
/home/jihwanlee/Publish/5q15_immune_dieases/result/06_transcis_scan/ERAP1/assoc_by_chr/ERAP1_cand_chr13.NDFIP2.assoc.linear
... done.
373 phenotype values present after --pheno.
Writing linear model association results to
/home/jihwanlee/Publish/5q15_immune_dieases/result/06_transcis_scan/ERAP1/assoc_by_chr/ERAP1_cand_chr13.TM9SF2.assoc.linear
... done.
373 phenotype values present after --pheno.
Writing linear model association results to
/home/jihwanlee/Publish/5q15_immune_dieases/result/06_transcis_scan/ERAP1/assoc_by_chr/ERAP1_cand_chr13.IL17D.assoc.linear
... done.
373 phenotype values present after --pheno.
Writing linear model association results to
/home/jihwanlee/Publish/5q15_immune_dieases/result/06_transcis_scan/ERAP1/assoc_by_chr/ERAP1_cand_chr13.RNF219.assoc.linear
... done.
373 phenotype values present after --pheno.
Writing linear model association results to
/home/jihwanlee/Publish/5q15_immune_dieases/result/06_transcis_scan/ERAP1/assoc_by_chr/ERAP1_cand_chr13.RAP2A.assoc.linear
... done.
373 phenotype values present after --pheno.
Writing linear model association results to
/home/jihwanlee/Publish/5q15_immune_dieases/result/06_transcis_scan/ERAP1/assoc_by_chr/ERAP1_cand_chr13.POMP.assoc.linear
... done.
373 phenotype values present after --pheno.
Writing linear model association results to
/home/jihwanlee/Publish/5q15_immune_dieases/result/06_transcis_scan/ERAP1/assoc_by_chr/ERAP1_cand_chr13.CLN5.assoc.linear
... done.
373 phenotype values present after --pheno.
Writing linear model association results to
/home/jihwanlee/Publish/5q15_immune_dieases/result/06_transcis_scan/ERAP1/assoc_by_chr/ERAP1_cand_chr13.ATP8A2.assoc.linear
... done.
373 phenotype values present after --pheno.
Writing linear model association results to
/home/jihwanlee/Publish/5q15_immune_dieases/result/06_transcis_scan/ERAP1/assoc_by_chr/ERAP1_cand_chr13.LAMP1.assoc.linear
... done.
373 phenotype values present after --pheno.
Writing linear model association results to
/home/jihwanlee/Publish/5q15_immune_dieases/result/06_transcis_scan/ERAP1/assoc_by_chr/ERAP1_cand_chr13.USPL1.assoc.linear
... done.
373 phenotype values present after --pheno.
Writing linear model association results to
/home/jihwanlee/Publish/5q15_immune_dieases/result/06_transcis_scan/ERAP1/assoc_by_chr/ERAP1_cand_chr13.ALG5.assoc.linear
... done.
373 phenotype values present after --pheno.
Writing linear model association results to
/home/jihwanlee/Publish/5q15_immune_dieases/result/06_transcis_scan/ERAP1/assoc_by_chr/ERAP1_cand_chr13.DLEU1.assoc.linear
... done.
373 phenotype values present after --pheno.
Writing linear model association results to
/home/jihwanlee/Publish/5q15_immune_dieases/result/06_transcis_scan/ERAP1/assoc_by_chr/ERAP1_cand_chr13.VPS36.assoc.linear
... done.
373 phenotype values present after --pheno.
Writing linear model association results to
/home/jihwanlee/Publish/5q15_immune_dieases/result/06_transcis_scan/ERAP1/assoc_by_chr/ERAP1_cand_chr13.SUCLA2.assoc.linear
... done.
373 phenotype values present after --pheno.
Writing linear model association results to
/home/jihwanlee/Publish/5q15_immune_dieases/result/06_transcis_scan/ERAP1/assoc_by_chr/ERAP1_cand_chr13.MCF2L.assoc.linear
... done.
373 phenotype values present after --pheno.
Writing linear model association results to
/home/jihwanlee/Publish/5q15_immune_dieases/result/06_transcis_scan/ERAP1/assoc_by_chr/ERAP1_cand_chr13.IRS2.assoc.linear
... done.
373 phenotype values present after --pheno.
Writing linear model association results to
/home/jihwanlee/Publish/5q15_immune_dieases/result/06_transcis_scan/ERAP1/assoc_by_chr/ERAP1_cand_chr13.TMTC4.assoc.linear
... done.
373 phenotype values present after --pheno.
Writing linear model association results to
/home/jihwanlee/Publish/5q15_immune_dieases/result/06_transcis_scan/ERAP1/assoc_by_chr/ERAP1_cand_chr13.CDK8.assoc.linear
... done.
373 phenotype values present after --pheno.
Writing linear model association results to
/home/jihwanlee/Publish/5q15_immune_dieases/result/06_transcis_scan/ERAP1/assoc_by_chr/ERAP1_cand_chr13.MYO16.assoc.linear
... done.
373 phenotype values present after --pheno.
Writing linear model association results to
/home/jihwanlee/Publish/5q15_immune_dieases/result/06_transcis_scan/ERAP1/assoc_by_chr/ERAP1_cand_chr13.TUBGCP3.assoc.linear
... done.
373 phenotype values present after --pheno.
Writing linear model association results to
/home/jihwanlee/Publish/5q15_immune_dieases/result/06_transcis_scan/ERAP1/assoc_by_chr/ERAP1_cand_chr13.KCNRG.assoc.linear
... done.
373 phenotype values present after --pheno.
Writing linear model association results to
/home/jihwanlee/Publish/5q15_immune_dieases/result/06_transcis_scan/ERAP1/assoc_by_chr/ERAP1_cand_chr13.CARKD.assoc.linear
... done.
373 phenotype values present after --pheno.
Writing linear model association results to
/home/jihwanlee/Publish/5q15_immune_dieases/result/06_transcis_scan/ERAP1/assoc_by_chr/ERAP1_cand_chr13.PHF11.assoc.linear
... done.
373 phenotype values present after --pheno.
Writing linear model association results to
/home/jihwanlee/Publish/5q15_immune_dieases/result/06_transcis_scan/ERAP1/assoc_by_chr/ERAP1_cand_chr13.UFM1.assoc.linear
... done.
373 phenotype values present after --pheno.
Writing linear model association results to
/home/jihwanlee/Publish/5q15_immune_dieases/result/06_transcis_scan/ERAP1/assoc_by_chr/ERAP1_cand_chr13.HMGB1.assoc.linear
... done.
373 phenotype values present after --pheno.
Writing linear model association results to
/home/jihwanlee/Publish/5q15_immune_dieases/result/06_transcis_scan/ERAP1/assoc_by_chr/ERAP1_cand_chr13.ERCC5.assoc.linear
... done.
373 phenotype values present after --pheno.
Writing linear model association results to
/home/jihwanlee/Publish/5q15_immune_dieases/result/06_transcis_scan/ERAP1/assoc_by_chr/ERAP1_cand_chr13.ARL11.assoc.linear
... done.
373 phenotype values present after --pheno.
Writing linear model association results to
/home/jihwanlee/Publish/5q15_immune_dieases/result/06_transcis_scan/ERAP1/assoc_by_chr/ERAP1_cand_chr13.LATS2.assoc.linear
... done.
373 phenotype values present after --pheno.
Writing linear model association results to
/home/jihwanlee/Publish/5q15_immune_dieases/result/06_transcis_scan/ERAP1/assoc_by_chr/ERAP1_cand_chr13.FOXO1.assoc.linear
... done.
373 phenotype values present after --pheno.
Writing linear model association results to
/home/jihwanlee/Publish/5q15_immune_dieases/result/06_transcis_scan/ERAP1/assoc_by_chr/ERAP1_cand_chr13.ALOX5AP.assoc.linear
... done.
373 phenotype values present after --pheno.
Writing linear model association results to
/home/jihwanlee/Publish/5q15_immune_dieases/result/06_transcis_scan/ERAP1/assoc_by_chr/ERAP1_cand_chr13.CDADC1.assoc.linear
... done.
373 phenotype values present after --pheno.
Writing linear model association results to
/home/jihwanlee/Publish/5q15_immune_dieases/result/06_transcis_scan/ERAP1/assoc_by_chr/ERAP1_cand_chr13.ATP11A.assoc.linear
... done.
373 phenotype values present after --pheno.
Writing linear model association results to
/home/jihwanlee/Publish/5q15_immune_dieases/result/06_transcis_scan/ERAP1/assoc_by_chr/ERAP1_cand_chr13.ELF1.assoc.linear
... done.
373 phenotype values present after --pheno.
Writing linear model association results to
/home/jihwanlee/Publish/5q15_immune_dieases/result/06_transcis_scan/ERAP1/assoc_by_chr/ERAP1_cand_chr13.ANKRD10.assoc.linear
... done.
373 phenotype values present after --pheno.
Writing linear model association results to
/home/jihwanlee/Publish/5q15_immune_dieases/result/06_transcis_scan/ERAP1/assoc_by_chr/ERAP1_cand_chr13.PAN3.assoc.linear
... done.
373 phenotype values present after --pheno.
Writing linear model association results to
/home/jihwanlee/Publish/5q15_immune_dieases/result/06_transcis_scan/ERAP1/assoc_by_chr/ERAP1_cand_chr13.GTF3A.assoc.linear
... done.
373 phenotype values present after --pheno.
Writing linear model association results to
/home/jihwanlee/Publish/5q15_immune_dieases/result/06_transcis_scan/ERAP1/assoc_by_chr/ERAP1_cand_chr13.WASF3.assoc.linear
... done.
373 phenotype values present after --pheno.
Writing linear model association results to
/home/jihwanlee/Publish/5q15_immune_dieases/result/06_transcis_scan/ERAP1/assoc_by_chr/ERAP1_cand_chr13.TDRD3.assoc.linear
... done.
373 phenotype values present after --pheno.
Writing linear model association results to
/home/jihwanlee/Publish/5q15_immune_dieases/result/06_transcis_scan/ERAP1/assoc_by_chr/ERAP1_cand_chr13.RPL21.assoc.linear
... done.
373 phenotype values present after --pheno.
Writing linear model association results to
/home/jihwanlee/Publish/5q15_immune_dieases/result/06_transcis_scan/ERAP1/assoc_by_chr/ERAP1_cand_chr13.IFT88.assoc.linear
... done.
373 phenotype values present after --pheno.
Writing linear model association results to
/home/jihwanlee/Publish/5q15_immune_dieases/result/06_transcis_scan/ERAP1/assoc_by_chr/ERAP1_cand_chr13.TSC22D1.assoc.linear
... done.
373 phenotype values present after --pheno.
Writing linear model association results to
/home/jihwanlee/Publish/5q15_immune_dieases/result/06_transcis_scan/ERAP1/assoc_by_chr/ERAP1_cand_chr13.SKA3.assoc.linear
... done.
373 phenotype values present after --pheno.
Writing linear model association results to
/home/jihwanlee/Publish/5q15_immune_dieases/result/06_transcis_scan/ERAP1/assoc_by_chr/ERAP1_cand_chr13.DNAJC15.assoc.linear
... done.
373 phenotype values present after --pheno.
Writing linear model association results to
/home/jihwanlee/Publish/5q15_immune_dieases/result/06_transcis_scan/ERAP1/assoc_by_chr/ERAP1_cand_chr13.BIVM.assoc.linear
... done.
373 phenotype values present after --pheno.
Writing linear model association results to
/home/jihwanlee/Publish/5q15_immune_dieases/result/06_transcis_scan/ERAP1/assoc_by_chr/ERAP1_cand_chr13.LRCH1.assoc.linear
... done.
373 phenotype values present after --pheno.
Writing linear model association results to
/home/jihwanlee/Publish/5q15_immune_dieases/result/06_transcis_scan/ERAP1/assoc_by_chr/ERAP1_cand_chr13.CUL4A.assoc.linear
... done.
373 phenotype values present after --pheno.
Writing linear model association results to
/home/jihwanlee/Publish/5q15_immune_dieases/result/06_transcis_scan/ERAP1/assoc_by_chr/ERAP1_cand_chr13.MPHOSPH8.assoc.linear
... done.
373 phenotype values present after --pheno.
Writing linear model association results to
/home/jihwanlee/Publish/5q15_immune_dieases/result/06_transcis_scan/ERAP1/assoc_by_chr/ERAP1_cand_chr13.TPP2.assoc.linear
... done.
373 phenotype values present after --pheno.
Writing linear model association results to
/home/jihwanlee/Publish/5q15_immune_dieases/result/06_transcis_scan/ERAP1/assoc_by_chr/ERAP1_cand_chr13.USP12.assoc.linear
... done.
373 phenotype values present after --pheno.
Writing linear model association results to
/home/jihwanlee/Publish/5q15_immune_dieases/result/06_transcis_scan/ERAP1/assoc_by_chr/ERAP1_cand_chr13.POU4F1.assoc.linear
... done.
373 phenotype values present after --pheno.
Writing linear model association results to
/home/jihwanlee/Publish/5q15_immune_dieases/result/06_transcis_scan/ERAP1/assoc_by_chr/ERAP1_cand_chr13.ESD.assoc.linear
... done.
373 phenotype values present after --pheno.
Writing linear model association results to
/home/jihwanlee/Publish/5q15_immune_dieases/result/06_transcis_scan/ERAP1/assoc_by_chr/ERAP1_cand_chr13.GPC5.assoc.linear
... done.
373 phenotype values present after --pheno.
Writing linear model association results to
/home/jihwanlee/Publish/5q15_immune_dieases/result/06_transcis_scan/ERAP1/assoc_by_chr/ERAP1_cand_chr13.ZDHHC20.assoc.linear
... done.
373 phenotype values present after --pheno.
Writing linear model association results to
/home/jihwanlee/Publish/5q15_immune_dieases/result/06_transcis_scan/ERAP1/assoc_by_chr/ERAP1_cand_chr13.LCP1.assoc.linear
... done.
373 phenotype values present after --pheno.
Writing linear model association results to
/home/jihwanlee/Publish/5q15_immune_dieases/result/06_transcis_scan/ERAP1/assoc_by_chr/ERAP1_cand_chr13.RASA3.assoc.linear
... done.
373 phenotype values present after --pheno.
Writing linear model association results to
/home/jihwanlee/Publish/5q15_immune_dieases/result/06_transcis_scan/ERAP1/assoc_by_chr/ERAP1_cand_chr13.RAB20.assoc.linear
... done.
373 phenotype values present after --pheno.
Writing linear model association results to
/home/jihwanlee/Publish/5q15_immune_dieases/result/06_transcis_scan/ERAP1/assoc_by_chr/ERAP1_cand_chr13.PCDH9.assoc.linear
... done.
373 phenotype values present after --pheno.
Writing linear model association results to
/home/jihwanlee/Publish/5q15_immune_dieases/result/06_transcis_scan/ERAP1/assoc_by_chr/ERAP1_cand_chr13.CCDC122.assoc.linear
... done.
373 phenotype values present after --pheno.
Writing linear model association results to
/home/jihwanlee/Publish/5q15_immune_dieases/result/06_transcis_scan/ERAP1/assoc_by_chr/ERAP1_cand_chr13.MRPS31.assoc.linear
... done.
373 phenotype values present after --pheno.
Writing linear model association results to
/home/jihwanlee/Publish/5q15_immune_dieases/result/06_transcis_scan/ERAP1/assoc_by_chr/ERAP1_cand_chr13.EBPL.assoc.linear
... done.
373 phenotype values present after --pheno.
Writing linear model association results to
/home/jihwanlee/Publish/5q15_immune_dieases/result/06_transcis_scan/ERAP1/assoc_by_chr/ERAP1_cand_chr13.PCCA.assoc.linear
... done.
373 phenotype values present after --pheno.
Writing linear model association results to
/home/jihwanlee/Publish/5q15_immune_dieases/result/06_transcis_scan/ERAP1/assoc_by_chr/ERAP1_cand_chr13.UPF3A.assoc.linear
... done.
373 phenotype values present after --pheno.
Writing linear model association results to
/home/jihwanlee/Publish/5q15_immune_dieases/result/06_transcis_scan/ERAP1/assoc_by_chr/ERAP1_cand_chr13.CKAP2.assoc.linear
... done.
373 phenotype values present after --pheno.
Writing linear model association results to
/home/jihwanlee/Publish/5q15_immune_dieases/result/06_transcis_scan/ERAP1/assoc_by_chr/ERAP1_cand_chr13.WBP4.assoc.linear
... done.

End time: Sat Dec 27 01:34:55 2025
