PLINK v1.9.0-b.7.11 64-bit (19 Aug 2025)
Options in effect:
  --allow-no-sex
  --bfile /home/jihwanlee/Publish/test3/../GenotypeData/GW.E-GEUV-3.EUR.MAF005.HWE1e-06
  --chr 5
  --covar /home/jihwanlee/Publish/test3/result/06_cross_conditional/covar/covar_plus_expr_LNPEP.tsv
  --from-bp 95752589
  --linear hide-covar
  --out /home/jihwanlee/Publish/test3/result/06_cross_conditional/assoc/ERAP2.cov_expr_LNPEP
  --pheno /home/jihwanlee/Publish/test3/../PhenotypeData/chr5_GD462.signalGeneQuantRPKM_plink.txt
  --pheno-name ERAP2
  --to-bp 96752589

Hostname: DESKTOP-KIL3KVO
Working directory: /home/jihwanlee/Publish/test3
Start time: Thu Dec 25 03:10:21 2025

Random number seed: 1766599821
11800 MB RAM detected; reserving 5900 MB for main workspace.
2704 out of 5913563 variants loaded from .bim file.
376 people (0 males, 0 females, 376 ambiguous) loaded from .fam.
Ambiguous sex IDs written to
/home/jihwanlee/Publish/test3/result/06_cross_conditional/assoc/ERAP2.cov_expr_LNPEP.nosex
.
373 phenotype values present after --pheno.
Using 1 thread (no multithreaded calculations invoked).
--covar: 11 covariates loaded.
3 people were not seen in the covariate file.
Before main variant filters, 376 founders and 0 nonfounders present.
Calculating allele frequencies... done.
Total genotyping rate is exactly 1.
2704 variants and 376 people pass filters and QC.
Phenotype data is quantitative.
Writing linear model association results to
/home/jihwanlee/Publish/test3/result/06_cross_conditional/assoc/ERAP2.cov_expr_LNPEP.assoc.linear
... done.

End time: Thu Dec 25 03:10:22 2025
