PLINK v1.9.0-b.7.11 64-bit (19 Aug 2025)
Options in effect:
  --allow-no-sex
  --bfile /home/jihwanlee/Publish/5q15_immune_dieases/../GenotypeData/GW.E-GEUV-3.EUR.MAF005.HWE1e-06
  --chr 5
  --condition-list /home/jihwanlee/Publish/5q15_immune_dieases/result/06_cross_conditional/tmp/cond_ERAP2_cond_snp_rs1065407.txt
  --covar /home/jihwanlee/Publish/5q15_immune_dieases/result/01_pca/covar_pca10.tsv
  --from-bp 95752589
  --linear hide-covar
  --out /home/jihwanlee/Publish/5q15_immune_dieases/result/06_cross_conditional/assoc/ERAP2.cond_snp_rs1065407
  --pheno /home/jihwanlee/Publish/5q15_immune_dieases/../PhenotypeData/chr5_GD462.signalGeneQuantRPKM_plink.txt
  --pheno-name ERAP2
  --to-bp 96752589

Hostname: DESKTOP-KIL3KVO
Working directory: /home/jihwanlee/Publish/5q15_immune_dieases
Start time: Thu Dec 25 05:38:08 2025

Random number seed: 1766608688
11800 MB RAM detected; reserving 5900 MB for main workspace.
2704 out of 5913563 variants loaded from .bim file.
376 people (0 males, 0 females, 376 ambiguous) loaded from .fam.
Ambiguous sex IDs written to
/home/jihwanlee/Publish/5q15_immune_dieases/result/06_cross_conditional/assoc/ERAP2.cond_snp_rs1065407.nosex
.
373 phenotype values present after --pheno.
Using 1 thread (no multithreaded calculations invoked).
--covar: 10 covariates loaded.
Before main variant filters, 376 founders and 0 nonfounders present.
Calculating allele frequencies... done.
Total genotyping rate is exactly 1.
2704 variants and 376 people pass filters and QC.
Phenotype data is quantitative.
--condition-list: 1 variant ID loaded from /home/jihwanlee/Publish/5q15_immune_dieases/result/06_cross_conditional/tmp/cond_ERAP2_cond_snp_rs1065407.txt.
Writing linear model association results to
/home/jihwanlee/Publish/5q15_immune_dieases/result/06_cross_conditional/assoc/ERAP2.cond_snp_rs1065407.assoc.linear
... done.

End time: Thu Dec 25 05:38:09 2025
