PLINK v1.9.0-b.7.11 64-bit (19 Aug 2025)           cog-genomics.org/plink/1.9/
(C) 2005-2025 Shaun Purcell, Christopher Chang   GNU General Public License v3
Logging to /home/jihwanlee/Publish/5q15_immune_dieases/result/07_crossconditional/assoc/ERAP2_cond_on_ERAP1expr.log.
Options in effect:
  --allow-no-sex
  --bfile /home/jihwanlee/Publish/5q15_immune_dieases/../GenotypeData/GW.E-GEUV-3.EUR.MAF005.HWE1e-06
  --chr 5
  --covar /home/jihwanlee/Publish/5q15_immune_dieases/result/07_crossconditional/tmp/covar_plus_ERAP1.tsv
  --covar-name C1 C2 C3 C4 C5 C6 C7 C8 C9 C10 ERAP1
  --from-bp 95612083
  --linear hide-covar
  --out /home/jihwanlee/Publish/5q15_immune_dieases/result/07_crossconditional/assoc/ERAP2_cond_on_ERAP1expr
  --pheno /home/jihwanlee/Publish/5q15_immune_dieases/../PhenotypeData/chr5_GD462.signalGeneQuantRPKM_plink.txt
  --pheno-name ERAP2
  --to-bp 96612083

11800 MB RAM detected; reserving 5900 MB for main workspace.
2454 out of 5913563 variants loaded from .bim file.
376 people (0 males, 0 females, 376 ambiguous) loaded from .fam.
Ambiguous sex IDs written to
/home/jihwanlee/Publish/5q15_immune_dieases/result/07_crossconditional/assoc/ERAP2_cond_on_ERAP1expr.nosex
.
373 phenotype values present after --pheno.
Using 1 thread (no multithreaded calculations invoked).
Error: Missing --covar-name token in --covar file header line.
